2025-11-11 10:49:03,082 [INFO] Activator:176 - 


2025-11-11 10:49:03,097 [INFO] Activator:177 - !SESSION log4j initialized
2025-11-11 10:49:17,242 [INFO] LogOutputStream:77 - [STDOUT_REDIRECT] 
2025-11-11 10:49:19,787 [INFO] ApplicationProperties:184 - Using Application install path: /opt/st/stm32cubeide_1.18.0/plugins/com.st.stm32cube.common.mx_6.14.0.202502271554
2025-11-11 10:49:19,822 [INFO] DbMcusXml:78 - Set database path to: /opt/st/stm32cubeide_1.18.0/plugins/com.st.stm32cube.common.mx_6.14.0.202502271554//db//mcu/
2025-11-11 10:49:19,822 [INFO] ApiDb:274 - Set plugin database path to: /opt/st/stm32cubeide_1.18.0/plugins/com.st.stm32cube.common.mx_6.14.0.202502271554//db//plugins/boardmanager/
2025-11-11 10:49:19,824 [WARN] ApiDb:259 - Overriding images path with different value:  => /opt/st/stm32cubeide_1.18.0/plugins/com.st.stm32cube.common.mx_6.14.0.202502271554//db//plugins/mcufinder/images/
2025-11-11 10:49:19,846 [INFO] ApiDb:250 - Set database path to: /home/lenovo/.stmcufinder/plugins/mcufinder//mcu/
2025-11-11 10:49:19,850 [INFO] DbMcusAds:125 - Set database path to: /home/lenovo/.stmcufinder/plugins/mcufinder//mcu/
2025-11-11 10:49:19,865 [INFO] CrossReferenceDbSqlite:203 - Set database path to: /home/lenovo/.stmcufinder/plugins/mcufinder//mcu/cs/
2025-11-11 10:49:20,333 [INFO] RulesReader:64 - Compatibility file has been processed (301 Rules)
2025-11-11 10:49:20,570 [INFO] DbMcusXml:78 - Set database path to: /opt/st/stm32cubeide_1.18.0/plugins/com.st.stm32cube.common.mx_6.14.0.202502271554//db//mcu/
2025-11-11 10:49:20,571 [INFO] ApiDb:274 - Set plugin database path to: /opt/st/stm32cubeide_1.18.0/plugins/com.st.stm32cube.common.mx_6.14.0.202502271554//db//plugins/boardmanager/
2025-11-11 10:49:20,571 [INFO] ApiDb:261 - Set plugin images path to: /opt/st/stm32cubeide_1.18.0/plugins/com.st.stm32cube.common.mx_6.14.0.202502271554//db//plugins/mcufinder/images/
2025-11-11 10:49:20,572 [WARN] DbFile:41 - Overriding database path with different value: /home/lenovo/.stmcufinder/plugins/mcufinder/ => /home/lenovo/.stmcufinder/plugins/mcufinder
2025-11-11 10:49:20,572 [INFO] ApiDb:250 - Set database path to: /home/lenovo/.stmcufinder/plugins/mcufinder//mcu/
2025-11-11 10:49:20,573 [WARN] DbFile:41 - Overriding database path with different value: /home/lenovo/.stmcufinder/plugins/mcufinder/ => /home/lenovo/.stmcufinder/plugins/mcufinder
2025-11-11 10:49:20,573 [INFO] DbMcusAds:125 - Set database path to: /home/lenovo/.stmcufinder/plugins/mcufinder//mcu/
2025-11-11 10:49:20,573 [WARN] DbFile:41 - Overriding database path with different value: /home/lenovo/.stmcufinder/plugins/mcufinder/ => /home/lenovo/.stmcufinder/plugins/mcufinder
2025-11-11 10:49:20,574 [WARN] DbFile:41 - Overriding database path with different value: /home/lenovo/.stmcufinder/plugins/mcufinder/ => /home/lenovo/.stmcufinder/plugins/mcufinder
2025-11-11 10:49:20,574 [INFO] CrossReferenceDbSqlite:203 - Set database path to: /home/lenovo/.stmcufinder/plugins/mcufinder//mcu/cs/
2025-11-11 10:49:20,777 [INFO] MainPanel:272 - HeapMemory: 268435456
2025-11-11 10:49:21,196 [INFO] DbMcusXml:78 - Set database path to: /opt/st/stm32cubeide_1.18.0/plugins/com.st.stm32cube.common.mx_6.14.0.202502271554//db//mcu/
2025-11-11 10:49:21,197 [INFO] ApiDb:274 - Set plugin database path to: /opt/st/stm32cubeide_1.18.0/plugins/com.st.stm32cube.common.mx_6.14.0.202502271554//db//plugins/boardmanager/
2025-11-11 10:49:21,197 [INFO] ApiDb:261 - Set plugin images path to: /opt/st/stm32cubeide_1.18.0/plugins/com.st.stm32cube.common.mx_6.14.0.202502271554//db//plugins/mcufinder/images/
2025-11-11 10:49:21,198 [WARN] DbFile:41 - Overriding database path with different value: /home/lenovo/.stmcufinder/plugins/mcufinder/ => /home/lenovo/.stmcufinder/plugins/mcufinder
2025-11-11 10:49:21,198 [INFO] ApiDb:250 - Set database path to: /home/lenovo/.stmcufinder/plugins/mcufinder//mcu/
2025-11-11 10:49:21,198 [WARN] DbFile:41 - Overriding database path with different value: /home/lenovo/.stmcufinder/plugins/mcufinder/ => /home/lenovo/.stmcufinder/plugins/mcufinder
2025-11-11 10:49:21,199 [INFO] DbMcusAds:125 - Set database path to: /home/lenovo/.stmcufinder/plugins/mcufinder//mcu/
2025-11-11 10:49:21,199 [WARN] DbFile:41 - Overriding database path with different value: /home/lenovo/.stmcufinder/plugins/mcufinder/ => /home/lenovo/.stmcufinder/plugins/mcufinder
2025-11-11 10:49:21,199 [WARN] DbFile:41 - Overriding database path with different value: /home/lenovo/.stmcufinder/plugins/mcufinder/ => /home/lenovo/.stmcufinder/plugins/mcufinder
2025-11-11 10:49:21,200 [INFO] CrossReferenceDbSqlite:203 - Set database path to: /home/lenovo/.stmcufinder/plugins/mcufinder//mcu/cs/
2025-11-11 10:49:21,231 [INFO] ApplicationProperties:184 - Using Application install path: /opt/st/stm32cubeide_1.18.0/plugins/com.st.stm32cube.common.mx_6.14.0.202502271554
2025-11-11 10:49:21,234 [INFO] PluginManage:196 - Search for loadable plugins [exclusion list=, ]
2025-11-11 10:49:21,246 [INFO] PluginManage:310 - Check plugin analytics
2025-11-11 10:49:21,823 [INFO] AnalyticsPlugin:253 - Accepted Software Licenses: STM32CubeMX.6.14.0,STM32CubeMX.6.4.0
2025-11-11 10:49:21,823 [INFO] AnalyticsPlugin:255 - Accepted CMSIS Pack Licenses: 
2025-11-11 10:49:21,824 [INFO] AnalyticsPlugin:257 - Accepted Firmware Licenses: 
2025-11-11 10:49:21,829 [INFO] PluginManage:359 - Loaded plugin analytics (category:tool,tabindex:-1)
2025-11-11 10:49:21,831 [INFO] PluginManage:310 - Check plugin cadmodel
2025-11-11 10:49:21,842 [INFO] CADModel:105 - Init CAD model plugin
2025-11-11 10:49:21,843 [INFO] PluginManage:359 - Loaded plugin cadmodel (category:power,tabindex:5)
2025-11-11 10:49:21,843 [INFO] PluginManage:310 - Check plugin clock
2025-11-11 10:49:21,865 [INFO] PluginManage:359 - Loaded plugin clock (category:base,tabindex:2)
2025-11-11 10:49:21,865 [INFO] PluginManage:310 - Check plugin ddr
2025-11-11 10:49:21,875 [INFO] PluginManage:359 - Loaded plugin ddr (category:tool,tabindex:6)
2025-11-11 10:49:21,876 [INFO] PluginManage:310 - Check plugin filemanager
2025-11-11 10:49:22,279 [INFO] PluginManage:359 - Loaded plugin filemanager (category:base,tabindex:10)
2025-11-11 10:49:22,280 [INFO] PluginManage:310 - Check plugin ipmanager
2025-11-11 10:49:22,294 [INFO] PluginManage:359 - Loaded plugin ipmanager (category:base,tabindex:5)
2025-11-11 10:49:22,294 [INFO] PluginManage:310 - Check plugin lpbam
2025-11-11 10:49:22,311 [INFO] PluginManage:359 - Loaded plugin lpbam (category:base,tabindex:0)
2025-11-11 10:49:22,313 [INFO] PluginManage:310 - Check plugin memorymap
2025-11-11 10:49:22,332 [INFO] PluginManage:359 - Loaded plugin memorymap (category:base,tabindex:4)
2025-11-11 10:49:22,333 [INFO] PluginManage:310 - Check plugin pinoutandconfiguration
2025-11-11 10:49:22,347 [INFO] PluginManage:359 - Loaded plugin pinoutandconfiguration (category:base,tabindex:1)
2025-11-11 10:49:22,347 [INFO] PluginManage:310 - Check plugin pinoutconfig
2025-11-11 10:49:22,663 [WARN] SupportedApi:132 - Cannot load RTOS API schema: s4s-elt-must-match.1: The content of 'definitions' must match (annotation?, (simpleType | complexType)?, (unique | key | keyref)*)). A problem was found starting at: attribute.
2025-11-11 10:49:23,044 [INFO] PluginManage:359 - Loaded plugin pinoutconfig (category:base,tabindex:0)
2025-11-11 10:49:23,045 [INFO] PluginManage:310 - Check plugin power
2025-11-11 10:49:23,074 [INFO] PluginManage:359 - Loaded plugin power (category:power,tabindex:4)
2025-11-11 10:49:23,075 [INFO] PluginManage:310 - Check plugin projectmanager
2025-11-11 10:49:23,112 [INFO] PluginManage:359 - Loaded plugin projectmanager (category:projectmanager,tabindex:4)
2025-11-11 10:49:23,112 [INFO] PluginManage:310 - Check plugin rif
2025-11-11 10:49:23,126 [INFO] PluginManage:359 - Loaded plugin rif (category:base,tabindex:3)
2025-11-11 10:49:23,126 [INFO] PluginManage:310 - Check plugin thirdparty
2025-11-11 10:49:23,423 [INFO] PluginManage:359 - Loaded plugin thirdparty (category:base,tabindex:-1)
2025-11-11 10:49:23,424 [INFO] PluginManage:310 - Check plugin tools
2025-11-11 10:49:23,424 [WARN] IntegrityCheckThread:84 - waiting for thirdparty lock release [integrity check]
2025-11-11 10:49:23,425 [INFO] IntegrityCheckThread:86 - entering critical section [integrity check]
2025-11-11 10:49:23,425 [INFO] ThirdPartyUpdaterWithRetryManager:70 - Updater plugin not ready yet. [1/15]
2025-11-11 10:49:23,430 [INFO] PluginManage:359 - Loaded plugin tools (category:base,tabindex:7)
2025-11-11 10:49:23,430 [INFO] PluginManage:310 - Check plugin tutovideos
2025-11-11 10:49:23,844 [INFO] PluginManage:359 - Loaded plugin tutovideos (category:base,tabindex:-1)
2025-11-11 10:49:23,844 [INFO] PluginManage:310 - Check plugin updater
2025-11-11 10:49:23,880 [INFO] PluginManage:359 - Loaded plugin updater (category:base,tabindex:12)
2025-11-11 10:49:23,880 [INFO] PluginManage:310 - Check plugin userauth
2025-11-11 10:49:23,887 [INFO] UserAuth:118 - Init User Auth plugin
2025-11-11 10:49:23,888 [INFO] PluginManage:359 - Loaded plugin userauth (category:base,tabindex:14)
2025-11-11 10:49:23,889 [INFO] PluginManage:283 - PluginManage : Loaded plugins [18]
2025-11-11 10:49:24,377 [INFO] PinOutPanel:1589 - setPackage(No Configuration,No Configuration)
2025-11-11 10:49:24,608 [INFO] CADModel:165 - CPN selected for project level
2025-11-11 10:49:24,609 [INFO] CADModel:114 - Register for checkConnection events
2025-11-11 10:49:24,631 [INFO] IPUIPlugin:80 - create IPUIPlugin
2025-11-11 10:49:24,632 [INFO] PluginManager:220 - loadIPPluginJar : add dma3
2025-11-11 10:49:24,640 [INFO] IPUIPlugin:80 - create IPUIPlugin
2025-11-11 10:49:24,640 [INFO] PluginManager:220 - loadIPPluginJar : add gpio
2025-11-11 10:49:24,642 [INFO] IPUIPlugin:80 - create IPUIPlugin
2025-11-11 10:49:24,642 [INFO] PluginManager:220 - loadIPPluginJar : add quadspi
2025-11-11 10:49:24,658 [INFO] IPUIPlugin:80 - create IPUIPlugin
2025-11-11 10:49:24,658 [INFO] PluginManager:220 - loadIPPluginJar : add stm32_wpan
2025-11-11 10:49:24,661 [INFO] IPUIPlugin:80 - create IPUIPlugin
2025-11-11 10:49:24,661 [INFO] PluginManager:220 - loadIPPluginJar : add radio
2025-11-11 10:49:24,665 [INFO] IPUIPlugin:80 - create IPUIPlugin
2025-11-11 10:49:24,665 [INFO] PluginManager:220 - loadIPPluginJar : add i3c
2025-11-11 10:49:24,669 [INFO] IPUIPlugin:80 - create IPUIPlugin
2025-11-11 10:49:24,670 [INFO] PluginManager:220 - loadIPPluginJar : add touchsensing
2025-11-11 10:49:24,673 [INFO] IPUIPlugin:80 - create IPUIPlugin
2025-11-11 10:49:24,673 [INFO] PluginManager:220 - loadIPPluginJar : add aes
2025-11-11 10:49:24,676 [INFO] IPUIPlugin:80 - create IPUIPlugin
2025-11-11 10:49:24,676 [INFO] PluginManager:220 - loadIPPluginJar : add ucpd
2025-11-11 10:49:24,684 [INFO] IPUIPlugin:80 - create IPUIPlugin
2025-11-11 10:49:24,685 [INFO] PluginManager:220 - loadIPPluginJar : add gic
2025-11-11 10:49:24,693 [INFO] IPUIPlugin:80 - create IPUIPlugin
2025-11-11 10:49:24,693 [INFO] PluginManager:220 - loadIPPluginJar : add adc
2025-11-11 10:49:24,697 [INFO] IPUIPlugin:80 - create IPUIPlugin
2025-11-11 10:49:24,697 [INFO] PluginManager:220 - loadIPPluginJar : add pdm2pcm
2025-11-11 10:49:24,702 [INFO] IPUIPlugin:80 - create IPUIPlugin
2025-11-11 10:49:24,702 [INFO] PluginManager:220 - loadIPPluginJar : add openamp
2025-11-11 10:49:24,704 [INFO] IPUIPlugin:80 - create IPUIPlugin
2025-11-11 10:49:24,704 [INFO] PluginManager:220 - loadIPPluginJar : add ltdc
2025-11-11 10:49:24,709 [INFO] IPUIPlugin:80 - create IPUIPlugin
2025-11-11 10:49:24,710 [INFO] PluginManager:220 - loadIPPluginJar : add fmc
2025-11-11 10:49:24,713 [INFO] IPUIPlugin:80 - create IPUIPlugin
2025-11-11 10:49:24,713 [INFO] PluginManager:220 - loadIPPluginJar : add tracer_emb
2025-11-11 10:49:24,716 [INFO] IPUIPlugin:80 - create IPUIPlugin
2025-11-11 10:49:24,717 [INFO] PluginManager:220 - loadIPPluginJar : add spi
2025-11-11 10:49:24,722 [INFO] IPUIPlugin:80 - create IPUIPlugin
2025-11-11 10:49:24,723 [INFO] PluginManager:220 - loadIPPluginJar : add nvic
2025-11-11 10:49:24,724 [INFO] IPUIPlugin:80 - create IPUIPlugin
2025-11-11 10:49:24,725 [INFO] PluginManager:220 - loadIPPluginJar : add genericplugin
2025-11-11 10:49:24,727 [INFO] IPUIPlugin:80 - create IPUIPlugin
2025-11-11 10:49:24,727 [INFO] PluginManager:220 - loadIPPluginJar : add comp
2025-11-11 10:49:24,729 [INFO] IPUIPlugin:80 - create IPUIPlugin
2025-11-11 10:49:24,730 [INFO] PluginManager:220 - loadIPPluginJar : add hash
2025-11-11 10:49:24,738 [INFO] IPUIPlugin:80 - create IPUIPlugin
2025-11-11 10:49:24,738 [INFO] PluginManager:220 - loadIPPluginJar : add mdma
2025-11-11 10:49:24,742 [INFO] IPUIPlugin:80 - create IPUIPlugin
2025-11-11 10:49:24,742 [INFO] PluginManager:220 - loadIPPluginJar : add usart
2025-11-11 10:49:24,745 [INFO] IPUIPlugin:80 - create IPUIPlugin
2025-11-11 10:49:24,745 [INFO] PluginManager:220 - loadIPPluginJar : add tim
2025-11-11 10:49:24,752 [INFO] IPUIPlugin:80 - create IPUIPlugin
2025-11-11 10:49:24,753 [INFO] PluginManager:220 - loadIPPluginJar : add dma
2025-11-11 10:49:24,755 [INFO] IPUIPlugin:80 - create IPUIPlugin
2025-11-11 10:49:24,756 [INFO] PluginManager:220 - loadIPPluginJar : add gfxmmu
2025-11-11 10:49:24,762 [INFO] IPUIPlugin:80 - create IPUIPlugin
2025-11-11 10:49:24,762 [INFO] PluginManager:220 - loadIPPluginJar : add ipddr
2025-11-11 10:49:24,767 [INFO] IPUIPlugin:80 - create IPUIPlugin
2025-11-11 10:49:24,767 [INFO] PluginManager:220 - loadIPPluginJar : add extmemmanager
2025-11-11 10:49:24,771 [INFO] IPUIPlugin:80 - create IPUIPlugin
2025-11-11 10:49:24,772 [INFO] PluginManager:220 - loadIPPluginJar : add can
2025-11-11 10:49:24,777 [INFO] IPUIPlugin:80 - create IPUIPlugin
2025-11-11 10:49:24,778 [INFO] PluginManager:220 - loadIPPluginJar : add resmgrutility
2025-11-11 10:49:24,782 [INFO] IPUIPlugin:80 - create IPUIPlugin
2025-11-11 10:49:24,782 [INFO] PluginManager:220 - loadIPPluginJar : add lorawan
2025-11-11 10:49:24,794 [INFO] IPUIPlugin:80 - create IPUIPlugin
2025-11-11 10:49:24,795 [INFO] PluginManager:220 - loadIPPluginJar : add linkedlist
2025-11-11 10:49:24,803 [INFO] IPUIPlugin:80 - create IPUIPlugin
2025-11-11 10:49:24,804 [INFO] PluginManager:220 - loadIPPluginJar : add freertos
2025-11-11 10:49:24,806 [INFO] IPUIPlugin:80 - create IPUIPlugin
2025-11-11 10:49:24,806 [INFO] PluginManager:220 - loadIPPluginJar : add tsc
2025-11-11 10:49:24,810 [INFO] IPUIPlugin:80 - create IPUIPlugin
2025-11-11 10:49:24,811 [INFO] PluginManager:220 - loadIPPluginJar : add i2s
2025-11-11 10:49:24,815 [INFO] IPUIPlugin:80 - create IPUIPlugin
2025-11-11 10:49:24,816 [INFO] PluginManager:220 - loadIPPluginJar : add usbx
2025-11-11 10:49:24,820 [INFO] IPUIPlugin:80 - create IPUIPlugin
2025-11-11 10:49:24,820 [INFO] PluginManager:220 - loadIPPluginJar : add gtzc
2025-11-11 10:49:24,831 [INFO] IPUIPlugin:80 - create IPUIPlugin
2025-11-11 10:49:24,835 [INFO] PluginManager:220 - loadIPPluginJar : add plateformsettings
2025-11-11 10:49:24,838 [INFO] IPUIPlugin:80 - create IPUIPlugin
2025-11-11 10:49:24,838 [INFO] PluginManager:220 - loadIPPluginJar : add fatfs
2025-11-11 10:49:24,841 [INFO] IPUIPlugin:80 - create IPUIPlugin
2025-11-11 10:49:24,842 [INFO] PluginManager:220 - loadIPPluginJar : add cryp
2025-11-11 10:49:24,846 [INFO] IPUIPlugin:80 - create IPUIPlugin
2025-11-11 10:49:24,847 [INFO] PluginManager:220 - loadIPPluginJar : add sai
2025-11-11 10:49:24,850 [INFO] IPUIPlugin:80 - create IPUIPlugin
2025-11-11 10:49:24,851 [INFO] PluginManager:220 - loadIPPluginJar : add i2c
2025-11-11 10:49:24,855 [INFO] IPUIPlugin:80 - create IPUIPlugin
2025-11-11 10:49:24,855 [INFO] PluginManager:220 - loadIPPluginJar : add dfsdm
2025-11-11 10:49:24,859 [INFO] IPUIPlugin:80 - create IPUIPlugin
2025-11-11 10:49:24,860 [INFO] PluginManager:220 - loadIPPluginJar : add opamp
2025-11-11 10:49:24,864 [INFO] IPUIPlugin:80 - create IPUIPlugin
2025-11-11 10:49:24,865 [INFO] PluginManager:220 - loadIPPluginJar : add ddr_ctrl_phy
2025-11-11 10:49:24,867 [INFO] IPUIPlugin:80 - create IPUIPlugin
2025-11-11 10:49:24,867 [INFO] PluginManager:220 - loadIPPluginJar : add ts
2025-11-11 10:49:25,014 [FATAL] Updater:351 - Updater called before beeing initialized
2025-11-11 10:49:25,067 [INFO] RulesReader:64 - Compatibility file has been processed (301 Rules)
2025-11-11 10:49:25,091 [INFO] RulesReader:64 - Compatibility file has been processed (301 Rules)
2025-11-11 10:49:25,102 [INFO] CADModel:165 - CPN selected for project level
2025-11-11 10:49:25,102 [INFO] CADModel:114 - Register for checkConnection events
2025-11-11 10:49:25,103 [FATAL] Updater:351 - Updater called before beeing initialized
2025-11-11 10:49:25,103 [ERROR] CADModel:125 - Updater not yet initialized, retry later 
2025-11-11 10:49:25,337 [FATAL] Updater:351 - Updater called before beeing initialized
2025-11-11 10:49:25,340 [INFO] CADModel:165 - CPN selected for project level
2025-11-11 10:49:25,340 [INFO] CADModel:114 - Register for checkConnection events
2025-11-11 10:49:25,341 [FATAL] Updater:351 - Updater called before beeing initialized
2025-11-11 10:49:25,341 [ERROR] CADModel:125 - Updater not yet initialized, retry later 
2025-11-11 10:49:25,349 [FATAL] Updater:351 - Updater called before beeing initialized
2025-11-11 10:49:25,530 [FATAL] Updater:351 - Updater called before beeing initialized
2025-11-11 10:49:25,537 [INFO] DbMcusAds:53 - JSON generation date=Thu Oct 02 15:06:05 IST 2025 (1759397765645)
2025-11-11 10:49:25,537 [FATAL] Updater:351 - Updater called before beeing initialized
2025-11-11 10:49:25,630 [WARN] DetailPanel:346 - Failed to get advertising image, set to default
2025-11-11 10:49:26,110 [FATAL] Updater:351 - Updater called before beeing initialized
2025-11-11 10:49:26,112 [FATAL] Updater:351 - Updater called before beeing initialized
2025-11-11 10:49:26,112 [FATAL] Updater:351 - Updater called before beeing initialized
2025-11-11 10:49:26,112 [WARN] DetailPanel:346 - Failed to get advertising image, set to default
2025-11-11 10:49:26,113 [FATAL] Updater:351 - Updater called before beeing initialized
2025-11-11 10:49:26,178 [ERROR] Updater:1198 - MainUpdater not yet initialized. External WinMGr cannot be set.
2025-11-11 10:49:26,180 [INFO] Updater:1134 - Updater Version found : 6.14.0
2025-11-11 10:49:26,205 [INFO] ApplicationProperties:184 - Using Application install path: /opt/st/stm32cubeide_1.18.0/plugins/com.st.stm32cube.common.mx_6.14.0.202502271554
2025-11-11 10:49:26,426 [INFO] ThirdPartyUpdaterWithRetryManager:70 - Updater plugin not ready yet. [2/15]
2025-11-11 10:49:26,844 [INFO] MainUpdater:2872 - connection check result : 10
2025-11-11 10:49:26,844 [INFO] MainUpdater:3566 - Updater definition file requires update
2025-11-11 10:49:26,845 [INFO] MainUpdater:289 - Updater Check For Update Now.
2025-11-11 10:49:26,845 [INFO] MicroXplorer:498 - Change Database Version : DB.6.0.140
2025-11-11 10:49:26,855 [INFO] McuFinderGlobals:63 - Set McuFinder mode to 2 (CubeIDE integrated)
2025-11-11 10:49:26,855 [INFO] UserAuth:171 - activating auth plugin
2025-11-11 10:49:26,859 [INFO] UserAuth:486 - Internet connection configuration mode: 1
2025-11-11 10:49:26,884 [INFO] JxBrowserEngine:152 - Initiate JxBrowser Engine with user profile folder
2025-11-11 10:49:26,930 [INFO] ServerAccessManage:473 - Download File updaters.zip
2025-11-11 10:49:27,298 [INFO] FileExtend:242 - Unzip File : updaters.zip
2025-11-11 10:49:27,298 [INFO] FileExtend:257 - Standard Zip Deflate
2025-11-11 10:49:27,857 [INFO] ServerAccessManage:473 - Download File PacksControlFlags.xml
2025-11-11 10:49:28,037 [INFO] ServerAccessManage:473 - Download File cubemx.pidx
2025-11-11 10:49:29,429 [WARN] MainUpdater:1193 - Updater busy. Cannot search thirdparties
2025-11-11 10:49:29,429 [INFO] ThirdPartyUpdaterWithRetryManager:96 - Updater plugin is busy. [1/15]
2025-11-11 10:49:29,657 [INFO] WebApp:169 - Instantiating new browser for Auth
2025-11-11 10:49:31,843 [INFO] ServerAccessManage:473 - Download File Avnet-IOTCONNECT.X-CUBE-iotc-st67-sdk.pdsc
2025-11-11 10:49:32,153 [INFO] WebApp:463 - Apply proxy settings
2025-11-11 10:49:32,153 [INFO] WebApp:548 - Chromium requires no authentication
2025-11-11 10:49:32,176 [INFO] WebApp:491 - Direct internet connection detected
2025-11-11 10:49:32,246 [INFO] WebApp:894 - Register for checkConnection events
2025-11-11 10:49:32,246 [INFO] WebApp:463 - Apply proxy settings
2025-11-11 10:49:32,247 [INFO] WebApp:548 - Chromium requires no authentication
2025-11-11 10:49:32,255 [INFO] WebApp:491 - Direct internet connection detected
2025-11-11 10:49:32,311 [INFO] PopulateThirdPartyThread:66 - Ending populate Thread
2025-11-11 10:49:32,313 [INFO] ThirdParty:1030 - CMSIS Pack Vendor :Avnet-IOTCONNECT X-CUBE-iotc-st67-sdk 1.0.0
2025-11-11 10:49:32,314 [INFO] LoadServerUpdatesThread:375 - End of LoadServerUpdate Thread
2025-11-11 10:49:32,429 [WARN] MainUpdater:1193 - Updater busy. Cannot search thirdparties
2025-11-11 10:49:32,430 [INFO] ThirdPartyUpdaterWithRetryManager:96 - Updater plugin is busy. [2/15]
2025-11-11 10:49:32,494 [INFO] CheckServerUpdateThread:120 - End of CheckServer Thread
2025-11-11 10:49:32,587 [INFO] WebApp:225 - Starting web application
2025-11-11 10:49:32,587 [INFO] WebApp:593 - Web application path used /opt/st/stm32cubeide_1.18.0/plugins/com.st.stm32cube.common.mx_6.14.0.202502271554/db/plugins/mcufinder/reactClient1/index.html
2025-11-11 10:49:32,833 [INFO] WebApp:191 - Connection restablished
2025-11-11 10:49:35,783 [WARN] PackLoader:240 - Cannot read IP mode file for STMicroelectronics.FP-SNS-MOTENVWB1.1.4.0
2025-11-11 10:49:35,799 [WARN] PackLoader:240 - Cannot read IP mode file for STMicroelectronics.FP-ATR-ASTRA1.2.0.2
2025-11-11 10:49:35,813 [WARN] PackLoader:240 - Cannot read IP mode file for STMicroelectronics.X-CUBE-SMBUS.2.1.0
2025-11-11 10:49:35,830 [WARN] PackLoader:240 - Cannot read IP mode file for STMicroelectronics.X-CUBE-WB05N.1.1.0
2025-11-11 10:49:35,841 [WARN] PackLoader:240 - Cannot read IP mode file for STMicroelectronics.X-CUBE-ST60.1.0.0
2025-11-11 10:49:35,903 [WARN] PackLoader:240 - Cannot read IP mode file for STMicroelectronics.X-CUBE-AZRTOS-F7.1.1.0
2025-11-11 10:49:35,920 [ERROR] Engine:466 - /home/lenovo/.stm32cubemx/thirdparties/pdsc/STMicroelectronics.FP-SNS-MOTENV1.5.1.0.pdsc: PDSC version is not supported
2025-11-11 10:49:35,992 [WARN] PackLoader:240 - Cannot read IP mode file for Infineon.AIROC-Wi-Fi-Bluetooth-STM32.1.7.0
2025-11-11 10:49:36,117 [WARN] PackLoader:240 - Cannot read IP mode file for STMicroelectronics.X-CUBE-AZRTOS-H7.3.4.0
2025-11-11 10:49:36,161 [WARN] PackLoader:240 - Cannot read IP mode file for STMicroelectronics.X-CUBE-DISPLAY.3.0.0
2025-11-11 10:49:36,209 [WARN] PackLoader:240 - Cannot read IP mode file for STMicroelectronics.X-CUBE-NFC10.1.0.0
2025-11-11 10:49:36,248 [WARN] PackLoader:240 - Cannot read IP mode file for STMicroelectronics.X-CUBE-BLEMGR.4.0.0
2025-11-11 10:49:36,268 [WARN] PackLoader:240 - Cannot read IP mode file for STMicroelectronics.X-CUBE-ST60.1.1.0
2025-11-11 10:49:36,276 [WARN] PackLoader:240 - Cannot read IP mode file for emotas.I-CUBE-CANOPEN.1.3.0
2025-11-11 10:49:36,293 [WARN] PackLoader:240 - Cannot read IP mode file for STMicroelectronics.X-CUBE-GNSS1.7.1.0
2025-11-11 10:49:36,304 [WARN] ConditionMgr:438 - getConditionDescription Invalid condition id : Cortex-A Device cause : null
2025-11-11 10:49:36,323 [WARN] ConditionMgr:1044 - genDependencies : Invalid condition id : Cortex-A Device cause : null
2025-11-11 10:49:36,323 [WARN] ConditionMgr:1044 - genDependencies : Invalid condition id : Cortex-A Device cause : null
2025-11-11 10:49:36,323 [WARN] ConditionMgr:1044 - genDependencies : Invalid condition id : Cortex-A Device cause : null
2025-11-11 10:49:36,330 [WARN] PackLoader:240 - Cannot read IP mode file for STMicroelectronics.X-CUBE-AI.10.0.0
2025-11-11 10:49:36,339 [WARN] PackLoader:240 - Cannot read IP mode file for STMicroelectronics.FP-SNS-SMARTAG2.1.2.0
2025-11-11 10:49:36,346 [WARN] PackLoader:240 - Cannot read IP mode file for STMicroelectronics.FP-SNS-FLIGHT1.5.1.0
2025-11-11 10:49:36,469 [WARN] PackLoader:240 - Cannot read IP mode file for STMicroelectronics.X-CUBE-MEMS1.11.1.0
2025-11-11 10:49:36,765 [INFO] LogOutputStream:77 - [STDOUT_REDIRECT] 1 : Invalid condition id : UX_CORESTACK_Condition cause : null
2025-11-11 10:49:36,767 [INFO] LogOutputStream:77 - [STDOUT_REDIRECT] 1 : Invalid condition id : UX_CORESTACK_Condition cause : null
2025-11-11 10:49:36,768 [INFO] LogOutputStream:77 - [STDOUT_REDIRECT] 1 : Invalid condition id : UX_CORESTACK_Condition cause : null
2025-11-11 10:49:36,768 [INFO] LogOutputStream:77 - [STDOUT_REDIRECT] 1 : Invalid condition id : UX_CORESTACK_Condition cause : null
2025-11-11 10:49:36,769 [INFO] LogOutputStream:77 - [STDOUT_REDIRECT] 1 : Invalid condition id : UX_CORESTACK_Condition cause : null
2025-11-11 10:49:36,776 [WARN] PackLoader:240 - Cannot read IP mode file for STMicroelectronics.X-CUBE-AZRTOS-WL.2.0.0
2025-11-11 10:49:36,789 [WARN] PackLoader:240 - Cannot read IP mode file for STMicroelectronics.FP-SNS-MOTENV1.5.0.0
2025-11-11 10:49:36,798 [WARN] PackLoader:240 - Cannot read IP mode file for WES.I-CUBE-Cesium.1.3.0
2025-11-11 10:49:36,806 [WARN] PackLoader:240 - Cannot read IP mode file for STMicroelectronics.X-CUBE-BLE2.3.3.0
2025-11-11 10:49:36,823 [WARN] PackLoader:240 - Cannot read IP mode file for STMicroelectronics.X-CUBE-NFC9.1.0.0
2025-11-11 10:49:36,831 [WARN] PackLoader:240 - Cannot read IP mode file for wolfSSL.I-CUBE-wolfSSL.5.8.0
2025-11-11 10:49:36,837 [WARN] PackLoader:240 - Cannot read IP mode file for STMicroelectronics.X-CUBE-BLE1.7.1.0
2025-11-11 10:49:36,843 [WARN] PackLoader:240 - Cannot read IP mode file for wolfSSL.I-CUBE-wolfMQTT.1.19.2
2025-11-11 10:49:36,855 [WARN] PackLoader:240 - Cannot read IP mode file for STMicroelectronics.X-CUBE-EEPRMA1.5.2.0
2025-11-11 10:49:36,862 [ERROR] Engine:466 - /home/lenovo/.stm32cubemx/thirdparties/pdsc/STMicroelectronics.X-CUBE-ST67W61.1.1.0.pdsc: PDSC version is not supported
2025-11-11 10:49:36,866 [WARN] PackLoader:240 - Cannot read IP mode file for STMicroelectronics.X-CUBE-AI.10.1.0
2025-11-11 10:49:36,978 [WARN] PackLoader:240 - Cannot read IP mode file for STMicroelectronics.X-CUBE-MEMS1.11.2.0
2025-11-11 10:49:37,360 [WARN] PackLoader:240 - Cannot read IP mode file for STMicroelectronics.X-CUBE-AZRTOS-G0.1.1.0
2025-11-11 10:49:37,377 [WARN] PackLoader:240 - Cannot read IP mode file for STMicroelectronics.X-CUBE-SAFEA1.1.2.2
2025-11-11 10:49:37,387 [WARN] PackLoader:240 - Cannot read IP mode file for STMicroelectronics.X-CUBE-NFC4.3.0.0
2025-11-11 10:49:37,399 [WARN] PackLoader:240 - Cannot read IP mode file for EmbeddedOffice.I-CUBE-FS-RTOS.1.0.1
2025-11-11 10:49:37,412 [WARN] PackLoader:240 - Cannot read IP mode file for STMicroelectronics.X-CUBE-WB05N.2.0.0
2025-11-11 10:49:37,419 [WARN] PackLoader:240 - Cannot read IP mode file for wolfSSL.I-CUBE-wolfTPM.3.8.0
2025-11-11 10:49:37,428 [WARN] PackLoader:240 - Cannot read IP mode file for STMicroelectronics.X-CUBE-TCPP.4.2.0
2025-11-11 10:49:37,437 [WARN] PackLoader:240 - Cannot read IP mode file for RealThread.X-CUBE-RT-Thread_Nano.4.1.1
2025-11-11 10:49:37,441 [WARN] PackLoader:240 - Cannot read IP mode file for STMicroelectronics.FP-ATR-SIGFOX1.3.2.0
2025-11-11 10:49:37,449 [WARN] PackLoader:240 - Cannot read IP mode file for STMicroelectronics.X-CUBE-EEPRMA1.5.1.0
2025-11-11 10:49:37,455 [WARN] PackLoader:240 - Cannot read IP mode file for wolfSSL.I-CUBE-wolfSSL.5.7.6
2025-11-11 10:49:37,464 [WARN] PackLoader:240 - Cannot read IP mode file for ITTIA_DB.I-CUBE-ITTIADB.8.9.0
2025-11-11 10:49:37,471 [WARN] PackLoader:240 - Cannot read IP mode file for STMicroelectronics.X-CUBE-ST67W61.1.0.0
2025-11-11 10:49:37,515 [WARN] PackLoader:240 - Cannot read IP mode file for SEGGER.I-CUBE-embOS.1.3.1
2025-11-11 10:49:37,584 [WARN] PackLoader:240 - Cannot read IP mode file for STMicroelectronics.X-CUBE-ALGOBUILD.1.4.0
2025-11-11 10:49:37,694 [WARN] PackLoader:240 - Cannot read IP mode file for STMicroelectronics.X-CUBE-MEMS1.11.3.0
2025-11-11 10:49:37,959 [WARN] PackLoader:240 - Cannot read IP mode file for STMicroelectronics.X-CUBE-PM33A1.1.0.0
2025-11-11 10:49:37,984 [WARN] PackLoader:240 - Cannot read IP mode file for STMicroelectronics.X-CUBE-AZRTOS-F4.1.1.0
2025-11-11 10:49:37,992 [WARN] PackLoader:240 - Cannot read IP mode file for Avnet-IotConnect.X-CUBE-IoTC-DA16k-PMOD.1.0.0
2025-11-11 10:49:37,996 [WARN] PackLoader:240 - Cannot read IP mode file for STMicroelectronics.X-CUBE-ISPU.2.1.0
2025-11-11 10:49:38,004 [ERROR] Engine:466 - /home/lenovo/.stm32cubemx/thirdparties/pdsc/STMicroelectronics.X-CUBE-IPS.3.2.0.pdsc: PDSC version is not supported
2025-11-11 10:49:38,012 [WARN] PackLoader:240 - Cannot read IP mode file for STMicroelectronics.X-CUBE-NFC12.1.0.0
2025-11-11 10:49:38,036 [WARN] PackLoader:240 - Cannot read IP mode file for STMicroelectronics.X-CUBE-AZRTOS-L5.2.0.0
2025-11-11 10:49:38,053 [WARN] PackLoader:240 - Cannot read IP mode file for STMicroelectronics.X-CUBE-NFC6.3.1.0
2025-11-11 10:49:38,065 [WARN] PackLoader:240 - Cannot read IP mode file for STMicroelectronics.X-CUBE-FREERTOS.1.3.1
2025-11-11 10:49:38,071 [WARN] PackLoader:240 - Cannot read IP mode file for STMicroelectronics.X-CUBE-FREERTOS.1.3.0
2025-11-11 10:49:38,077 [WARN] PackLoader:240 - Cannot read IP mode file for STMicroelectronics.X-CUBE-NFC7.1.0.1
2025-11-11 10:49:38,083 [WARN] PackLoader:240 - Cannot read IP mode file for STMicroelectronics.X-CUBE-TOUCHGFX.4.26.0
2025-11-11 10:49:38,091 [WARN] PackLoader:240 - Cannot read IP mode file for STMicroelectronics.FP-SNS-STAIOTCFT.1.0.0
2025-11-11 10:49:38,098 [WARN] PackLoader:240 - Cannot read IP mode file for STMicroelectronics.X-CUBE-DPower.1.3.0
2025-11-11 10:49:38,124 [WARN] ConditionMgr:438 - getConditionDescription Invalid condition id : LAN8742 Phy interface Condition cause : null
2025-11-11 10:49:38,125 [WARN] PackLoader:240 - Cannot read IP mode file for STMicroelectronics.X-CUBE-AZRTOS-L4.2.0.0
2025-11-11 10:49:38,127 [WARN] ConditionMgr:1044 - genDependencies : Invalid condition id : LAN8742 Phy interface Condition cause : null
2025-11-11 10:49:38,128 [WARN] ConditionMgr:1044 - genDependencies : Invalid condition id : LAN8742 Phy interface Condition cause : null
2025-11-11 10:49:38,129 [WARN] ConditionMgr:1044 - genDependencies : Invalid condition id : LAN8742 Phy interface Condition cause : null
2025-11-11 10:49:38,137 [WARN] PackLoader:240 - Cannot read IP mode file for STMicroelectronics.X-CUBE-SFXS2LP1.4.0.0
2025-11-11 10:49:38,176 [WARN] PackLoader:240 - Cannot read IP mode file for STMicroelectronics.X-CUBE-AZRTOS-H7.3.3.0
2025-11-11 10:49:38,198 [WARN] PackLoader:240 - Cannot read IP mode file for STMicroelectronics.X-CUBE-BLEMGR.4.1.0
2025-11-11 10:49:38,226 [WARN] ConditionMgr:438 - getConditionDescription Invalid condition id : UX DEVICE CLASS RTOS Condition cause : null
2025-11-11 10:49:38,226 [WARN] ConditionMgr:438 - getConditionDescription Invalid condition id : UX DEVICE CLASS RTOS Condition cause : null
2025-11-11 10:49:38,230 [WARN] PackLoader:240 - Cannot read IP mode file for STMicroelectronics.X-CUBE-AZRTOS-WB.2.0.0
2025-11-11 10:49:38,232 [WARN] ConditionMgr:1044 - genDependencies : Invalid condition id : UX DEVICE CLASS RTOS Condition cause : null
2025-11-11 10:49:38,232 [WARN] ConditionMgr:1044 - genDependencies : Invalid condition id : UX DEVICE CLASS RTOS Condition cause : null
2025-11-11 10:49:38,233 [WARN] ConditionMgr:1044 - genDependencies : Invalid condition id : UX DEVICE CLASS RTOS Condition cause : null
2025-11-11 10:49:38,233 [WARN] ConditionMgr:1044 - genDependencies : Invalid condition id : UX DEVICE CLASS RTOS Condition cause : null
2025-11-11 10:49:38,234 [WARN] ConditionMgr:1044 - genDependencies : Invalid condition id : UX DEVICE CLASS RTOS Condition cause : null
2025-11-11 10:49:38,246 [WARN] PackLoader:240 - Cannot read IP mode file for STMicroelectronics.X-CUBE-GNSS1.7.0.1
2025-11-11 10:49:38,251 [WARN] PackLoader:240 - Cannot read IP mode file for STMicroelectronics.X-CUBE-TOUCHGFX.4.25.0
2025-11-11 10:49:38,259 [WARN] PackLoader:240 - Cannot read IP mode file for STMicroelectronics.FP-SNS-STBOX1.2.0.0
2025-11-11 10:49:38,282 [WARN] PackLoader:240 - Cannot read IP mode file for STMicroelectronics.X-CUBE-SUBG2.5.0.0
2025-11-11 10:49:38,323 [WARN] PackLoader:240 - Cannot read IP mode file for STMicroelectronics.X-CUBE-AZRTOS-H7RS.1.1.0
2025-11-11 10:49:38,330 [WARN] PackLoader:240 - Cannot read IP mode file for Cesanta.I-CUBE-Mongoose.7.13.0
2025-11-11 10:49:38,366 [WARN] PackLoader:240 - Cannot read IP mode file for STMicroelectronics.X-CUBE-AZRTOS-G4.2.0.0
2025-11-11 10:49:38,377 [WARN] PackLoader:240 - Cannot read IP mode file for wolfSSL.I-CUBE-wolfSSH.1.4.20
2025-11-11 10:49:38,391 [WARN] PackLoader:240 - Cannot read IP mode file for STMicroelectronics.X-CUBE-NFC7.2.0.0
2025-11-11 10:49:38,415 [WARN] PackLoader:240 - Cannot read IP mode file for STMicroelectronics.X-CUBE-IPS.3.1.0
2025-11-11 10:49:38,431 [WARN] PackLoader:240 - Cannot read IP mode file for STMicroelectronics.X-CUBE-ALS.1.0.2
2025-11-11 10:49:38,447 [WARN] PackLoader:240 - Cannot read IP mode file for STMicroelectronics.X-CUBE-STSE01.1.0.0
2025-11-11 10:49:38,465 [WARN] PackLoader:240 - Cannot read IP mode file for portGmbH.I-Cube-SoM-uGOAL.1.1.0
2025-11-11 10:49:38,491 [WARN] PackLoader:240 - Cannot read IP mode file for STMicroelectronics.X-CUBE-TOF1.3.4.2
2025-11-11 10:49:38,527 [WARN] PackLoader:240 - Cannot read IP mode file for STMicroelectronics.X-CUBE-TOF1.3.4.3
2025-11-11 10:49:38,549 [INFO] ThirdParty:978 - Integrity check success = true
2025-11-11 10:49:38,549 [INFO] IntegrityCheckThread:100 - exiting critical section [integrity check]
2025-11-11 10:49:38,549 [INFO] IntegrityCheckThread:103 - End integrity checks thread
2025-11-11 10:51:00,151 [INFO] LogOutputStream:77 - [STDOUT_REDIRECT] StartTraceHandler.execute(), success : Collect=true
2025-11-11 12:59:33,621 [INFO] WebApp:194 - Connection lost
2025-11-11 13:08:36,552 [INFO] WebApp:191 - Connection restablished
2025-11-11 13:08:48,553 [INFO] WebApp:194 - Connection lost
2025-11-11 13:08:49,044 [INFO] WebApp:191 - Connection restablished
2025-11-11 14:55:46,533 [ERROR] LogOutputStream:75 - [STDERR_REDIRECT] SWT SessionManagerDBus: Failed to UnregisterClient: GDBus.Error:org.freedesktop.DBus.Error.NoReply: Message recipient disconnected from message bus without replying
