2025-11-26 09:55:52,277 [INFO] Activator:176 - 


2025-11-26 09:55:52,292 [INFO] Activator:177 - !SESSION log4j initialized
2025-11-26 09:56:07,300 [INFO] LogOutputStream:77 - [STDOUT_REDIRECT] 
2025-11-26 09:56:11,055 [INFO] ApplicationProperties:184 - Using Application install path: /opt/st/stm32cubeide_1.18.0/plugins/com.st.stm32cube.common.mx_6.14.0.202502271554
2025-11-26 09:56:11,111 [INFO] DbMcusXml:78 - Set database path to: /opt/st/stm32cubeide_1.18.0/plugins/com.st.stm32cube.common.mx_6.14.0.202502271554//db//mcu/
2025-11-26 09:56:11,114 [INFO] ApiDb:274 - Set plugin database path to: /opt/st/stm32cubeide_1.18.0/plugins/com.st.stm32cube.common.mx_6.14.0.202502271554//db//plugins/boardmanager/
2025-11-26 09:56:11,115 [WARN] ApiDb:259 - Overriding images path with different value:  => /opt/st/stm32cubeide_1.18.0/plugins/com.st.stm32cube.common.mx_6.14.0.202502271554//db//plugins/mcufinder/images/
2025-11-26 09:56:11,137 [INFO] ApiDb:250 - Set database path to: /home/lenovo/.stmcufinder/plugins/mcufinder//mcu/
2025-11-26 09:56:11,156 [INFO] DbMcusAds:125 - Set database path to: /home/lenovo/.stmcufinder/plugins/mcufinder//mcu/
2025-11-26 09:56:11,165 [INFO] CrossReferenceDbSqlite:203 - Set database path to: /home/lenovo/.stmcufinder/plugins/mcufinder//mcu/cs/
2025-11-26 09:56:11,815 [INFO] RulesReader:64 - Compatibility file has been processed (301 Rules)
2025-11-26 09:56:12,163 [INFO] DbMcusXml:78 - Set database path to: /opt/st/stm32cubeide_1.18.0/plugins/com.st.stm32cube.common.mx_6.14.0.202502271554//db//mcu/
2025-11-26 09:56:12,163 [INFO] ApiDb:274 - Set plugin database path to: /opt/st/stm32cubeide_1.18.0/plugins/com.st.stm32cube.common.mx_6.14.0.202502271554//db//plugins/boardmanager/
2025-11-26 09:56:12,164 [INFO] ApiDb:261 - Set plugin images path to: /opt/st/stm32cubeide_1.18.0/plugins/com.st.stm32cube.common.mx_6.14.0.202502271554//db//plugins/mcufinder/images/
2025-11-26 09:56:12,164 [WARN] DbFile:41 - Overriding database path with different value: /home/lenovo/.stmcufinder/plugins/mcufinder/ => /home/lenovo/.stmcufinder/plugins/mcufinder
2025-11-26 09:56:12,165 [INFO] ApiDb:250 - Set database path to: /home/lenovo/.stmcufinder/plugins/mcufinder//mcu/
2025-11-26 09:56:12,165 [WARN] DbFile:41 - Overriding database path with different value: /home/lenovo/.stmcufinder/plugins/mcufinder/ => /home/lenovo/.stmcufinder/plugins/mcufinder
2025-11-26 09:56:12,165 [INFO] DbMcusAds:125 - Set database path to: /home/lenovo/.stmcufinder/plugins/mcufinder//mcu/
2025-11-26 09:56:12,167 [WARN] DbFile:41 - Overriding database path with different value: /home/lenovo/.stmcufinder/plugins/mcufinder/ => /home/lenovo/.stmcufinder/plugins/mcufinder
2025-11-26 09:56:12,167 [WARN] DbFile:41 - Overriding database path with different value: /home/lenovo/.stmcufinder/plugins/mcufinder/ => /home/lenovo/.stmcufinder/plugins/mcufinder
2025-11-26 09:56:12,167 [INFO] CrossReferenceDbSqlite:203 - Set database path to: /home/lenovo/.stmcufinder/plugins/mcufinder//mcu/cs/
2025-11-26 09:56:12,566 [INFO] MainPanel:272 - HeapMemory: 268435456
2025-11-26 09:56:13,162 [INFO] DbMcusXml:78 - Set database path to: /opt/st/stm32cubeide_1.18.0/plugins/com.st.stm32cube.common.mx_6.14.0.202502271554//db//mcu/
2025-11-26 09:56:13,163 [INFO] ApiDb:274 - Set plugin database path to: /opt/st/stm32cubeide_1.18.0/plugins/com.st.stm32cube.common.mx_6.14.0.202502271554//db//plugins/boardmanager/
2025-11-26 09:56:13,163 [INFO] ApiDb:261 - Set plugin images path to: /opt/st/stm32cubeide_1.18.0/plugins/com.st.stm32cube.common.mx_6.14.0.202502271554//db//plugins/mcufinder/images/
2025-11-26 09:56:13,164 [WARN] DbFile:41 - Overriding database path with different value: /home/lenovo/.stmcufinder/plugins/mcufinder/ => /home/lenovo/.stmcufinder/plugins/mcufinder
2025-11-26 09:56:13,164 [INFO] ApiDb:250 - Set database path to: /home/lenovo/.stmcufinder/plugins/mcufinder//mcu/
2025-11-26 09:56:13,165 [WARN] DbFile:41 - Overriding database path with different value: /home/lenovo/.stmcufinder/plugins/mcufinder/ => /home/lenovo/.stmcufinder/plugins/mcufinder
2025-11-26 09:56:13,168 [INFO] DbMcusAds:125 - Set database path to: /home/lenovo/.stmcufinder/plugins/mcufinder//mcu/
2025-11-26 09:56:13,168 [WARN] DbFile:41 - Overriding database path with different value: /home/lenovo/.stmcufinder/plugins/mcufinder/ => /home/lenovo/.stmcufinder/plugins/mcufinder
2025-11-26 09:56:13,169 [WARN] DbFile:41 - Overriding database path with different value: /home/lenovo/.stmcufinder/plugins/mcufinder/ => /home/lenovo/.stmcufinder/plugins/mcufinder
2025-11-26 09:56:13,169 [INFO] CrossReferenceDbSqlite:203 - Set database path to: /home/lenovo/.stmcufinder/plugins/mcufinder//mcu/cs/
2025-11-26 09:56:13,207 [INFO] ApplicationProperties:184 - Using Application install path: /opt/st/stm32cubeide_1.18.0/plugins/com.st.stm32cube.common.mx_6.14.0.202502271554
2025-11-26 09:56:13,211 [INFO] PluginManage:196 - Search for loadable plugins [exclusion list=, ]
2025-11-26 09:56:13,215 [INFO] PluginManage:310 - Check plugin analytics
2025-11-26 09:56:14,423 [INFO] AnalyticsPlugin:253 - Accepted Software Licenses: STM32CubeMX.6.14.0,STM32CubeMX.6.4.0
2025-11-26 09:56:14,426 [INFO] AnalyticsPlugin:255 - Accepted CMSIS Pack Licenses: 
2025-11-26 09:56:14,426 [INFO] AnalyticsPlugin:257 - Accepted Firmware Licenses: 
2025-11-26 09:56:14,437 [INFO] PluginManage:359 - Loaded plugin analytics (category:tool,tabindex:-1)
2025-11-26 09:56:14,437 [INFO] PluginManage:310 - Check plugin cadmodel
2025-11-26 09:56:14,454 [INFO] CADModel:105 - Init CAD model plugin
2025-11-26 09:56:14,455 [INFO] PluginManage:359 - Loaded plugin cadmodel (category:power,tabindex:5)
2025-11-26 09:56:14,455 [INFO] PluginManage:310 - Check plugin clock
2025-11-26 09:56:14,503 [INFO] PluginManage:359 - Loaded plugin clock (category:base,tabindex:2)
2025-11-26 09:56:14,503 [INFO] PluginManage:310 - Check plugin ddr
2025-11-26 09:56:14,516 [INFO] PluginManage:359 - Loaded plugin ddr (category:tool,tabindex:6)
2025-11-26 09:56:14,516 [INFO] PluginManage:310 - Check plugin filemanager
2025-11-26 09:56:15,076 [INFO] PluginManage:359 - Loaded plugin filemanager (category:base,tabindex:10)
2025-11-26 09:56:15,079 [INFO] PluginManage:310 - Check plugin ipmanager
2025-11-26 09:56:15,092 [INFO] PluginManage:359 - Loaded plugin ipmanager (category:base,tabindex:5)
2025-11-26 09:56:15,093 [INFO] PluginManage:310 - Check plugin lpbam
2025-11-26 09:56:15,127 [INFO] PluginManage:359 - Loaded plugin lpbam (category:base,tabindex:0)
2025-11-26 09:56:15,128 [INFO] PluginManage:310 - Check plugin memorymap
2025-11-26 09:56:15,182 [INFO] PluginManage:359 - Loaded plugin memorymap (category:base,tabindex:4)
2025-11-26 09:56:15,183 [INFO] PluginManage:310 - Check plugin pinoutandconfiguration
2025-11-26 09:56:15,209 [INFO] PluginManage:359 - Loaded plugin pinoutandconfiguration (category:base,tabindex:1)
2025-11-26 09:56:15,209 [INFO] PluginManage:310 - Check plugin pinoutconfig
2025-11-26 09:56:15,495 [WARN] SupportedApi:132 - Cannot load RTOS API schema: s4s-elt-must-match.1: The content of 'definitions' must match (annotation?, (simpleType | complexType)?, (unique | key | keyref)*)). A problem was found starting at: attribute.
2025-11-26 09:56:15,882 [INFO] PluginManage:359 - Loaded plugin pinoutconfig (category:base,tabindex:0)
2025-11-26 09:56:15,883 [INFO] PluginManage:310 - Check plugin power
2025-11-26 09:56:15,911 [INFO] PluginManage:359 - Loaded plugin power (category:power,tabindex:4)
2025-11-26 09:56:15,912 [INFO] PluginManage:310 - Check plugin projectmanager
2025-11-26 09:56:15,969 [INFO] PluginManage:359 - Loaded plugin projectmanager (category:projectmanager,tabindex:4)
2025-11-26 09:56:15,970 [INFO] PluginManage:310 - Check plugin rif
2025-11-26 09:56:15,991 [INFO] PluginManage:359 - Loaded plugin rif (category:base,tabindex:3)
2025-11-26 09:56:15,993 [INFO] PluginManage:310 - Check plugin thirdparty
2025-11-26 09:56:16,364 [WARN] IntegrityCheckThread:84 - waiting for thirdparty lock release [integrity check]
2025-11-26 09:56:16,365 [INFO] IntegrityCheckThread:86 - entering critical section [integrity check]
2025-11-26 09:56:16,367 [INFO] PluginManage:359 - Loaded plugin thirdparty (category:base,tabindex:-1)
2025-11-26 09:56:16,367 [INFO] PluginManage:310 - Check plugin tools
2025-11-26 09:56:16,372 [INFO] ThirdPartyUpdaterWithRetryManager:70 - Updater plugin not ready yet. [1/15]
2025-11-26 09:56:16,376 [INFO] PluginManage:359 - Loaded plugin tools (category:base,tabindex:7)
2025-11-26 09:56:16,376 [INFO] PluginManage:310 - Check plugin tutovideos
2025-11-26 09:56:16,748 [INFO] PluginManage:359 - Loaded plugin tutovideos (category:base,tabindex:-1)
2025-11-26 09:56:16,749 [INFO] PluginManage:310 - Check plugin updater
2025-11-26 09:56:16,847 [INFO] PluginManage:359 - Loaded plugin updater (category:base,tabindex:12)
2025-11-26 09:56:16,847 [INFO] PluginManage:310 - Check plugin userauth
2025-11-26 09:56:16,862 [INFO] UserAuth:118 - Init User Auth plugin
2025-11-26 09:56:16,866 [INFO] PluginManage:359 - Loaded plugin userauth (category:base,tabindex:14)
2025-11-26 09:56:16,867 [INFO] PluginManage:283 - PluginManage : Loaded plugins [18]
2025-11-26 09:56:17,573 [INFO] PinOutPanel:1589 - setPackage(No Configuration,No Configuration)
2025-11-26 09:56:17,800 [INFO] CADModel:165 - CPN selected for project level
2025-11-26 09:56:17,800 [INFO] CADModel:114 - Register for checkConnection events
2025-11-26 09:56:17,820 [INFO] IPUIPlugin:80 - create IPUIPlugin
2025-11-26 09:56:17,820 [INFO] PluginManager:220 - loadIPPluginJar : add dma3
2025-11-26 09:56:17,832 [INFO] IPUIPlugin:80 - create IPUIPlugin
2025-11-26 09:56:17,832 [INFO] PluginManager:220 - loadIPPluginJar : add gpio
2025-11-26 09:56:17,834 [INFO] IPUIPlugin:80 - create IPUIPlugin
2025-11-26 09:56:17,834 [INFO] PluginManager:220 - loadIPPluginJar : add quadspi
2025-11-26 09:56:17,854 [INFO] IPUIPlugin:80 - create IPUIPlugin
2025-11-26 09:56:17,854 [INFO] PluginManager:220 - loadIPPluginJar : add stm32_wpan
2025-11-26 09:56:17,856 [INFO] IPUIPlugin:80 - create IPUIPlugin
2025-11-26 09:56:17,857 [INFO] PluginManager:220 - loadIPPluginJar : add radio
2025-11-26 09:56:17,865 [INFO] IPUIPlugin:80 - create IPUIPlugin
2025-11-26 09:56:17,866 [INFO] PluginManager:220 - loadIPPluginJar : add i3c
2025-11-26 09:56:17,870 [INFO] IPUIPlugin:80 - create IPUIPlugin
2025-11-26 09:56:17,870 [INFO] PluginManager:220 - loadIPPluginJar : add touchsensing
2025-11-26 09:56:17,873 [INFO] IPUIPlugin:80 - create IPUIPlugin
2025-11-26 09:56:17,874 [INFO] PluginManager:220 - loadIPPluginJar : add aes
2025-11-26 09:56:17,879 [INFO] IPUIPlugin:80 - create IPUIPlugin
2025-11-26 09:56:17,880 [INFO] PluginManager:220 - loadIPPluginJar : add ucpd
2025-11-26 09:56:17,887 [INFO] IPUIPlugin:80 - create IPUIPlugin
2025-11-26 09:56:17,887 [INFO] PluginManager:220 - loadIPPluginJar : add gic
2025-11-26 09:56:17,898 [INFO] IPUIPlugin:80 - create IPUIPlugin
2025-11-26 09:56:17,899 [INFO] PluginManager:220 - loadIPPluginJar : add adc
2025-11-26 09:56:17,901 [INFO] IPUIPlugin:80 - create IPUIPlugin
2025-11-26 09:56:17,902 [INFO] PluginManager:220 - loadIPPluginJar : add pdm2pcm
2025-11-26 09:56:17,905 [INFO] IPUIPlugin:80 - create IPUIPlugin
2025-11-26 09:56:17,905 [INFO] PluginManager:220 - loadIPPluginJar : add openamp
2025-11-26 09:56:17,907 [INFO] IPUIPlugin:80 - create IPUIPlugin
2025-11-26 09:56:17,908 [INFO] PluginManager:220 - loadIPPluginJar : add ltdc
2025-11-26 09:56:17,917 [INFO] IPUIPlugin:80 - create IPUIPlugin
2025-11-26 09:56:17,917 [INFO] PluginManager:220 - loadIPPluginJar : add fmc
2025-11-26 09:56:17,920 [INFO] IPUIPlugin:80 - create IPUIPlugin
2025-11-26 09:56:17,920 [INFO] PluginManager:220 - loadIPPluginJar : add tracer_emb
2025-11-26 09:56:17,922 [INFO] IPUIPlugin:80 - create IPUIPlugin
2025-11-26 09:56:17,922 [INFO] PluginManager:220 - loadIPPluginJar : add spi
2025-11-26 09:56:17,931 [INFO] IPUIPlugin:80 - create IPUIPlugin
2025-11-26 09:56:17,931 [INFO] PluginManager:220 - loadIPPluginJar : add nvic
2025-11-26 09:56:17,935 [INFO] IPUIPlugin:80 - create IPUIPlugin
2025-11-26 09:56:17,935 [INFO] PluginManager:220 - loadIPPluginJar : add genericplugin
2025-11-26 09:56:17,938 [INFO] IPUIPlugin:80 - create IPUIPlugin
2025-11-26 09:56:17,938 [INFO] PluginManager:220 - loadIPPluginJar : add comp
2025-11-26 09:56:17,942 [INFO] IPUIPlugin:80 - create IPUIPlugin
2025-11-26 09:56:17,943 [INFO] PluginManager:220 - loadIPPluginJar : add hash
2025-11-26 09:56:17,953 [INFO] IPUIPlugin:80 - create IPUIPlugin
2025-11-26 09:56:17,953 [INFO] PluginManager:220 - loadIPPluginJar : add mdma
2025-11-26 09:56:17,957 [INFO] IPUIPlugin:80 - create IPUIPlugin
2025-11-26 09:56:17,957 [INFO] PluginManager:220 - loadIPPluginJar : add usart
2025-11-26 09:56:17,964 [INFO] IPUIPlugin:80 - create IPUIPlugin
2025-11-26 09:56:17,965 [INFO] PluginManager:220 - loadIPPluginJar : add tim
2025-11-26 09:56:17,975 [INFO] IPUIPlugin:80 - create IPUIPlugin
2025-11-26 09:56:17,976 [INFO] PluginManager:220 - loadIPPluginJar : add dma
2025-11-26 09:56:17,983 [INFO] IPUIPlugin:80 - create IPUIPlugin
2025-11-26 09:56:17,983 [INFO] PluginManager:220 - loadIPPluginJar : add gfxmmu
2025-11-26 09:56:17,988 [INFO] IPUIPlugin:80 - create IPUIPlugin
2025-11-26 09:56:17,988 [INFO] PluginManager:220 - loadIPPluginJar : add ipddr
2025-11-26 09:56:17,993 [INFO] IPUIPlugin:80 - create IPUIPlugin
2025-11-26 09:56:17,994 [INFO] PluginManager:220 - loadIPPluginJar : add extmemmanager
2025-11-26 09:56:18,001 [INFO] IPUIPlugin:80 - create IPUIPlugin
2025-11-26 09:56:18,002 [INFO] PluginManager:220 - loadIPPluginJar : add can
2025-11-26 09:56:18,008 [INFO] IPUIPlugin:80 - create IPUIPlugin
2025-11-26 09:56:18,009 [INFO] PluginManager:220 - loadIPPluginJar : add resmgrutility
2025-11-26 09:56:18,016 [INFO] IPUIPlugin:80 - create IPUIPlugin
2025-11-26 09:56:18,016 [INFO] PluginManager:220 - loadIPPluginJar : add lorawan
2025-11-26 09:56:18,031 [INFO] IPUIPlugin:80 - create IPUIPlugin
2025-11-26 09:56:18,031 [INFO] PluginManager:220 - loadIPPluginJar : add linkedlist
2025-11-26 09:56:18,045 [INFO] IPUIPlugin:80 - create IPUIPlugin
2025-11-26 09:56:18,045 [INFO] PluginManager:220 - loadIPPluginJar : add freertos
2025-11-26 09:56:18,053 [INFO] IPUIPlugin:80 - create IPUIPlugin
2025-11-26 09:56:18,053 [INFO] PluginManager:220 - loadIPPluginJar : add tsc
2025-11-26 09:56:18,057 [INFO] IPUIPlugin:80 - create IPUIPlugin
2025-11-26 09:56:18,061 [INFO] PluginManager:220 - loadIPPluginJar : add i2s
2025-11-26 09:56:18,068 [INFO] IPUIPlugin:80 - create IPUIPlugin
2025-11-26 09:56:18,069 [INFO] PluginManager:220 - loadIPPluginJar : add usbx
2025-11-26 09:56:18,073 [INFO] IPUIPlugin:80 - create IPUIPlugin
2025-11-26 09:56:18,073 [INFO] PluginManager:220 - loadIPPluginJar : add gtzc
2025-11-26 09:56:18,091 [INFO] IPUIPlugin:80 - create IPUIPlugin
2025-11-26 09:56:18,101 [INFO] PluginManager:220 - loadIPPluginJar : add plateformsettings
2025-11-26 09:56:18,103 [INFO] IPUIPlugin:80 - create IPUIPlugin
2025-11-26 09:56:18,103 [INFO] PluginManager:220 - loadIPPluginJar : add fatfs
2025-11-26 09:56:18,106 [INFO] IPUIPlugin:80 - create IPUIPlugin
2025-11-26 09:56:18,107 [INFO] PluginManager:220 - loadIPPluginJar : add cryp
2025-11-26 09:56:18,118 [INFO] IPUIPlugin:80 - create IPUIPlugin
2025-11-26 09:56:18,118 [INFO] PluginManager:220 - loadIPPluginJar : add sai
2025-11-26 09:56:18,122 [INFO] IPUIPlugin:80 - create IPUIPlugin
2025-11-26 09:56:18,122 [INFO] PluginManager:220 - loadIPPluginJar : add i2c
2025-11-26 09:56:18,133 [INFO] IPUIPlugin:80 - create IPUIPlugin
2025-11-26 09:56:18,133 [INFO] PluginManager:220 - loadIPPluginJar : add dfsdm
2025-11-26 09:56:18,137 [INFO] IPUIPlugin:80 - create IPUIPlugin
2025-11-26 09:56:18,138 [INFO] PluginManager:220 - loadIPPluginJar : add opamp
2025-11-26 09:56:18,144 [INFO] IPUIPlugin:80 - create IPUIPlugin
2025-11-26 09:56:18,146 [INFO] PluginManager:220 - loadIPPluginJar : add ddr_ctrl_phy
2025-11-26 09:56:18,152 [INFO] IPUIPlugin:80 - create IPUIPlugin
2025-11-26 09:56:18,152 [INFO] PluginManager:220 - loadIPPluginJar : add ts
2025-11-26 09:56:18,347 [FATAL] Updater:351 - Updater called before beeing initialized
2025-11-26 09:56:18,432 [INFO] RulesReader:64 - Compatibility file has been processed (301 Rules)
2025-11-26 09:56:18,475 [INFO] RulesReader:64 - Compatibility file has been processed (301 Rules)
2025-11-26 09:56:18,492 [INFO] CADModel:165 - CPN selected for project level
2025-11-26 09:56:18,492 [INFO] CADModel:114 - Register for checkConnection events
2025-11-26 09:56:18,493 [FATAL] Updater:351 - Updater called before beeing initialized
2025-11-26 09:56:18,493 [ERROR] CADModel:125 - Updater not yet initialized, retry later 
2025-11-26 09:56:18,853 [FATAL] Updater:351 - Updater called before beeing initialized
2025-11-26 09:56:18,855 [INFO] CADModel:165 - CPN selected for project level
2025-11-26 09:56:18,855 [INFO] CADModel:114 - Register for checkConnection events
2025-11-26 09:56:18,855 [FATAL] Updater:351 - Updater called before beeing initialized
2025-11-26 09:56:18,855 [ERROR] CADModel:125 - Updater not yet initialized, retry later 
2025-11-26 09:56:18,864 [FATAL] Updater:351 - Updater called before beeing initialized
2025-11-26 09:56:19,099 [FATAL] Updater:351 - Updater called before beeing initialized
2025-11-26 09:56:19,111 [INFO] DbMcusAds:53 - JSON generation date=Mon Nov 10 16:13:01 IST 2025 (1762771381061)
2025-11-26 09:56:19,112 [FATAL] Updater:351 - Updater called before beeing initialized
2025-11-26 09:56:19,218 [WARN] DetailPanel:346 - Failed to get advertising image, set to default
2025-11-26 09:56:19,375 [INFO] ThirdPartyUpdaterWithRetryManager:70 - Updater plugin not ready yet. [2/15]
2025-11-26 09:56:20,018 [FATAL] Updater:351 - Updater called before beeing initialized
2025-11-26 09:56:20,021 [FATAL] Updater:351 - Updater called before beeing initialized
2025-11-26 09:56:20,021 [FATAL] Updater:351 - Updater called before beeing initialized
2025-11-26 09:56:20,021 [WARN] DetailPanel:346 - Failed to get advertising image, set to default
2025-11-26 09:56:20,023 [FATAL] Updater:351 - Updater called before beeing initialized
2025-11-26 09:56:20,113 [ERROR] Updater:1198 - MainUpdater not yet initialized. External WinMGr cannot be set.
2025-11-26 09:56:20,117 [INFO] Updater:1134 - Updater Version found : 6.14.0
2025-11-26 09:56:20,150 [INFO] ApplicationProperties:184 - Using Application install path: /opt/st/stm32cubeide_1.18.0/plugins/com.st.stm32cube.common.mx_6.14.0.202502271554
2025-11-26 09:56:20,937 [INFO] MainUpdater:2872 - connection check result : 10
2025-11-26 09:56:20,938 [INFO] MainUpdater:289 - Updater Check For Update Now.
2025-11-26 09:56:20,938 [INFO] MicroXplorer:498 - Change Database Version : DB.6.0.140
2025-11-26 09:56:20,953 [INFO] McuFinderGlobals:63 - Set McuFinder mode to 2 (CubeIDE integrated)
2025-11-26 09:56:20,953 [INFO] UserAuth:171 - activating auth plugin
2025-11-26 09:56:20,961 [INFO] UserAuth:486 - Internet connection configuration mode: 1
2025-11-26 09:56:21,029 [INFO] JxBrowserEngine:152 - Initiate JxBrowser Engine with user profile folder
2025-11-26 09:56:21,445 [INFO] CheckServerUpdateThread:120 - End of CheckServer Thread
2025-11-26 09:56:23,000 [WARN] PackLoader:240 - Cannot read IP mode file for STMicroelectronics.FP-SNS-MOTENVWB1.1.4.0
2025-11-26 09:56:23,100 [WARN] PackLoader:240 - Cannot read IP mode file for STMicroelectronics.FP-ATR-ASTRA1.2.0.2
2025-11-26 09:56:23,161 [WARN] PackLoader:240 - Cannot read IP mode file for STMicroelectronics.X-CUBE-SMBUS.2.1.0
2025-11-26 09:56:23,254 [WARN] PackLoader:240 - Cannot read IP mode file for STMicroelectronics.X-CUBE-WB05N.1.1.0
2025-11-26 09:56:23,286 [WARN] PackLoader:240 - Cannot read IP mode file for STMicroelectronics.X-CUBE-ST60.1.0.0
2025-11-26 09:56:23,629 [WARN] PackLoader:240 - Cannot read IP mode file for STMicroelectronics.X-CUBE-AZRTOS-F7.1.1.0
2025-11-26 09:56:23,648 [ERROR] Engine:466 - /home/lenovo/.stm32cubemx/thirdparties/pdsc/STMicroelectronics.FP-SNS-MOTENV1.5.1.0.pdsc: PDSC version is not supported
2025-11-26 09:56:24,182 [WARN] PackLoader:240 - Cannot read IP mode file for Infineon.AIROC-Wi-Fi-Bluetooth-STM32.1.7.0
2025-11-26 09:56:24,509 [WARN] PackLoader:240 - Cannot read IP mode file for STMicroelectronics.X-CUBE-AZRTOS-H7.3.4.0
2025-11-26 09:56:24,580 [WARN] PackLoader:240 - Cannot read IP mode file for STMicroelectronics.X-CUBE-DISPLAY.3.0.0
2025-11-26 09:56:24,651 [WARN] PackLoader:240 - Cannot read IP mode file for STMicroelectronics.X-CUBE-NFC10.1.0.0
2025-11-26 09:56:24,707 [WARN] PackLoader:240 - Cannot read IP mode file for STMicroelectronics.X-CUBE-BLEMGR.4.0.0
2025-11-26 09:56:24,754 [WARN] PackLoader:240 - Cannot read IP mode file for STMicroelectronics.X-CUBE-ST60.1.1.0
2025-11-26 09:56:24,782 [WARN] PackLoader:240 - Cannot read IP mode file for emotas.I-CUBE-CANOPEN.1.3.0
2025-11-26 09:56:24,802 [WARN] PackLoader:240 - Cannot read IP mode file for STMicroelectronics.X-CUBE-GNSS1.7.1.0
2025-11-26 09:56:24,813 [INFO] WebApp:169 - Instantiating new browser for Auth
2025-11-26 09:56:24,817 [WARN] ConditionMgr:438 - getConditionDescription Invalid condition id : Cortex-A Device cause : null
2025-11-26 09:56:24,851 [WARN] ConditionMgr:1044 - genDependencies : Invalid condition id : Cortex-A Device cause : null
2025-11-26 09:56:24,851 [WARN] ConditionMgr:1044 - genDependencies : Invalid condition id : Cortex-A Device cause : null
2025-11-26 09:56:24,852 [WARN] ConditionMgr:1044 - genDependencies : Invalid condition id : Cortex-A Device cause : null
2025-11-26 09:56:24,859 [WARN] PackLoader:240 - Cannot read IP mode file for STMicroelectronics.X-CUBE-AI.10.0.0
2025-11-26 09:56:24,870 [WARN] PackLoader:240 - Cannot read IP mode file for STMicroelectronics.FP-SNS-SMARTAG2.1.2.0
2025-11-26 09:56:24,886 [WARN] PackLoader:240 - Cannot read IP mode file for STMicroelectronics.FP-SNS-FLIGHT1.5.1.0
2025-11-26 09:56:25,134 [WARN] PackLoader:240 - Cannot read IP mode file for STMicroelectronics.X-CUBE-MEMS1.11.1.0
2025-11-26 09:56:25,688 [INFO] LogOutputStream:77 - [STDOUT_REDIRECT] 1 : Invalid condition id : UX_CORESTACK_Condition cause : null
2025-11-26 09:56:25,690 [INFO] LogOutputStream:77 - [STDOUT_REDIRECT] 1 : Invalid condition id : UX_CORESTACK_Condition cause : null
2025-11-26 09:56:25,692 [INFO] LogOutputStream:77 - [STDOUT_REDIRECT] 1 : Invalid condition id : UX_CORESTACK_Condition cause : null
2025-11-26 09:56:25,695 [INFO] LogOutputStream:77 - [STDOUT_REDIRECT] 1 : Invalid condition id : UX_CORESTACK_Condition cause : null
2025-11-26 09:56:25,700 [INFO] LogOutputStream:77 - [STDOUT_REDIRECT] 1 : Invalid condition id : UX_CORESTACK_Condition cause : null
2025-11-26 09:56:25,709 [WARN] PackLoader:240 - Cannot read IP mode file for STMicroelectronics.X-CUBE-AZRTOS-WL.2.0.0
2025-11-26 09:56:25,723 [WARN] PackLoader:240 - Cannot read IP mode file for STMicroelectronics.FP-SNS-MOTENV1.5.0.0
2025-11-26 09:56:25,762 [WARN] PackLoader:240 - Cannot read IP mode file for STMicroelectronics.X-CUBE-AZRTOS-H7RS.1.2.0
2025-11-26 09:56:25,777 [WARN] PackLoader:240 - Cannot read IP mode file for WES.I-CUBE-Cesium.1.3.0
2025-11-26 09:56:25,786 [WARN] PackLoader:240 - Cannot read IP mode file for STMicroelectronics.X-CUBE-BLE2.3.3.0
2025-11-26 09:56:25,900 [WARN] PackLoader:240 - Cannot read IP mode file for STMicroelectronics.X-CUBE-NFC9.1.0.0
2025-11-26 09:56:25,935 [WARN] PackLoader:240 - Cannot read IP mode file for wolfSSL.I-CUBE-wolfSSL.5.8.0
2025-11-26 09:56:25,947 [WARN] PackLoader:240 - Cannot read IP mode file for STMicroelectronics.X-CUBE-BLE1.7.1.0
2025-11-26 09:56:25,957 [WARN] PackLoader:240 - Cannot read IP mode file for wolfSSL.I-CUBE-wolfMQTT.1.19.2
2025-11-26 09:56:25,971 [ERROR] Engine:466 - /home/lenovo/.stm32cubemx/thirdparties/pdsc/STMicroelectronics.X-CUBE-FREERTOS.1.4.0.pdsc: PDSC version is not supported
2025-11-26 09:56:25,995 [WARN] PackLoader:240 - Cannot read IP mode file for STMicroelectronics.X-CUBE-EEPRMA1.5.2.0
2025-11-26 09:56:26,018 [ERROR] Engine:466 - /home/lenovo/.stm32cubemx/thirdparties/pdsc/STMicroelectronics.X-CUBE-ST67W61.1.1.0.pdsc: PDSC version is not supported
2025-11-26 09:56:26,033 [WARN] PackLoader:240 - Cannot read IP mode file for STMicroelectronics.X-CUBE-AI.10.1.0
2025-11-26 09:56:26,411 [WARN] PackLoader:240 - Cannot read IP mode file for STMicroelectronics.X-CUBE-MEMS1.12.0.0
2025-11-26 09:56:27,114 [WARN] PackLoader:240 - Cannot read IP mode file for STMicroelectronics.X-CUBE-MEMS1.11.2.0
2025-11-26 09:56:27,498 [WARN] PackLoader:240 - Cannot read IP mode file for STMicroelectronics.X-CUBE-AZRTOS-G0.1.1.0
2025-11-26 09:56:27,531 [WARN] PackLoader:240 - Cannot read IP mode file for STMicroelectronics.X-CUBE-SAFEA1.1.2.2
2025-11-26 09:56:27,572 [WARN] PackLoader:240 - Cannot read IP mode file for STMicroelectronics.X-CUBE-NFC4.3.0.0
2025-11-26 09:56:27,651 [WARN] PackLoader:240 - Cannot read IP mode file for EmbeddedOffice.I-CUBE-FS-RTOS.1.0.1
2025-11-26 09:56:27,694 [WARN] PackLoader:240 - Cannot read IP mode file for STMicroelectronics.X-CUBE-WB05N.2.0.0
2025-11-26 09:56:27,737 [WARN] PackLoader:240 - Cannot read IP mode file for wolfSSL.I-CUBE-wolfTPM.3.8.0
2025-11-26 09:56:27,769 [WARN] PackLoader:240 - Cannot read IP mode file for STMicroelectronics.X-CUBE-TCPP.4.2.0
2025-11-26 09:56:27,791 [WARN] PackLoader:240 - Cannot read IP mode file for RealThread.X-CUBE-RT-Thread_Nano.4.1.1
2025-11-26 09:56:27,816 [WARN] PackLoader:240 - Cannot read IP mode file for STMicroelectronics.FP-ATR-SIGFOX1.3.2.0
2025-11-26 09:56:27,836 [WARN] PackLoader:240 - Cannot read IP mode file for STMicroelectronics.X-CUBE-EEPRMA1.5.1.0
2025-11-26 09:56:27,851 [WARN] PackLoader:240 - Cannot read IP mode file for wolfSSL.I-CUBE-wolfSSL.5.7.6
2025-11-26 09:56:27,874 [WARN] PackLoader:240 - Cannot read IP mode file for ITTIA_DB.I-CUBE-ITTIADB.8.9.0
2025-11-26 09:56:27,896 [WARN] PackLoader:240 - Cannot read IP mode file for STMicroelectronics.X-CUBE-ST67W61.1.0.0
2025-11-26 09:56:27,991 [WARN] PackLoader:240 - Cannot read IP mode file for SEGGER.I-CUBE-embOS.1.3.1
2025-11-26 09:56:28,151 [WARN] PackLoader:240 - Cannot read IP mode file for STMicroelectronics.X-CUBE-ALGOBUILD.1.4.0
2025-11-26 09:56:28,311 [WARN] PackLoader:240 - Cannot read IP mode file for STMicroelectronics.X-CUBE-MEMS1.11.3.0
2025-11-26 09:56:28,806 [WARN] PackLoader:240 - Cannot read IP mode file for STMicroelectronics.X-CUBE-PM33A1.1.0.0
2025-11-26 09:56:28,869 [WARN] PackLoader:240 - Cannot read IP mode file for STMicroelectronics.X-CUBE-AZRTOS-F4.1.1.0
2025-11-26 09:56:28,880 [WARN] PackLoader:240 - Cannot read IP mode file for Avnet-IotConnect.X-CUBE-IoTC-DA16k-PMOD.1.0.0
2025-11-26 09:56:28,895 [WARN] PackLoader:240 - Cannot read IP mode file for STMicroelectronics.X-CUBE-ISPU.2.1.0
2025-11-26 09:56:28,910 [ERROR] Engine:466 - /home/lenovo/.stm32cubemx/thirdparties/pdsc/STMicroelectronics.X-CUBE-IPS.3.2.0.pdsc: PDSC version is not supported
2025-11-26 09:56:28,928 [WARN] PackLoader:240 - Cannot read IP mode file for STMicroelectronics.X-CUBE-NFC12.1.0.0
2025-11-26 09:56:28,975 [WARN] PackLoader:240 - Cannot read IP mode file for STMicroelectronics.X-CUBE-AZRTOS-L5.2.0.0
2025-11-26 09:56:28,994 [WARN] PackLoader:240 - Cannot read IP mode file for STMicroelectronics.X-CUBE-NFC6.3.1.0
2025-11-26 09:56:29,010 [WARN] PackLoader:240 - Cannot read IP mode file for STMicroelectronics.X-CUBE-FREERTOS.1.3.1
2025-11-26 09:56:29,024 [WARN] PackLoader:240 - Cannot read IP mode file for STMicroelectronics.X-CUBE-FREERTOS.1.3.0
2025-11-26 09:56:29,031 [WARN] PackLoader:240 - Cannot read IP mode file for STMicroelectronics.X-CUBE-NFC7.1.0.1
2025-11-26 09:56:29,042 [WARN] PackLoader:240 - Cannot read IP mode file for STMicroelectronics.X-CUBE-TOUCHGFX.4.26.0
2025-11-26 09:56:29,054 [WARN] PackLoader:240 - Cannot read IP mode file for STMicroelectronics.FP-SNS-STAIOTCFT.1.0.0
2025-11-26 09:56:29,073 [WARN] PackLoader:240 - Cannot read IP mode file for STMicroelectronics.X-CUBE-DPower.1.3.0
2025-11-26 09:56:29,130 [WARN] ConditionMgr:438 - getConditionDescription Invalid condition id : LAN8742 Phy interface Condition cause : null
2025-11-26 09:56:29,131 [WARN] PackLoader:240 - Cannot read IP mode file for STMicroelectronics.X-CUBE-AZRTOS-L4.2.0.0
2025-11-26 09:56:29,137 [WARN] ConditionMgr:1044 - genDependencies : Invalid condition id : LAN8742 Phy interface Condition cause : null
2025-11-26 09:56:29,137 [WARN] ConditionMgr:1044 - genDependencies : Invalid condition id : LAN8742 Phy interface Condition cause : null
2025-11-26 09:56:29,142 [WARN] ConditionMgr:1044 - genDependencies : Invalid condition id : LAN8742 Phy interface Condition cause : null
2025-11-26 09:56:29,171 [WARN] PackLoader:240 - Cannot read IP mode file for STMicroelectronics.X-CUBE-SFXS2LP1.4.0.0
2025-11-26 09:56:29,258 [WARN] PackLoader:240 - Cannot read IP mode file for STMicroelectronics.X-CUBE-AZRTOS-H7.3.3.0
2025-11-26 09:56:29,392 [WARN] PackLoader:240 - Cannot read IP mode file for STMicroelectronics.X-CUBE-BLEMGR.4.1.0
2025-11-26 09:56:29,544 [WARN] ConditionMgr:438 - getConditionDescription Invalid condition id : UX DEVICE CLASS RTOS Condition cause : null
2025-11-26 09:56:29,544 [WARN] ConditionMgr:438 - getConditionDescription Invalid condition id : UX DEVICE CLASS RTOS Condition cause : null
2025-11-26 09:56:29,563 [WARN] PackLoader:240 - Cannot read IP mode file for STMicroelectronics.X-CUBE-AZRTOS-WB.2.0.0
2025-11-26 09:56:29,570 [WARN] ConditionMgr:1044 - genDependencies : Invalid condition id : UX DEVICE CLASS RTOS Condition cause : null
2025-11-26 09:56:29,572 [WARN] ConditionMgr:1044 - genDependencies : Invalid condition id : UX DEVICE CLASS RTOS Condition cause : null
2025-11-26 09:56:29,573 [WARN] ConditionMgr:1044 - genDependencies : Invalid condition id : UX DEVICE CLASS RTOS Condition cause : null
2025-11-26 09:56:29,574 [WARN] ConditionMgr:1044 - genDependencies : Invalid condition id : UX DEVICE CLASS RTOS Condition cause : null
2025-11-26 09:56:29,574 [WARN] ConditionMgr:1044 - genDependencies : Invalid condition id : UX DEVICE CLASS RTOS Condition cause : null
2025-11-26 09:56:29,614 [WARN] PackLoader:240 - Cannot read IP mode file for STMicroelectronics.X-CUBE-GNSS1.7.0.1
2025-11-26 09:56:29,624 [WARN] PackLoader:240 - Cannot read IP mode file for STMicroelectronics.X-CUBE-TOUCHGFX.4.25.0
2025-11-26 09:56:29,668 [WARN] PackLoader:240 - Cannot read IP mode file for STMicroelectronics.FP-SNS-STBOX1.2.0.0
2025-11-26 09:56:29,760 [WARN] PackLoader:240 - Cannot read IP mode file for STMicroelectronics.X-CUBE-SUBG2.5.0.0
2025-11-26 09:56:29,836 [INFO] WebApp:463 - Apply proxy settings
2025-11-26 09:56:29,837 [INFO] WebApp:548 - Chromium requires no authentication
2025-11-26 09:56:29,894 [INFO] WebApp:491 - Direct internet connection detected
2025-11-26 09:56:29,946 [WARN] PackLoader:240 - Cannot read IP mode file for STMicroelectronics.X-CUBE-AZRTOS-H7RS.1.1.0
2025-11-26 09:56:29,974 [WARN] PackLoader:240 - Cannot read IP mode file for Cesanta.I-CUBE-Mongoose.7.13.0
2025-11-26 09:56:29,994 [INFO] WebApp:894 - Register for checkConnection events
2025-11-26 09:56:29,994 [INFO] WebApp:463 - Apply proxy settings
2025-11-26 09:56:29,995 [INFO] WebApp:548 - Chromium requires no authentication
2025-11-26 09:56:29,997 [INFO] WebApp:491 - Direct internet connection detected
2025-11-26 09:56:30,032 [WARN] PackLoader:240 - Cannot read IP mode file for STMicroelectronics.X-CUBE-AZRTOS-G4.2.0.0
2025-11-26 09:56:30,045 [WARN] PackLoader:240 - Cannot read IP mode file for wolfSSL.I-CUBE-wolfSSH.1.4.20
2025-11-26 09:56:30,062 [WARN] PackLoader:240 - Cannot read IP mode file for STMicroelectronics.X-CUBE-NFC7.2.0.0
2025-11-26 09:56:30,112 [WARN] PackLoader:240 - Cannot read IP mode file for STMicroelectronics.X-CUBE-IPS.3.1.0
2025-11-26 09:56:30,170 [WARN] PackLoader:240 - Cannot read IP mode file for STMicroelectronics.X-CUBE-ALS.1.0.2
2025-11-26 09:56:30,202 [WARN] PackLoader:240 - Cannot read IP mode file for STMicroelectronics.X-CUBE-STSE01.1.0.0
2025-11-26 09:56:30,227 [WARN] PackLoader:240 - Cannot read IP mode file for portGmbH.I-Cube-SoM-uGOAL.1.1.0
2025-11-26 09:56:30,266 [WARN] PackLoader:240 - Cannot read IP mode file for STMicroelectronics.X-CUBE-TOF1.3.4.2
2025-11-26 09:56:30,325 [WARN] PackLoader:240 - Cannot read IP mode file for STMicroelectronics.X-CUBE-TOF1.3.4.3
2025-11-26 09:56:30,398 [INFO] ThirdParty:978 - Integrity check success = true
2025-11-26 09:56:30,406 [INFO] IntegrityCheckThread:100 - exiting critical section [integrity check]
2025-11-26 09:56:30,407 [INFO] IntegrityCheckThread:103 - End integrity checks thread
2025-11-26 09:56:30,764 [INFO] WebApp:225 - Starting web application
2025-11-26 09:56:30,765 [INFO] WebApp:593 - Web application path used /opt/st/stm32cubeide_1.18.0/plugins/com.st.stm32cube.common.mx_6.14.0.202502271554/db/plugins/mcufinder/reactClient1/index.html
2025-11-26 09:56:31,279 [INFO] WebApp:191 - Connection restablished
2025-11-26 12:21:07,652 [INFO] WebApp:194 - Connection lost
2025-11-26 13:34:24,779 [INFO] WebApp:191 - Connection restablished
2025-11-26 13:34:28,009 [INFO] WebApp:194 - Connection lost
2025-11-26 13:34:28,507 [INFO] WebApp:191 - Connection restablished
2025-11-26 14:21:35,819 [ERROR] LogOutputStream:75 - [STDERR_REDIRECT] 
2025-11-26 15:56:00,041 [INFO] Activator:176 - 


2025-11-26 15:56:00,045 [INFO] Activator:177 - !SESSION log4j initialized
2025-11-26 15:56:08,809 [INFO] LogOutputStream:77 - [STDOUT_REDIRECT] 
2025-11-26 15:56:10,406 [INFO] ApplicationProperties:184 - Using Application install path: /opt/st/stm32cubeide_1.18.0/plugins/com.st.stm32cube.common.mx_6.14.0.202502271554
2025-11-26 15:56:10,435 [INFO] DbMcusXml:78 - Set database path to: /opt/st/stm32cubeide_1.18.0/plugins/com.st.stm32cube.common.mx_6.14.0.202502271554//db//mcu/
2025-11-26 15:56:10,435 [INFO] ApiDb:274 - Set plugin database path to: /opt/st/stm32cubeide_1.18.0/plugins/com.st.stm32cube.common.mx_6.14.0.202502271554//db//plugins/boardmanager/
2025-11-26 15:56:10,435 [WARN] ApiDb:259 - Overriding images path with different value:  => /opt/st/stm32cubeide_1.18.0/plugins/com.st.stm32cube.common.mx_6.14.0.202502271554//db//plugins/mcufinder/images/
2025-11-26 15:56:10,444 [INFO] ApiDb:250 - Set database path to: /home/lenovo/.stmcufinder/plugins/mcufinder//mcu/
2025-11-26 15:56:10,446 [INFO] DbMcusAds:125 - Set database path to: /home/lenovo/.stmcufinder/plugins/mcufinder//mcu/
2025-11-26 15:56:10,451 [INFO] CrossReferenceDbSqlite:203 - Set database path to: /home/lenovo/.stmcufinder/plugins/mcufinder//mcu/cs/
2025-11-26 15:56:10,686 [INFO] RulesReader:64 - Compatibility file has been processed (301 Rules)
2025-11-26 15:56:10,797 [INFO] DbMcusXml:78 - Set database path to: /opt/st/stm32cubeide_1.18.0/plugins/com.st.stm32cube.common.mx_6.14.0.202502271554//db//mcu/
2025-11-26 15:56:10,798 [INFO] ApiDb:274 - Set plugin database path to: /opt/st/stm32cubeide_1.18.0/plugins/com.st.stm32cube.common.mx_6.14.0.202502271554//db//plugins/boardmanager/
2025-11-26 15:56:10,798 [INFO] ApiDb:261 - Set plugin images path to: /opt/st/stm32cubeide_1.18.0/plugins/com.st.stm32cube.common.mx_6.14.0.202502271554//db//plugins/mcufinder/images/
2025-11-26 15:56:10,798 [WARN] DbFile:41 - Overriding database path with different value: /home/lenovo/.stmcufinder/plugins/mcufinder/ => /home/lenovo/.stmcufinder/plugins/mcufinder
2025-11-26 15:56:10,799 [INFO] ApiDb:250 - Set database path to: /home/lenovo/.stmcufinder/plugins/mcufinder//mcu/
2025-11-26 15:56:10,799 [WARN] DbFile:41 - Overriding database path with different value: /home/lenovo/.stmcufinder/plugins/mcufinder/ => /home/lenovo/.stmcufinder/plugins/mcufinder
2025-11-26 15:56:10,799 [INFO] DbMcusAds:125 - Set database path to: /home/lenovo/.stmcufinder/plugins/mcufinder//mcu/
2025-11-26 15:56:10,799 [WARN] DbFile:41 - Overriding database path with different value: /home/lenovo/.stmcufinder/plugins/mcufinder/ => /home/lenovo/.stmcufinder/plugins/mcufinder
2025-11-26 15:56:10,799 [WARN] DbFile:41 - Overriding database path with different value: /home/lenovo/.stmcufinder/plugins/mcufinder/ => /home/lenovo/.stmcufinder/plugins/mcufinder
2025-11-26 15:56:10,799 [INFO] CrossReferenceDbSqlite:203 - Set database path to: /home/lenovo/.stmcufinder/plugins/mcufinder//mcu/cs/
2025-11-26 15:56:10,914 [INFO] MainPanel:272 - HeapMemory: 268435456
2025-11-26 15:56:11,153 [INFO] DbMcusXml:78 - Set database path to: /opt/st/stm32cubeide_1.18.0/plugins/com.st.stm32cube.common.mx_6.14.0.202502271554//db//mcu/
2025-11-26 15:56:11,153 [INFO] ApiDb:274 - Set plugin database path to: /opt/st/stm32cubeide_1.18.0/plugins/com.st.stm32cube.common.mx_6.14.0.202502271554//db//plugins/boardmanager/
2025-11-26 15:56:11,153 [INFO] ApiDb:261 - Set plugin images path to: /opt/st/stm32cubeide_1.18.0/plugins/com.st.stm32cube.common.mx_6.14.0.202502271554//db//plugins/mcufinder/images/
2025-11-26 15:56:11,154 [WARN] DbFile:41 - Overriding database path with different value: /home/lenovo/.stmcufinder/plugins/mcufinder/ => /home/lenovo/.stmcufinder/plugins/mcufinder
2025-11-26 15:56:11,154 [INFO] ApiDb:250 - Set database path to: /home/lenovo/.stmcufinder/plugins/mcufinder//mcu/
2025-11-26 15:56:11,154 [WARN] DbFile:41 - Overriding database path with different value: /home/lenovo/.stmcufinder/plugins/mcufinder/ => /home/lenovo/.stmcufinder/plugins/mcufinder
2025-11-26 15:56:11,155 [INFO] DbMcusAds:125 - Set database path to: /home/lenovo/.stmcufinder/plugins/mcufinder//mcu/
2025-11-26 15:56:11,155 [WARN] DbFile:41 - Overriding database path with different value: /home/lenovo/.stmcufinder/plugins/mcufinder/ => /home/lenovo/.stmcufinder/plugins/mcufinder
2025-11-26 15:56:11,155 [WARN] DbFile:41 - Overriding database path with different value: /home/lenovo/.stmcufinder/plugins/mcufinder/ => /home/lenovo/.stmcufinder/plugins/mcufinder
2025-11-26 15:56:11,155 [INFO] CrossReferenceDbSqlite:203 - Set database path to: /home/lenovo/.stmcufinder/plugins/mcufinder//mcu/cs/
2025-11-26 15:56:11,180 [INFO] ApplicationProperties:184 - Using Application install path: /opt/st/stm32cubeide_1.18.0/plugins/com.st.stm32cube.common.mx_6.14.0.202502271554
2025-11-26 15:56:11,182 [INFO] PluginManage:196 - Search for loadable plugins [exclusion list=, ]
2025-11-26 15:56:11,184 [INFO] PluginManage:310 - Check plugin analytics
2025-11-26 15:56:11,567 [INFO] AnalyticsPlugin:253 - Accepted Software Licenses: STM32CubeMX.6.14.0,STM32CubeMX.6.4.0
2025-11-26 15:56:11,571 [INFO] AnalyticsPlugin:255 - Accepted CMSIS Pack Licenses: 
2025-11-26 15:56:11,571 [INFO] AnalyticsPlugin:257 - Accepted Firmware Licenses: 
2025-11-26 15:56:11,577 [INFO] PluginManage:359 - Loaded plugin analytics (category:tool,tabindex:-1)
2025-11-26 15:56:11,578 [INFO] PluginManage:310 - Check plugin cadmodel
2025-11-26 15:56:11,587 [INFO] CADModel:105 - Init CAD model plugin
2025-11-26 15:56:11,587 [INFO] PluginManage:359 - Loaded plugin cadmodel (category:power,tabindex:5)
2025-11-26 15:56:11,588 [INFO] PluginManage:310 - Check plugin clock
2025-11-26 15:56:11,606 [INFO] PluginManage:359 - Loaded plugin clock (category:base,tabindex:2)
2025-11-26 15:56:11,606 [INFO] PluginManage:310 - Check plugin ddr
2025-11-26 15:56:11,610 [INFO] PluginManage:359 - Loaded plugin ddr (category:tool,tabindex:6)
2025-11-26 15:56:11,610 [INFO] PluginManage:310 - Check plugin filemanager
2025-11-26 15:56:11,863 [INFO] PluginManage:359 - Loaded plugin filemanager (category:base,tabindex:10)
2025-11-26 15:56:11,864 [INFO] PluginManage:310 - Check plugin ipmanager
2025-11-26 15:56:11,873 [INFO] PluginManage:359 - Loaded plugin ipmanager (category:base,tabindex:5)
2025-11-26 15:56:11,874 [INFO] PluginManage:310 - Check plugin lpbam
2025-11-26 15:56:11,893 [INFO] PluginManage:359 - Loaded plugin lpbam (category:base,tabindex:0)
2025-11-26 15:56:11,893 [INFO] PluginManage:310 - Check plugin memorymap
2025-11-26 15:56:11,914 [INFO] PluginManage:359 - Loaded plugin memorymap (category:base,tabindex:4)
2025-11-26 15:56:11,915 [INFO] PluginManage:310 - Check plugin pinoutandconfiguration
2025-11-26 15:56:11,939 [INFO] PluginManage:359 - Loaded plugin pinoutandconfiguration (category:base,tabindex:1)
2025-11-26 15:56:11,940 [INFO] PluginManage:310 - Check plugin pinoutconfig
2025-11-26 15:56:12,108 [WARN] SupportedApi:132 - Cannot load RTOS API schema: s4s-elt-must-match.1: The content of 'definitions' must match (annotation?, (simpleType | complexType)?, (unique | key | keyref)*)). A problem was found starting at: attribute.
2025-11-26 15:56:12,348 [INFO] PluginManage:359 - Loaded plugin pinoutconfig (category:base,tabindex:0)
2025-11-26 15:56:12,349 [INFO] PluginManage:310 - Check plugin power
2025-11-26 15:56:12,365 [INFO] PluginManage:359 - Loaded plugin power (category:power,tabindex:4)
2025-11-26 15:56:12,366 [INFO] PluginManage:310 - Check plugin projectmanager
2025-11-26 15:56:12,397 [INFO] PluginManage:359 - Loaded plugin projectmanager (category:projectmanager,tabindex:4)
2025-11-26 15:56:12,397 [INFO] PluginManage:310 - Check plugin rif
2025-11-26 15:56:12,411 [INFO] PluginManage:359 - Loaded plugin rif (category:base,tabindex:3)
2025-11-26 15:56:12,411 [INFO] PluginManage:310 - Check plugin thirdparty
2025-11-26 15:56:12,642 [WARN] IntegrityCheckThread:84 - waiting for thirdparty lock release [integrity check]
2025-11-26 15:56:12,642 [INFO] IntegrityCheckThread:86 - entering critical section [integrity check]
2025-11-26 15:56:12,643 [INFO] ThirdPartyUpdaterWithRetryManager:70 - Updater plugin not ready yet. [1/15]
2025-11-26 15:56:12,643 [INFO] PluginManage:359 - Loaded plugin thirdparty (category:base,tabindex:-1)
2025-11-26 15:56:12,644 [INFO] PluginManage:310 - Check plugin tools
2025-11-26 15:56:12,647 [INFO] PluginManage:359 - Loaded plugin tools (category:base,tabindex:7)
2025-11-26 15:56:12,648 [INFO] PluginManage:310 - Check plugin tutovideos
2025-11-26 15:56:12,914 [INFO] PluginManage:359 - Loaded plugin tutovideos (category:base,tabindex:-1)
2025-11-26 15:56:12,915 [INFO] PluginManage:310 - Check plugin updater
2025-11-26 15:56:12,955 [INFO] PluginManage:359 - Loaded plugin updater (category:base,tabindex:12)
2025-11-26 15:56:12,955 [INFO] PluginManage:310 - Check plugin userauth
2025-11-26 15:56:12,961 [INFO] UserAuth:118 - Init User Auth plugin
2025-11-26 15:56:12,963 [INFO] PluginManage:359 - Loaded plugin userauth (category:base,tabindex:14)
2025-11-26 15:56:12,964 [INFO] PluginManage:283 - PluginManage : Loaded plugins [18]
2025-11-26 15:56:13,231 [INFO] PinOutPanel:1589 - setPackage(No Configuration,No Configuration)
2025-11-26 15:56:13,331 [INFO] CADModel:165 - CPN selected for project level
2025-11-26 15:56:13,332 [INFO] CADModel:114 - Register for checkConnection events
2025-11-26 15:56:13,349 [INFO] IPUIPlugin:80 - create IPUIPlugin
2025-11-26 15:56:13,350 [INFO] PluginManager:220 - loadIPPluginJar : add dma3
2025-11-26 15:56:13,357 [INFO] IPUIPlugin:80 - create IPUIPlugin
2025-11-26 15:56:13,358 [INFO] PluginManager:220 - loadIPPluginJar : add gpio
2025-11-26 15:56:13,360 [INFO] IPUIPlugin:80 - create IPUIPlugin
2025-11-26 15:56:13,360 [INFO] PluginManager:220 - loadIPPluginJar : add quadspi
2025-11-26 15:56:13,377 [INFO] IPUIPlugin:80 - create IPUIPlugin
2025-11-26 15:56:13,377 [INFO] PluginManager:220 - loadIPPluginJar : add stm32_wpan
2025-11-26 15:56:13,380 [INFO] IPUIPlugin:80 - create IPUIPlugin
2025-11-26 15:56:13,381 [INFO] PluginManager:220 - loadIPPluginJar : add radio
2025-11-26 15:56:13,384 [INFO] IPUIPlugin:80 - create IPUIPlugin
2025-11-26 15:56:13,384 [INFO] PluginManager:220 - loadIPPluginJar : add i3c
2025-11-26 15:56:13,389 [INFO] IPUIPlugin:80 - create IPUIPlugin
2025-11-26 15:56:13,389 [INFO] PluginManager:220 - loadIPPluginJar : add touchsensing
2025-11-26 15:56:13,392 [INFO] IPUIPlugin:80 - create IPUIPlugin
2025-11-26 15:56:13,393 [INFO] PluginManager:220 - loadIPPluginJar : add aes
2025-11-26 15:56:13,395 [INFO] IPUIPlugin:80 - create IPUIPlugin
2025-11-26 15:56:13,395 [INFO] PluginManager:220 - loadIPPluginJar : add ucpd
2025-11-26 15:56:13,402 [INFO] IPUIPlugin:80 - create IPUIPlugin
2025-11-26 15:56:13,403 [INFO] PluginManager:220 - loadIPPluginJar : add gic
2025-11-26 15:56:13,411 [INFO] IPUIPlugin:80 - create IPUIPlugin
2025-11-26 15:56:13,411 [INFO] PluginManager:220 - loadIPPluginJar : add adc
2025-11-26 15:56:13,414 [INFO] IPUIPlugin:80 - create IPUIPlugin
2025-11-26 15:56:13,414 [INFO] PluginManager:220 - loadIPPluginJar : add pdm2pcm
2025-11-26 15:56:13,418 [INFO] IPUIPlugin:80 - create IPUIPlugin
2025-11-26 15:56:13,418 [INFO] PluginManager:220 - loadIPPluginJar : add openamp
2025-11-26 15:56:13,420 [INFO] IPUIPlugin:80 - create IPUIPlugin
2025-11-26 15:56:13,420 [INFO] PluginManager:220 - loadIPPluginJar : add ltdc
2025-11-26 15:56:13,425 [INFO] IPUIPlugin:80 - create IPUIPlugin
2025-11-26 15:56:13,425 [INFO] PluginManager:220 - loadIPPluginJar : add fmc
2025-11-26 15:56:13,428 [INFO] IPUIPlugin:80 - create IPUIPlugin
2025-11-26 15:56:13,428 [INFO] PluginManager:220 - loadIPPluginJar : add tracer_emb
2025-11-26 15:56:13,431 [INFO] IPUIPlugin:80 - create IPUIPlugin
2025-11-26 15:56:13,431 [INFO] PluginManager:220 - loadIPPluginJar : add spi
2025-11-26 15:56:13,436 [INFO] IPUIPlugin:80 - create IPUIPlugin
2025-11-26 15:56:13,436 [INFO] PluginManager:220 - loadIPPluginJar : add nvic
2025-11-26 15:56:13,438 [INFO] IPUIPlugin:80 - create IPUIPlugin
2025-11-26 15:56:13,438 [INFO] PluginManager:220 - loadIPPluginJar : add genericplugin
2025-11-26 15:56:13,440 [INFO] IPUIPlugin:80 - create IPUIPlugin
2025-11-26 15:56:13,441 [INFO] PluginManager:220 - loadIPPluginJar : add comp
2025-11-26 15:56:13,443 [INFO] IPUIPlugin:80 - create IPUIPlugin
2025-11-26 15:56:13,443 [INFO] PluginManager:220 - loadIPPluginJar : add hash
2025-11-26 15:56:13,452 [INFO] IPUIPlugin:80 - create IPUIPlugin
2025-11-26 15:56:13,452 [INFO] PluginManager:220 - loadIPPluginJar : add mdma
2025-11-26 15:56:13,455 [INFO] IPUIPlugin:80 - create IPUIPlugin
2025-11-26 15:56:13,456 [INFO] PluginManager:220 - loadIPPluginJar : add usart
2025-11-26 15:56:13,458 [INFO] IPUIPlugin:80 - create IPUIPlugin
2025-11-26 15:56:13,458 [INFO] PluginManager:220 - loadIPPluginJar : add tim
2025-11-26 15:56:13,466 [INFO] IPUIPlugin:80 - create IPUIPlugin
2025-11-26 15:56:13,466 [INFO] PluginManager:220 - loadIPPluginJar : add dma
2025-11-26 15:56:13,468 [INFO] IPUIPlugin:80 - create IPUIPlugin
2025-11-26 15:56:13,469 [INFO] PluginManager:220 - loadIPPluginJar : add gfxmmu
2025-11-26 15:56:13,474 [INFO] IPUIPlugin:80 - create IPUIPlugin
2025-11-26 15:56:13,474 [INFO] PluginManager:220 - loadIPPluginJar : add ipddr
2025-11-26 15:56:13,478 [INFO] IPUIPlugin:80 - create IPUIPlugin
2025-11-26 15:56:13,478 [INFO] PluginManager:220 - loadIPPluginJar : add extmemmanager
2025-11-26 15:56:13,482 [INFO] IPUIPlugin:80 - create IPUIPlugin
2025-11-26 15:56:13,482 [INFO] PluginManager:220 - loadIPPluginJar : add can
2025-11-26 15:56:13,488 [INFO] IPUIPlugin:80 - create IPUIPlugin
2025-11-26 15:56:13,488 [INFO] PluginManager:220 - loadIPPluginJar : add resmgrutility
2025-11-26 15:56:13,492 [INFO] IPUIPlugin:80 - create IPUIPlugin
2025-11-26 15:56:13,492 [INFO] PluginManager:220 - loadIPPluginJar : add lorawan
2025-11-26 15:56:13,503 [INFO] IPUIPlugin:80 - create IPUIPlugin
2025-11-26 15:56:13,503 [INFO] PluginManager:220 - loadIPPluginJar : add linkedlist
2025-11-26 15:56:13,510 [INFO] IPUIPlugin:80 - create IPUIPlugin
2025-11-26 15:56:13,511 [INFO] PluginManager:220 - loadIPPluginJar : add freertos
2025-11-26 15:56:13,513 [INFO] IPUIPlugin:80 - create IPUIPlugin
2025-11-26 15:56:13,513 [INFO] PluginManager:220 - loadIPPluginJar : add tsc
2025-11-26 15:56:13,516 [INFO] IPUIPlugin:80 - create IPUIPlugin
2025-11-26 15:56:13,516 [INFO] PluginManager:220 - loadIPPluginJar : add i2s
2025-11-26 15:56:13,520 [INFO] IPUIPlugin:80 - create IPUIPlugin
2025-11-26 15:56:13,520 [INFO] PluginManager:220 - loadIPPluginJar : add usbx
2025-11-26 15:56:13,525 [INFO] IPUIPlugin:80 - create IPUIPlugin
2025-11-26 15:56:13,525 [INFO] PluginManager:220 - loadIPPluginJar : add gtzc
2025-11-26 15:56:13,536 [INFO] IPUIPlugin:80 - create IPUIPlugin
2025-11-26 15:56:13,541 [INFO] PluginManager:220 - loadIPPluginJar : add plateformsettings
2025-11-26 15:56:13,543 [INFO] IPUIPlugin:80 - create IPUIPlugin
2025-11-26 15:56:13,543 [INFO] PluginManager:220 - loadIPPluginJar : add fatfs
2025-11-26 15:56:13,549 [INFO] IPUIPlugin:80 - create IPUIPlugin
2025-11-26 15:56:13,549 [INFO] PluginManager:220 - loadIPPluginJar : add cryp
2025-11-26 15:56:13,554 [INFO] IPUIPlugin:80 - create IPUIPlugin
2025-11-26 15:56:13,554 [INFO] PluginManager:220 - loadIPPluginJar : add sai
2025-11-26 15:56:13,558 [INFO] IPUIPlugin:80 - create IPUIPlugin
2025-11-26 15:56:13,559 [INFO] PluginManager:220 - loadIPPluginJar : add i2c
2025-11-26 15:56:13,562 [INFO] IPUIPlugin:80 - create IPUIPlugin
2025-11-26 15:56:13,562 [INFO] PluginManager:220 - loadIPPluginJar : add dfsdm
2025-11-26 15:56:13,567 [INFO] IPUIPlugin:80 - create IPUIPlugin
2025-11-26 15:56:13,567 [INFO] PluginManager:220 - loadIPPluginJar : add opamp
2025-11-26 15:56:13,572 [INFO] IPUIPlugin:80 - create IPUIPlugin
2025-11-26 15:56:13,572 [INFO] PluginManager:220 - loadIPPluginJar : add ddr_ctrl_phy
2025-11-26 15:56:13,575 [INFO] IPUIPlugin:80 - create IPUIPlugin
2025-11-26 15:56:13,575 [INFO] PluginManager:220 - loadIPPluginJar : add ts
2025-11-26 15:56:13,705 [FATAL] Updater:351 - Updater called before beeing initialized
2025-11-26 15:56:13,761 [INFO] RulesReader:64 - Compatibility file has been processed (301 Rules)
2025-11-26 15:56:13,788 [INFO] RulesReader:64 - Compatibility file has been processed (301 Rules)
2025-11-26 15:56:13,801 [INFO] CADModel:165 - CPN selected for project level
2025-11-26 15:56:13,802 [INFO] CADModel:114 - Register for checkConnection events
2025-11-26 15:56:13,802 [FATAL] Updater:351 - Updater called before beeing initialized
2025-11-26 15:56:13,802 [ERROR] CADModel:125 - Updater not yet initialized, retry later 
2025-11-26 15:56:14,035 [FATAL] Updater:351 - Updater called before beeing initialized
2025-11-26 15:56:14,038 [INFO] CADModel:165 - CPN selected for project level
2025-11-26 15:56:14,038 [INFO] CADModel:114 - Register for checkConnection events
2025-11-26 15:56:14,038 [FATAL] Updater:351 - Updater called before beeing initialized
2025-11-26 15:56:14,038 [ERROR] CADModel:125 - Updater not yet initialized, retry later 
2025-11-26 15:56:14,044 [FATAL] Updater:351 - Updater called before beeing initialized
2025-11-26 15:56:14,198 [FATAL] Updater:351 - Updater called before beeing initialized
2025-11-26 15:56:14,205 [INFO] DbMcusAds:53 - JSON generation date=Mon Nov 10 16:13:01 IST 2025 (1762771381061)
2025-11-26 15:56:14,205 [FATAL] Updater:351 - Updater called before beeing initialized
2025-11-26 15:56:14,264 [WARN] DetailPanel:346 - Failed to get advertising image, set to default
2025-11-26 15:56:14,709 [FATAL] Updater:351 - Updater called before beeing initialized
2025-11-26 15:56:14,711 [FATAL] Updater:351 - Updater called before beeing initialized
2025-11-26 15:56:14,712 [FATAL] Updater:351 - Updater called before beeing initialized
2025-11-26 15:56:14,712 [WARN] DetailPanel:346 - Failed to get advertising image, set to default
2025-11-26 15:56:14,713 [FATAL] Updater:351 - Updater called before beeing initialized
2025-11-26 15:56:14,797 [ERROR] Updater:1198 - MainUpdater not yet initialized. External WinMGr cannot be set.
2025-11-26 15:56:14,800 [INFO] Updater:1134 - Updater Version found : 6.14.0
2025-11-26 15:56:14,831 [INFO] ApplicationProperties:184 - Using Application install path: /opt/st/stm32cubeide_1.18.0/plugins/com.st.stm32cube.common.mx_6.14.0.202502271554
2025-11-26 15:56:15,598 [INFO] MainUpdater:2872 - connection check result : 10
2025-11-26 15:56:15,599 [INFO] MainUpdater:289 - Updater Check For Update Now.
2025-11-26 15:56:15,599 [INFO] MicroXplorer:498 - Change Database Version : DB.6.0.140
2025-11-26 15:56:15,607 [INFO] McuFinderGlobals:63 - Set McuFinder mode to 2 (CubeIDE integrated)
2025-11-26 15:56:15,608 [INFO] UserAuth:171 - activating auth plugin
2025-11-26 15:56:15,612 [INFO] UserAuth:486 - Internet connection configuration mode: 1
2025-11-26 15:56:15,645 [WARN] MainUpdater:1193 - Updater busy. Cannot search thirdparties
2025-11-26 15:56:15,645 [INFO] ThirdPartyUpdaterWithRetryManager:96 - Updater plugin is busy. [1/15]
2025-11-26 15:56:15,679 [INFO] JxBrowserEngine:152 - Initiate JxBrowser Engine with user profile folder
2025-11-26 15:56:15,931 [INFO] CheckServerUpdateThread:120 - End of CheckServer Thread
2025-11-26 15:56:16,894 [INFO] WebApp:169 - Instantiating new browser for Auth
2025-11-26 15:56:18,162 [INFO] WebApp:463 - Apply proxy settings
2025-11-26 15:56:18,163 [INFO] WebApp:548 - Chromium requires no authentication
2025-11-26 15:56:18,176 [INFO] WebApp:491 - Direct internet connection detected
2025-11-26 15:56:18,210 [INFO] WebApp:894 - Register for checkConnection events
2025-11-26 15:56:18,210 [INFO] WebApp:463 - Apply proxy settings
2025-11-26 15:56:18,210 [INFO] WebApp:548 - Chromium requires no authentication
2025-11-26 15:56:18,211 [INFO] WebApp:491 - Direct internet connection detected
2025-11-26 15:56:18,478 [INFO] WebApp:225 - Starting web application
2025-11-26 15:56:18,479 [INFO] WebApp:593 - Web application path used /opt/st/stm32cubeide_1.18.0/plugins/com.st.stm32cube.common.mx_6.14.0.202502271554/db/plugins/mcufinder/reactClient1/index.html
2025-11-26 15:56:18,903 [INFO] WebApp:191 - Connection restablished
2025-11-26 15:56:19,246 [WARN] PackLoader:240 - Cannot read IP mode file for STMicroelectronics.FP-SNS-MOTENVWB1.1.4.0
2025-11-26 15:56:19,267 [WARN] PackLoader:240 - Cannot read IP mode file for STMicroelectronics.FP-ATR-ASTRA1.2.0.2
2025-11-26 15:56:19,287 [WARN] PackLoader:240 - Cannot read IP mode file for STMicroelectronics.X-CUBE-SMBUS.2.1.0
2025-11-26 15:56:19,322 [WARN] PackLoader:240 - Cannot read IP mode file for STMicroelectronics.X-CUBE-WB05N.1.1.0
2025-11-26 15:56:19,333 [WARN] PackLoader:240 - Cannot read IP mode file for STMicroelectronics.X-CUBE-ST60.1.0.0
2025-11-26 15:56:19,459 [WARN] PackLoader:240 - Cannot read IP mode file for STMicroelectronics.X-CUBE-AZRTOS-F7.1.1.0
2025-11-26 15:56:19,483 [ERROR] Engine:466 - /home/lenovo/.stm32cubemx/thirdparties/pdsc/STMicroelectronics.FP-SNS-MOTENV1.5.1.0.pdsc: PDSC version is not supported
2025-11-26 15:56:19,568 [WARN] PackLoader:240 - Cannot read IP mode file for Infineon.AIROC-Wi-Fi-Bluetooth-STM32.1.7.0
2025-11-26 15:56:19,674 [WARN] PackLoader:240 - Cannot read IP mode file for STMicroelectronics.X-CUBE-AZRTOS-H7.3.4.0
2025-11-26 15:56:19,713 [WARN] PackLoader:240 - Cannot read IP mode file for STMicroelectronics.X-CUBE-DISPLAY.3.0.0
2025-11-26 15:56:19,749 [WARN] PackLoader:240 - Cannot read IP mode file for STMicroelectronics.X-CUBE-NFC10.1.0.0
2025-11-26 15:56:19,781 [WARN] PackLoader:240 - Cannot read IP mode file for STMicroelectronics.X-CUBE-BLEMGR.4.0.0
2025-11-26 15:56:19,803 [WARN] PackLoader:240 - Cannot read IP mode file for STMicroelectronics.X-CUBE-ST60.1.1.0
2025-11-26 15:56:19,831 [WARN] PackLoader:240 - Cannot read IP mode file for emotas.I-CUBE-CANOPEN.1.3.0
2025-11-26 15:56:19,854 [WARN] PackLoader:240 - Cannot read IP mode file for STMicroelectronics.X-CUBE-GNSS1.7.1.0
2025-11-26 15:56:19,867 [WARN] ConditionMgr:438 - getConditionDescription Invalid condition id : Cortex-A Device cause : null
2025-11-26 15:56:19,898 [WARN] ConditionMgr:1044 - genDependencies : Invalid condition id : Cortex-A Device cause : null
2025-11-26 15:56:19,898 [WARN] ConditionMgr:1044 - genDependencies : Invalid condition id : Cortex-A Device cause : null
2025-11-26 15:56:19,899 [WARN] ConditionMgr:1044 - genDependencies : Invalid condition id : Cortex-A Device cause : null
2025-11-26 15:56:19,914 [WARN] PackLoader:240 - Cannot read IP mode file for STMicroelectronics.X-CUBE-AI.10.0.0
2025-11-26 15:56:19,930 [WARN] PackLoader:240 - Cannot read IP mode file for STMicroelectronics.FP-SNS-SMARTAG2.1.2.0
2025-11-26 15:56:19,945 [WARN] PackLoader:240 - Cannot read IP mode file for STMicroelectronics.FP-SNS-FLIGHT1.5.1.0
2025-11-26 15:56:20,339 [WARN] PackLoader:240 - Cannot read IP mode file for STMicroelectronics.X-CUBE-MEMS1.11.1.0
2025-11-26 15:56:20,744 [INFO] LogOutputStream:77 - [STDOUT_REDIRECT] 1 : Invalid condition id : UX_CORESTACK_Condition cause : null
2025-11-26 15:56:20,746 [INFO] LogOutputStream:77 - [STDOUT_REDIRECT] 1 : Invalid condition id : UX_CORESTACK_Condition cause : null
2025-11-26 15:56:20,747 [INFO] LogOutputStream:77 - [STDOUT_REDIRECT] 1 : Invalid condition id : UX_CORESTACK_Condition cause : null
2025-11-26 15:56:20,747 [INFO] LogOutputStream:77 - [STDOUT_REDIRECT] 1 : Invalid condition id : UX_CORESTACK_Condition cause : null
2025-11-26 15:56:20,748 [INFO] LogOutputStream:77 - [STDOUT_REDIRECT] 1 : Invalid condition id : UX_CORESTACK_Condition cause : null
2025-11-26 15:56:20,752 [WARN] PackLoader:240 - Cannot read IP mode file for STMicroelectronics.X-CUBE-AZRTOS-WL.2.0.0
2025-11-26 15:56:20,761 [WARN] PackLoader:240 - Cannot read IP mode file for STMicroelectronics.FP-SNS-MOTENV1.5.0.0
2025-11-26 15:56:20,845 [WARN] PackLoader:240 - Cannot read IP mode file for STMicroelectronics.X-CUBE-AZRTOS-H7RS.1.2.0
2025-11-26 15:56:20,864 [WARN] PackLoader:240 - Cannot read IP mode file for WES.I-CUBE-Cesium.1.3.0
2025-11-26 15:56:20,870 [WARN] PackLoader:240 - Cannot read IP mode file for STMicroelectronics.X-CUBE-BLE2.3.3.0
2025-11-26 15:56:20,891 [WARN] PackLoader:240 - Cannot read IP mode file for STMicroelectronics.X-CUBE-NFC9.1.0.0
2025-11-26 15:56:20,897 [WARN] PackLoader:240 - Cannot read IP mode file for wolfSSL.I-CUBE-wolfSSL.5.8.0
2025-11-26 15:56:20,902 [WARN] PackLoader:240 - Cannot read IP mode file for STMicroelectronics.X-CUBE-BLE1.7.1.0
2025-11-26 15:56:20,906 [WARN] PackLoader:240 - Cannot read IP mode file for wolfSSL.I-CUBE-wolfMQTT.1.19.2
2025-11-26 15:56:20,910 [ERROR] Engine:466 - /home/lenovo/.stm32cubemx/thirdparties/pdsc/STMicroelectronics.X-CUBE-FREERTOS.1.4.0.pdsc: PDSC version is not supported
2025-11-26 15:56:20,915 [WARN] PackLoader:240 - Cannot read IP mode file for STMicroelectronics.X-CUBE-EEPRMA1.5.2.0
2025-11-26 15:56:20,921 [ERROR] Engine:466 - /home/lenovo/.stm32cubemx/thirdparties/pdsc/STMicroelectronics.X-CUBE-ST67W61.1.1.0.pdsc: PDSC version is not supported
2025-11-26 15:56:20,926 [WARN] PackLoader:240 - Cannot read IP mode file for STMicroelectronics.X-CUBE-AI.10.1.0
2025-11-26 15:56:21,020 [WARN] PackLoader:240 - Cannot read IP mode file for STMicroelectronics.X-CUBE-MEMS1.12.0.0
2025-11-26 15:56:21,311 [WARN] PackLoader:240 - Cannot read IP mode file for STMicroelectronics.X-CUBE-MEMS1.11.2.0
2025-11-26 15:56:21,520 [WARN] PackLoader:240 - Cannot read IP mode file for STMicroelectronics.X-CUBE-AZRTOS-G0.1.1.0
2025-11-26 15:56:21,531 [WARN] PackLoader:240 - Cannot read IP mode file for STMicroelectronics.X-CUBE-SAFEA1.1.2.2
2025-11-26 15:56:21,544 [WARN] PackLoader:240 - Cannot read IP mode file for STMicroelectronics.X-CUBE-NFC4.3.0.0
2025-11-26 15:56:21,564 [WARN] PackLoader:240 - Cannot read IP mode file for EmbeddedOffice.I-CUBE-FS-RTOS.1.0.1
2025-11-26 15:56:21,577 [WARN] PackLoader:240 - Cannot read IP mode file for STMicroelectronics.X-CUBE-WB05N.2.0.0
2025-11-26 15:56:21,585 [WARN] PackLoader:240 - Cannot read IP mode file for wolfSSL.I-CUBE-wolfTPM.3.8.0
2025-11-26 15:56:21,665 [WARN] PackLoader:240 - Cannot read IP mode file for STMicroelectronics.X-CUBE-TCPP.4.2.0
2025-11-26 15:56:21,675 [WARN] PackLoader:240 - Cannot read IP mode file for RealThread.X-CUBE-RT-Thread_Nano.4.1.1
2025-11-26 15:56:21,686 [WARN] PackLoader:240 - Cannot read IP mode file for STMicroelectronics.FP-ATR-SIGFOX1.3.2.0
2025-11-26 15:56:21,696 [WARN] PackLoader:240 - Cannot read IP mode file for STMicroelectronics.X-CUBE-EEPRMA1.5.1.0
2025-11-26 15:56:21,704 [WARN] PackLoader:240 - Cannot read IP mode file for wolfSSL.I-CUBE-wolfSSL.5.7.6
2025-11-26 15:56:21,715 [WARN] PackLoader:240 - Cannot read IP mode file for ITTIA_DB.I-CUBE-ITTIADB.8.9.0
2025-11-26 15:56:21,725 [WARN] PackLoader:240 - Cannot read IP mode file for STMicroelectronics.X-CUBE-ST67W61.1.0.0
2025-11-26 15:56:21,795 [WARN] PackLoader:240 - Cannot read IP mode file for SEGGER.I-CUBE-embOS.1.3.1
2025-11-26 15:56:21,895 [WARN] PackLoader:240 - Cannot read IP mode file for STMicroelectronics.X-CUBE-ALGOBUILD.1.4.0
2025-11-26 15:56:22,047 [WARN] PackLoader:240 - Cannot read IP mode file for STMicroelectronics.X-CUBE-MEMS1.11.3.0
2025-11-26 15:56:22,312 [WARN] PackLoader:240 - Cannot read IP mode file for STMicroelectronics.X-CUBE-PM33A1.1.0.0
2025-11-26 15:56:22,335 [WARN] PackLoader:240 - Cannot read IP mode file for STMicroelectronics.X-CUBE-AZRTOS-F4.1.1.0
2025-11-26 15:56:22,341 [WARN] PackLoader:240 - Cannot read IP mode file for Avnet-IotConnect.X-CUBE-IoTC-DA16k-PMOD.1.0.0
2025-11-26 15:56:22,346 [WARN] PackLoader:240 - Cannot read IP mode file for STMicroelectronics.X-CUBE-ISPU.2.1.0
2025-11-26 15:56:22,354 [ERROR] Engine:466 - /home/lenovo/.stm32cubemx/thirdparties/pdsc/STMicroelectronics.X-CUBE-IPS.3.2.0.pdsc: PDSC version is not supported
2025-11-26 15:56:22,362 [WARN] PackLoader:240 - Cannot read IP mode file for STMicroelectronics.X-CUBE-NFC12.1.0.0
2025-11-26 15:56:22,387 [WARN] PackLoader:240 - Cannot read IP mode file for STMicroelectronics.X-CUBE-AZRTOS-L5.2.0.0
2025-11-26 15:56:22,400 [WARN] PackLoader:240 - Cannot read IP mode file for STMicroelectronics.X-CUBE-NFC6.3.1.0
2025-11-26 15:56:22,409 [WARN] PackLoader:240 - Cannot read IP mode file for STMicroelectronics.X-CUBE-FREERTOS.1.3.1
2025-11-26 15:56:22,414 [WARN] PackLoader:240 - Cannot read IP mode file for STMicroelectronics.X-CUBE-FREERTOS.1.3.0
2025-11-26 15:56:22,420 [WARN] PackLoader:240 - Cannot read IP mode file for STMicroelectronics.X-CUBE-NFC7.1.0.1
2025-11-26 15:56:22,426 [WARN] PackLoader:240 - Cannot read IP mode file for STMicroelectronics.X-CUBE-TOUCHGFX.4.26.0
2025-11-26 15:56:22,431 [WARN] PackLoader:240 - Cannot read IP mode file for STMicroelectronics.FP-SNS-STAIOTCFT.1.0.0
2025-11-26 15:56:22,437 [WARN] PackLoader:240 - Cannot read IP mode file for STMicroelectronics.X-CUBE-DPower.1.3.0
2025-11-26 15:56:22,464 [WARN] ConditionMgr:438 - getConditionDescription Invalid condition id : LAN8742 Phy interface Condition cause : null
2025-11-26 15:56:22,465 [WARN] PackLoader:240 - Cannot read IP mode file for STMicroelectronics.X-CUBE-AZRTOS-L4.2.0.0
2025-11-26 15:56:22,467 [WARN] ConditionMgr:1044 - genDependencies : Invalid condition id : LAN8742 Phy interface Condition cause : null
2025-11-26 15:56:22,468 [WARN] ConditionMgr:1044 - genDependencies : Invalid condition id : LAN8742 Phy interface Condition cause : null
2025-11-26 15:56:22,469 [WARN] ConditionMgr:1044 - genDependencies : Invalid condition id : LAN8742 Phy interface Condition cause : null
2025-11-26 15:56:22,477 [WARN] PackLoader:240 - Cannot read IP mode file for STMicroelectronics.X-CUBE-SFXS2LP1.4.0.0
2025-11-26 15:56:22,508 [WARN] PackLoader:240 - Cannot read IP mode file for STMicroelectronics.X-CUBE-AZRTOS-H7.3.3.0
2025-11-26 15:56:22,527 [WARN] PackLoader:240 - Cannot read IP mode file for STMicroelectronics.X-CUBE-BLEMGR.4.1.0
2025-11-26 15:56:22,563 [WARN] ConditionMgr:438 - getConditionDescription Invalid condition id : UX DEVICE CLASS RTOS Condition cause : null
2025-11-26 15:56:22,564 [WARN] ConditionMgr:438 - getConditionDescription Invalid condition id : UX DEVICE CLASS RTOS Condition cause : null
2025-11-26 15:56:22,567 [WARN] PackLoader:240 - Cannot read IP mode file for STMicroelectronics.X-CUBE-AZRTOS-WB.2.0.0
2025-11-26 15:56:22,570 [WARN] ConditionMgr:1044 - genDependencies : Invalid condition id : UX DEVICE CLASS RTOS Condition cause : null
2025-11-26 15:56:22,571 [WARN] ConditionMgr:1044 - genDependencies : Invalid condition id : UX DEVICE CLASS RTOS Condition cause : null
2025-11-26 15:56:22,572 [WARN] ConditionMgr:1044 - genDependencies : Invalid condition id : UX DEVICE CLASS RTOS Condition cause : null
2025-11-26 15:56:22,572 [WARN] ConditionMgr:1044 - genDependencies : Invalid condition id : UX DEVICE CLASS RTOS Condition cause : null
2025-11-26 15:56:22,572 [WARN] ConditionMgr:1044 - genDependencies : Invalid condition id : UX DEVICE CLASS RTOS Condition cause : null
2025-11-26 15:56:22,582 [WARN] PackLoader:240 - Cannot read IP mode file for STMicroelectronics.X-CUBE-GNSS1.7.0.1
2025-11-26 15:56:22,586 [WARN] PackLoader:240 - Cannot read IP mode file for STMicroelectronics.X-CUBE-TOUCHGFX.4.25.0
2025-11-26 15:56:22,595 [WARN] PackLoader:240 - Cannot read IP mode file for STMicroelectronics.FP-SNS-STBOX1.2.0.0
2025-11-26 15:56:22,611 [WARN] PackLoader:240 - Cannot read IP mode file for STMicroelectronics.X-CUBE-SUBG2.5.0.0
2025-11-26 15:56:22,646 [WARN] PackLoader:240 - Cannot read IP mode file for STMicroelectronics.X-CUBE-AZRTOS-H7RS.1.1.0
2025-11-26 15:56:22,654 [WARN] PackLoader:240 - Cannot read IP mode file for Cesanta.I-CUBE-Mongoose.7.13.0
2025-11-26 15:56:22,681 [WARN] PackLoader:240 - Cannot read IP mode file for STMicroelectronics.X-CUBE-AZRTOS-G4.2.0.0
2025-11-26 15:56:22,688 [WARN] PackLoader:240 - Cannot read IP mode file for wolfSSL.I-CUBE-wolfSSH.1.4.20
2025-11-26 15:56:22,694 [WARN] PackLoader:240 - Cannot read IP mode file for STMicroelectronics.X-CUBE-NFC7.2.0.0
2025-11-26 15:56:22,714 [WARN] PackLoader:240 - Cannot read IP mode file for STMicroelectronics.X-CUBE-IPS.3.1.0
2025-11-26 15:56:22,728 [WARN] PackLoader:240 - Cannot read IP mode file for STMicroelectronics.X-CUBE-ALS.1.0.2
2025-11-26 15:56:22,742 [WARN] PackLoader:240 - Cannot read IP mode file for STMicroelectronics.X-CUBE-STSE01.1.0.0
2025-11-26 15:56:22,757 [WARN] PackLoader:240 - Cannot read IP mode file for portGmbH.I-Cube-SoM-uGOAL.1.1.0
2025-11-26 15:56:22,783 [WARN] PackLoader:240 - Cannot read IP mode file for STMicroelectronics.X-CUBE-TOF1.3.4.2
2025-11-26 15:56:22,832 [WARN] PackLoader:240 - Cannot read IP mode file for STMicroelectronics.X-CUBE-TOF1.3.4.3
2025-11-26 15:56:22,852 [INFO] ThirdParty:978 - Integrity check success = true
2025-11-26 15:56:22,852 [INFO] IntegrityCheckThread:100 - exiting critical section [integrity check]
2025-11-26 15:56:22,852 [INFO] IntegrityCheckThread:103 - End integrity checks thread
2025-11-26 17:57:41,366 [INFO] WebApp:194 - Connection lost
2025-11-26 17:58:36,806 [INFO] WebApp:191 - Connection restablished
2025-11-26 17:59:25,008 [INFO] WebApp:194 - Connection lost
2025-11-26 18:00:08,965 [INFO] WebApp:191 - Connection restablished
2025-11-26 20:24:44,622 [ERROR] LogOutputStream:75 - [STDERR_REDIRECT] 
