2025-11-28 10:16:38,305 [INFO] Activator:176 - 


2025-11-28 10:16:38,316 [INFO] Activator:177 - !SESSION log4j initialized
2025-11-28 10:16:44,832 [INFO] LogOutputStream:77 - [STDOUT_REDIRECT] 
2025-11-28 10:16:49,478 [INFO] ApplicationProperties:184 - Using Application install path: /opt/st/stm32cubeide_1.18.0/plugins/com.st.stm32cube.common.mx_6.14.0.202502271554
2025-11-28 10:16:49,571 [INFO] DbMcusXml:78 - Set database path to: /opt/st/stm32cubeide_1.18.0/plugins/com.st.stm32cube.common.mx_6.14.0.202502271554//db//mcu/
2025-11-28 10:16:49,572 [INFO] ApiDb:274 - Set plugin database path to: /opt/st/stm32cubeide_1.18.0/plugins/com.st.stm32cube.common.mx_6.14.0.202502271554//db//plugins/boardmanager/
2025-11-28 10:16:49,572 [WARN] ApiDb:259 - Overriding images path with different value:  => /opt/st/stm32cubeide_1.18.0/plugins/com.st.stm32cube.common.mx_6.14.0.202502271554//db//plugins/mcufinder/images/
2025-11-28 10:16:49,602 [INFO] ApiDb:250 - Set database path to: /home/lenovo/.stmcufinder/plugins/mcufinder//mcu/
2025-11-28 10:16:49,605 [INFO] DbMcusAds:125 - Set database path to: /home/lenovo/.stmcufinder/plugins/mcufinder//mcu/
2025-11-28 10:16:49,614 [INFO] CrossReferenceDbSqlite:203 - Set database path to: /home/lenovo/.stmcufinder/plugins/mcufinder//mcu/cs/
2025-11-28 10:16:50,077 [INFO] RulesReader:64 - Compatibility file has been processed (301 Rules)
2025-11-28 10:16:50,371 [INFO] DbMcusXml:78 - Set database path to: /opt/st/stm32cubeide_1.18.0/plugins/com.st.stm32cube.common.mx_6.14.0.202502271554//db//mcu/
2025-11-28 10:16:50,372 [INFO] ApiDb:274 - Set plugin database path to: /opt/st/stm32cubeide_1.18.0/plugins/com.st.stm32cube.common.mx_6.14.0.202502271554//db//plugins/boardmanager/
2025-11-28 10:16:50,372 [INFO] ApiDb:261 - Set plugin images path to: /opt/st/stm32cubeide_1.18.0/plugins/com.st.stm32cube.common.mx_6.14.0.202502271554//db//plugins/mcufinder/images/
2025-11-28 10:16:50,376 [WARN] DbFile:41 - Overriding database path with different value: /home/lenovo/.stmcufinder/plugins/mcufinder/ => /home/lenovo/.stmcufinder/plugins/mcufinder
2025-11-28 10:16:50,377 [INFO] ApiDb:250 - Set database path to: /home/lenovo/.stmcufinder/plugins/mcufinder//mcu/
2025-11-28 10:16:50,377 [WARN] DbFile:41 - Overriding database path with different value: /home/lenovo/.stmcufinder/plugins/mcufinder/ => /home/lenovo/.stmcufinder/plugins/mcufinder
2025-11-28 10:16:50,378 [INFO] DbMcusAds:125 - Set database path to: /home/lenovo/.stmcufinder/plugins/mcufinder//mcu/
2025-11-28 10:16:50,378 [WARN] DbFile:41 - Overriding database path with different value: /home/lenovo/.stmcufinder/plugins/mcufinder/ => /home/lenovo/.stmcufinder/plugins/mcufinder
2025-11-28 10:16:50,378 [WARN] DbFile:41 - Overriding database path with different value: /home/lenovo/.stmcufinder/plugins/mcufinder/ => /home/lenovo/.stmcufinder/plugins/mcufinder
2025-11-28 10:16:50,379 [INFO] CrossReferenceDbSqlite:203 - Set database path to: /home/lenovo/.stmcufinder/plugins/mcufinder//mcu/cs/
2025-11-28 10:16:50,754 [INFO] MainPanel:272 - HeapMemory: 268435456
2025-11-28 10:16:51,017 [INFO] DbMcusXml:78 - Set database path to: /opt/st/stm32cubeide_1.18.0/plugins/com.st.stm32cube.common.mx_6.14.0.202502271554//db//mcu/
2025-11-28 10:16:51,017 [INFO] ApiDb:274 - Set plugin database path to: /opt/st/stm32cubeide_1.18.0/plugins/com.st.stm32cube.common.mx_6.14.0.202502271554//db//plugins/boardmanager/
2025-11-28 10:16:51,017 [INFO] ApiDb:261 - Set plugin images path to: /opt/st/stm32cubeide_1.18.0/plugins/com.st.stm32cube.common.mx_6.14.0.202502271554//db//plugins/mcufinder/images/
2025-11-28 10:16:51,018 [WARN] DbFile:41 - Overriding database path with different value: /home/lenovo/.stmcufinder/plugins/mcufinder/ => /home/lenovo/.stmcufinder/plugins/mcufinder
2025-11-28 10:16:51,018 [INFO] ApiDb:250 - Set database path to: /home/lenovo/.stmcufinder/plugins/mcufinder//mcu/
2025-11-28 10:16:51,018 [WARN] DbFile:41 - Overriding database path with different value: /home/lenovo/.stmcufinder/plugins/mcufinder/ => /home/lenovo/.stmcufinder/plugins/mcufinder
2025-11-28 10:16:51,018 [INFO] DbMcusAds:125 - Set database path to: /home/lenovo/.stmcufinder/plugins/mcufinder//mcu/
2025-11-28 10:16:51,018 [WARN] DbFile:41 - Overriding database path with different value: /home/lenovo/.stmcufinder/plugins/mcufinder/ => /home/lenovo/.stmcufinder/plugins/mcufinder
2025-11-28 10:16:51,019 [WARN] DbFile:41 - Overriding database path with different value: /home/lenovo/.stmcufinder/plugins/mcufinder/ => /home/lenovo/.stmcufinder/plugins/mcufinder
2025-11-28 10:16:51,019 [INFO] CrossReferenceDbSqlite:203 - Set database path to: /home/lenovo/.stmcufinder/plugins/mcufinder//mcu/cs/
2025-11-28 10:16:51,047 [INFO] ApplicationProperties:184 - Using Application install path: /opt/st/stm32cubeide_1.18.0/plugins/com.st.stm32cube.common.mx_6.14.0.202502271554
2025-11-28 10:16:51,050 [INFO] PluginManage:196 - Search for loadable plugins [exclusion list=, ]
2025-11-28 10:16:51,052 [INFO] PluginManage:310 - Check plugin analytics
2025-11-28 10:16:51,539 [INFO] AnalyticsPlugin:253 - Accepted Software Licenses: STM32CubeMX.6.14.0,STM32CubeMX.6.4.0
2025-11-28 10:16:51,539 [INFO] AnalyticsPlugin:255 - Accepted CMSIS Pack Licenses: 
2025-11-28 10:16:51,540 [INFO] AnalyticsPlugin:257 - Accepted Firmware Licenses: 
2025-11-28 10:16:51,552 [INFO] PluginManage:359 - Loaded plugin analytics (category:tool,tabindex:-1)
2025-11-28 10:16:51,553 [INFO] PluginManage:310 - Check plugin cadmodel
2025-11-28 10:16:51,563 [INFO] CADModel:105 - Init CAD model plugin
2025-11-28 10:16:51,564 [INFO] PluginManage:359 - Loaded plugin cadmodel (category:power,tabindex:5)
2025-11-28 10:16:51,565 [INFO] PluginManage:310 - Check plugin clock
2025-11-28 10:16:51,586 [INFO] PluginManage:359 - Loaded plugin clock (category:base,tabindex:2)
2025-11-28 10:16:51,587 [INFO] PluginManage:310 - Check plugin ddr
2025-11-28 10:16:51,591 [INFO] PluginManage:359 - Loaded plugin ddr (category:tool,tabindex:6)
2025-11-28 10:16:51,591 [INFO] PluginManage:310 - Check plugin filemanager
2025-11-28 10:16:51,899 [INFO] PluginManage:359 - Loaded plugin filemanager (category:base,tabindex:10)
2025-11-28 10:16:51,900 [INFO] PluginManage:310 - Check plugin ipmanager
2025-11-28 10:16:51,907 [INFO] PluginManage:359 - Loaded plugin ipmanager (category:base,tabindex:5)
2025-11-28 10:16:51,908 [INFO] PluginManage:310 - Check plugin lpbam
2025-11-28 10:16:51,933 [INFO] PluginManage:359 - Loaded plugin lpbam (category:base,tabindex:0)
2025-11-28 10:16:51,934 [INFO] PluginManage:310 - Check plugin memorymap
2025-11-28 10:16:51,955 [INFO] PluginManage:359 - Loaded plugin memorymap (category:base,tabindex:4)
2025-11-28 10:16:51,955 [INFO] PluginManage:310 - Check plugin pinoutandconfiguration
2025-11-28 10:16:51,975 [INFO] PluginManage:359 - Loaded plugin pinoutandconfiguration (category:base,tabindex:1)
2025-11-28 10:16:51,975 [INFO] PluginManage:310 - Check plugin pinoutconfig
2025-11-28 10:16:52,241 [WARN] SupportedApi:132 - Cannot load RTOS API schema: s4s-elt-must-match.1: The content of 'definitions' must match (annotation?, (simpleType | complexType)?, (unique | key | keyref)*)). A problem was found starting at: attribute.
2025-11-28 10:16:52,581 [INFO] PluginManage:359 - Loaded plugin pinoutconfig (category:base,tabindex:0)
2025-11-28 10:16:52,581 [INFO] PluginManage:310 - Check plugin power
2025-11-28 10:16:52,624 [INFO] PluginManage:359 - Loaded plugin power (category:power,tabindex:4)
2025-11-28 10:16:52,624 [INFO] PluginManage:310 - Check plugin projectmanager
2025-11-28 10:16:52,661 [INFO] PluginManage:359 - Loaded plugin projectmanager (category:projectmanager,tabindex:4)
2025-11-28 10:16:52,661 [INFO] PluginManage:310 - Check plugin rif
2025-11-28 10:16:52,675 [INFO] PluginManage:359 - Loaded plugin rif (category:base,tabindex:3)
2025-11-28 10:16:52,676 [INFO] PluginManage:310 - Check plugin thirdparty
2025-11-28 10:16:52,917 [WARN] IntegrityCheckThread:84 - waiting for thirdparty lock release [integrity check]
2025-11-28 10:16:52,918 [INFO] PluginManage:359 - Loaded plugin thirdparty (category:base,tabindex:-1)
2025-11-28 10:16:52,918 [INFO] PluginManage:310 - Check plugin tools
2025-11-28 10:16:52,921 [INFO] IntegrityCheckThread:86 - entering critical section [integrity check]
2025-11-28 10:16:52,921 [INFO] ThirdPartyUpdaterWithRetryManager:70 - Updater plugin not ready yet. [1/15]
2025-11-28 10:16:52,927 [INFO] PluginManage:359 - Loaded plugin tools (category:base,tabindex:7)
2025-11-28 10:16:52,927 [INFO] PluginManage:310 - Check plugin tutovideos
2025-11-28 10:16:53,241 [INFO] PluginManage:359 - Loaded plugin tutovideos (category:base,tabindex:-1)
2025-11-28 10:16:53,241 [INFO] PluginManage:310 - Check plugin updater
2025-11-28 10:16:53,296 [INFO] PluginManage:359 - Loaded plugin updater (category:base,tabindex:12)
2025-11-28 10:16:53,296 [INFO] PluginManage:310 - Check plugin userauth
2025-11-28 10:16:53,305 [INFO] UserAuth:118 - Init User Auth plugin
2025-11-28 10:16:53,307 [INFO] PluginManage:359 - Loaded plugin userauth (category:base,tabindex:14)
2025-11-28 10:16:53,308 [INFO] PluginManage:283 - PluginManage : Loaded plugins [18]
2025-11-28 10:16:53,629 [INFO] PinOutPanel:1589 - setPackage(No Configuration,No Configuration)
2025-11-28 10:16:53,743 [INFO] CADModel:165 - CPN selected for project level
2025-11-28 10:16:53,743 [INFO] CADModel:114 - Register for checkConnection events
2025-11-28 10:16:53,761 [INFO] IPUIPlugin:80 - create IPUIPlugin
2025-11-28 10:16:53,762 [INFO] PluginManager:220 - loadIPPluginJar : add dma3
2025-11-28 10:16:53,770 [INFO] IPUIPlugin:80 - create IPUIPlugin
2025-11-28 10:16:53,770 [INFO] PluginManager:220 - loadIPPluginJar : add gpio
2025-11-28 10:16:53,772 [INFO] IPUIPlugin:80 - create IPUIPlugin
2025-11-28 10:16:53,772 [INFO] PluginManager:220 - loadIPPluginJar : add quadspi
2025-11-28 10:16:53,790 [INFO] IPUIPlugin:80 - create IPUIPlugin
2025-11-28 10:16:53,790 [INFO] PluginManager:220 - loadIPPluginJar : add stm32_wpan
2025-11-28 10:16:53,793 [INFO] IPUIPlugin:80 - create IPUIPlugin
2025-11-28 10:16:53,794 [INFO] PluginManager:220 - loadIPPluginJar : add radio
2025-11-28 10:16:53,798 [INFO] IPUIPlugin:80 - create IPUIPlugin
2025-11-28 10:16:53,798 [INFO] PluginManager:220 - loadIPPluginJar : add i3c
2025-11-28 10:16:53,804 [INFO] IPUIPlugin:80 - create IPUIPlugin
2025-11-28 10:16:53,804 [INFO] PluginManager:220 - loadIPPluginJar : add touchsensing
2025-11-28 10:16:53,808 [INFO] IPUIPlugin:80 - create IPUIPlugin
2025-11-28 10:16:53,809 [INFO] PluginManager:220 - loadIPPluginJar : add aes
2025-11-28 10:16:53,811 [INFO] IPUIPlugin:80 - create IPUIPlugin
2025-11-28 10:16:53,811 [INFO] PluginManager:220 - loadIPPluginJar : add ucpd
2025-11-28 10:16:53,820 [INFO] IPUIPlugin:80 - create IPUIPlugin
2025-11-28 10:16:53,820 [INFO] PluginManager:220 - loadIPPluginJar : add gic
2025-11-28 10:16:53,830 [INFO] IPUIPlugin:80 - create IPUIPlugin
2025-11-28 10:16:53,831 [INFO] PluginManager:220 - loadIPPluginJar : add adc
2025-11-28 10:16:53,835 [INFO] IPUIPlugin:80 - create IPUIPlugin
2025-11-28 10:16:53,835 [INFO] PluginManager:220 - loadIPPluginJar : add pdm2pcm
2025-11-28 10:16:53,840 [INFO] IPUIPlugin:80 - create IPUIPlugin
2025-11-28 10:16:53,840 [INFO] PluginManager:220 - loadIPPluginJar : add openamp
2025-11-28 10:16:53,842 [INFO] IPUIPlugin:80 - create IPUIPlugin
2025-11-28 10:16:53,843 [INFO] PluginManager:220 - loadIPPluginJar : add ltdc
2025-11-28 10:16:53,849 [INFO] IPUIPlugin:80 - create IPUIPlugin
2025-11-28 10:16:53,850 [INFO] PluginManager:220 - loadIPPluginJar : add fmc
2025-11-28 10:16:53,853 [INFO] IPUIPlugin:80 - create IPUIPlugin
2025-11-28 10:16:53,853 [INFO] PluginManager:220 - loadIPPluginJar : add tracer_emb
2025-11-28 10:16:53,856 [INFO] IPUIPlugin:80 - create IPUIPlugin
2025-11-28 10:16:53,857 [INFO] PluginManager:220 - loadIPPluginJar : add spi
2025-11-28 10:16:53,862 [INFO] IPUIPlugin:80 - create IPUIPlugin
2025-11-28 10:16:53,862 [INFO] PluginManager:220 - loadIPPluginJar : add nvic
2025-11-28 10:16:53,864 [INFO] IPUIPlugin:80 - create IPUIPlugin
2025-11-28 10:16:53,864 [INFO] PluginManager:220 - loadIPPluginJar : add genericplugin
2025-11-28 10:16:53,867 [INFO] IPUIPlugin:80 - create IPUIPlugin
2025-11-28 10:16:53,867 [INFO] PluginManager:220 - loadIPPluginJar : add comp
2025-11-28 10:16:53,870 [INFO] IPUIPlugin:80 - create IPUIPlugin
2025-11-28 10:16:53,870 [INFO] PluginManager:220 - loadIPPluginJar : add hash
2025-11-28 10:16:53,879 [INFO] IPUIPlugin:80 - create IPUIPlugin
2025-11-28 10:16:53,879 [INFO] PluginManager:220 - loadIPPluginJar : add mdma
2025-11-28 10:16:53,883 [INFO] IPUIPlugin:80 - create IPUIPlugin
2025-11-28 10:16:53,884 [INFO] PluginManager:220 - loadIPPluginJar : add usart
2025-11-28 10:16:53,887 [INFO] IPUIPlugin:80 - create IPUIPlugin
2025-11-28 10:16:53,888 [INFO] PluginManager:220 - loadIPPluginJar : add tim
2025-11-28 10:16:53,895 [INFO] IPUIPlugin:80 - create IPUIPlugin
2025-11-28 10:16:53,896 [INFO] PluginManager:220 - loadIPPluginJar : add dma
2025-11-28 10:16:53,899 [INFO] IPUIPlugin:80 - create IPUIPlugin
2025-11-28 10:16:53,899 [INFO] PluginManager:220 - loadIPPluginJar : add gfxmmu
2025-11-28 10:16:53,906 [INFO] IPUIPlugin:80 - create IPUIPlugin
2025-11-28 10:16:53,906 [INFO] PluginManager:220 - loadIPPluginJar : add ipddr
2025-11-28 10:16:53,910 [INFO] IPUIPlugin:80 - create IPUIPlugin
2025-11-28 10:16:53,910 [INFO] PluginManager:220 - loadIPPluginJar : add extmemmanager
2025-11-28 10:16:53,913 [INFO] IPUIPlugin:80 - create IPUIPlugin
2025-11-28 10:16:53,913 [INFO] PluginManager:220 - loadIPPluginJar : add can
2025-11-28 10:16:53,920 [INFO] IPUIPlugin:80 - create IPUIPlugin
2025-11-28 10:16:53,920 [INFO] PluginManager:220 - loadIPPluginJar : add resmgrutility
2025-11-28 10:16:53,925 [INFO] IPUIPlugin:80 - create IPUIPlugin
2025-11-28 10:16:53,926 [INFO] PluginManager:220 - loadIPPluginJar : add lorawan
2025-11-28 10:16:53,939 [INFO] IPUIPlugin:80 - create IPUIPlugin
2025-11-28 10:16:53,939 [INFO] PluginManager:220 - loadIPPluginJar : add linkedlist
2025-11-28 10:16:53,948 [INFO] IPUIPlugin:80 - create IPUIPlugin
2025-11-28 10:16:53,949 [INFO] PluginManager:220 - loadIPPluginJar : add freertos
2025-11-28 10:16:53,951 [INFO] IPUIPlugin:80 - create IPUIPlugin
2025-11-28 10:16:53,952 [INFO] PluginManager:220 - loadIPPluginJar : add tsc
2025-11-28 10:16:53,959 [INFO] IPUIPlugin:80 - create IPUIPlugin
2025-11-28 10:16:53,960 [INFO] PluginManager:220 - loadIPPluginJar : add i2s
2025-11-28 10:16:53,968 [INFO] IPUIPlugin:80 - create IPUIPlugin
2025-11-28 10:16:53,968 [INFO] PluginManager:220 - loadIPPluginJar : add usbx
2025-11-28 10:16:53,979 [INFO] IPUIPlugin:80 - create IPUIPlugin
2025-11-28 10:16:53,979 [INFO] PluginManager:220 - loadIPPluginJar : add gtzc
2025-11-28 10:16:54,003 [INFO] IPUIPlugin:80 - create IPUIPlugin
2025-11-28 10:16:54,009 [INFO] PluginManager:220 - loadIPPluginJar : add plateformsettings
2025-11-28 10:16:54,011 [INFO] IPUIPlugin:80 - create IPUIPlugin
2025-11-28 10:16:54,011 [INFO] PluginManager:220 - loadIPPluginJar : add fatfs
2025-11-28 10:16:54,014 [INFO] IPUIPlugin:80 - create IPUIPlugin
2025-11-28 10:16:54,015 [INFO] PluginManager:220 - loadIPPluginJar : add cryp
2025-11-28 10:16:54,022 [INFO] IPUIPlugin:80 - create IPUIPlugin
2025-11-28 10:16:54,022 [INFO] PluginManager:220 - loadIPPluginJar : add sai
2025-11-28 10:16:54,027 [INFO] IPUIPlugin:80 - create IPUIPlugin
2025-11-28 10:16:54,027 [INFO] PluginManager:220 - loadIPPluginJar : add i2c
2025-11-28 10:16:54,030 [INFO] IPUIPlugin:80 - create IPUIPlugin
2025-11-28 10:16:54,030 [INFO] PluginManager:220 - loadIPPluginJar : add dfsdm
2025-11-28 10:16:54,036 [INFO] IPUIPlugin:80 - create IPUIPlugin
2025-11-28 10:16:54,036 [INFO] PluginManager:220 - loadIPPluginJar : add opamp
2025-11-28 10:16:54,045 [INFO] IPUIPlugin:80 - create IPUIPlugin
2025-11-28 10:16:54,045 [INFO] PluginManager:220 - loadIPPluginJar : add ddr_ctrl_phy
2025-11-28 10:16:54,048 [INFO] IPUIPlugin:80 - create IPUIPlugin
2025-11-28 10:16:54,048 [INFO] PluginManager:220 - loadIPPluginJar : add ts
2025-11-28 10:16:54,207 [FATAL] Updater:351 - Updater called before beeing initialized
2025-11-28 10:16:54,259 [INFO] RulesReader:64 - Compatibility file has been processed (301 Rules)
2025-11-28 10:16:54,282 [INFO] RulesReader:64 - Compatibility file has been processed (301 Rules)
2025-11-28 10:16:54,300 [INFO] CADModel:165 - CPN selected for project level
2025-11-28 10:16:54,300 [INFO] CADModel:114 - Register for checkConnection events
2025-11-28 10:16:54,300 [FATAL] Updater:351 - Updater called before beeing initialized
2025-11-28 10:16:54,301 [ERROR] CADModel:125 - Updater not yet initialized, retry later 
2025-11-28 10:16:54,610 [FATAL] Updater:351 - Updater called before beeing initialized
2025-11-28 10:16:54,613 [INFO] CADModel:165 - CPN selected for project level
2025-11-28 10:16:54,614 [INFO] CADModel:114 - Register for checkConnection events
2025-11-28 10:16:54,614 [FATAL] Updater:351 - Updater called before beeing initialized
2025-11-28 10:16:54,614 [ERROR] CADModel:125 - Updater not yet initialized, retry later 
2025-11-28 10:16:54,619 [FATAL] Updater:351 - Updater called before beeing initialized
2025-11-28 10:16:54,839 [FATAL] Updater:351 - Updater called before beeing initialized
2025-11-28 10:16:54,850 [INFO] DbMcusAds:53 - JSON generation date=Mon Nov 10 16:13:01 IST 2025 (1762771381061)
2025-11-28 10:16:54,851 [FATAL] Updater:351 - Updater called before beeing initialized
2025-11-28 10:16:54,924 [WARN] DetailPanel:346 - Failed to get advertising image, set to default
2025-11-28 10:16:55,734 [FATAL] Updater:351 - Updater called before beeing initialized
2025-11-28 10:16:55,741 [FATAL] Updater:351 - Updater called before beeing initialized
2025-11-28 10:16:55,741 [FATAL] Updater:351 - Updater called before beeing initialized
2025-11-28 10:16:55,742 [WARN] DetailPanel:346 - Failed to get advertising image, set to default
2025-11-28 10:16:55,745 [FATAL] Updater:351 - Updater called before beeing initialized
2025-11-28 10:16:55,866 [ERROR] Updater:1198 - MainUpdater not yet initialized. External WinMGr cannot be set.
2025-11-28 10:16:55,872 [INFO] Updater:1134 - Updater Version found : 6.14.0
2025-11-28 10:16:55,923 [INFO] ThirdPartyUpdaterWithRetryManager:70 - Updater plugin not ready yet. [2/15]
2025-11-28 10:16:55,949 [INFO] ApplicationProperties:184 - Using Application install path: /opt/st/stm32cubeide_1.18.0/plugins/com.st.stm32cube.common.mx_6.14.0.202502271554
2025-11-28 10:16:57,026 [INFO] MainUpdater:2872 - connection check result : 10
2025-11-28 10:16:57,027 [INFO] MainUpdater:289 - Updater Check For Update Now.
2025-11-28 10:16:57,028 [INFO] MicroXplorer:498 - Change Database Version : DB.6.0.140
2025-11-28 10:16:57,039 [INFO] McuFinderGlobals:63 - Set McuFinder mode to 2 (CubeIDE integrated)
2025-11-28 10:16:57,040 [INFO] UserAuth:171 - activating auth plugin
2025-11-28 10:16:57,050 [INFO] UserAuth:486 - Internet connection configuration mode: 1
2025-11-28 10:16:57,157 [INFO] JxBrowserEngine:152 - Initiate JxBrowser Engine with user profile folder
2025-11-28 10:16:57,500 [INFO] CheckServerUpdateThread:120 - End of CheckServer Thread
2025-11-28 10:16:59,452 [WARN] PackLoader:240 - Cannot read IP mode file for STMicroelectronics.FP-SNS-MOTENVWB1.1.4.0
2025-11-28 10:16:59,471 [WARN] PackLoader:240 - Cannot read IP mode file for STMicroelectronics.FP-ATR-ASTRA1.2.0.2
2025-11-28 10:16:59,505 [WARN] PackLoader:240 - Cannot read IP mode file for STMicroelectronics.X-CUBE-SMBUS.2.1.0
2025-11-28 10:16:59,542 [WARN] PackLoader:240 - Cannot read IP mode file for STMicroelectronics.X-CUBE-WB05N.1.1.0
2025-11-28 10:16:59,562 [WARN] PackLoader:240 - Cannot read IP mode file for STMicroelectronics.X-CUBE-ST60.1.0.0
2025-11-28 10:16:59,684 [WARN] PackLoader:240 - Cannot read IP mode file for STMicroelectronics.X-CUBE-AZRTOS-F7.1.1.0
2025-11-28 10:16:59,741 [ERROR] Engine:466 - /home/lenovo/.stm32cubemx/thirdparties/pdsc/STMicroelectronics.FP-SNS-MOTENV1.5.1.0.pdsc: PDSC version is not supported
2025-11-28 10:16:59,899 [WARN] PackLoader:240 - Cannot read IP mode file for Infineon.AIROC-Wi-Fi-Bluetooth-STM32.1.7.0
2025-11-28 10:17:00,013 [INFO] WebApp:169 - Instantiating new browser for Auth
2025-11-28 10:17:00,088 [WARN] PackLoader:240 - Cannot read IP mode file for STMicroelectronics.X-CUBE-AZRTOS-H7.3.4.0
2025-11-28 10:17:00,158 [WARN] PackLoader:240 - Cannot read IP mode file for STMicroelectronics.X-CUBE-DISPLAY.3.0.0
2025-11-28 10:17:00,228 [WARN] PackLoader:240 - Cannot read IP mode file for STMicroelectronics.X-CUBE-NFC10.1.0.0
2025-11-28 10:17:00,282 [WARN] PackLoader:240 - Cannot read IP mode file for STMicroelectronics.X-CUBE-BLEMGR.4.0.0
2025-11-28 10:17:00,305 [WARN] PackLoader:240 - Cannot read IP mode file for STMicroelectronics.X-CUBE-ST60.1.1.0
2025-11-28 10:17:00,331 [WARN] PackLoader:240 - Cannot read IP mode file for emotas.I-CUBE-CANOPEN.1.3.0
2025-11-28 10:17:00,340 [WARN] PackLoader:240 - Cannot read IP mode file for STMicroelectronics.X-CUBE-GNSS1.7.1.0
2025-11-28 10:17:00,406 [WARN] ConditionMgr:438 - getConditionDescription Invalid condition id : Cortex-A Device cause : null
2025-11-28 10:17:00,477 [WARN] ConditionMgr:1044 - genDependencies : Invalid condition id : Cortex-A Device cause : null
2025-11-28 10:17:00,478 [WARN] ConditionMgr:1044 - genDependencies : Invalid condition id : Cortex-A Device cause : null
2025-11-28 10:17:00,478 [WARN] ConditionMgr:1044 - genDependencies : Invalid condition id : Cortex-A Device cause : null
2025-11-28 10:17:00,491 [WARN] PackLoader:240 - Cannot read IP mode file for STMicroelectronics.X-CUBE-AI.10.0.0
2025-11-28 10:17:00,509 [WARN] PackLoader:240 - Cannot read IP mode file for STMicroelectronics.FP-SNS-SMARTAG2.1.2.0
2025-11-28 10:17:00,521 [WARN] PackLoader:240 - Cannot read IP mode file for STMicroelectronics.FP-SNS-FLIGHT1.5.1.0
2025-11-28 10:17:00,665 [WARN] PackLoader:240 - Cannot read IP mode file for STMicroelectronics.X-CUBE-MEMS1.11.1.0
2025-11-28 10:17:01,063 [INFO] LogOutputStream:77 - [STDOUT_REDIRECT] 1 : Invalid condition id : UX_CORESTACK_Condition cause : null
2025-11-28 10:17:01,067 [INFO] LogOutputStream:77 - [STDOUT_REDIRECT] 1 : Invalid condition id : UX_CORESTACK_Condition cause : null
2025-11-28 10:17:01,068 [INFO] LogOutputStream:77 - [STDOUT_REDIRECT] 1 : Invalid condition id : UX_CORESTACK_Condition cause : null
2025-11-28 10:17:01,069 [INFO] LogOutputStream:77 - [STDOUT_REDIRECT] 1 : Invalid condition id : UX_CORESTACK_Condition cause : null
2025-11-28 10:17:01,072 [INFO] LogOutputStream:77 - [STDOUT_REDIRECT] 1 : Invalid condition id : UX_CORESTACK_Condition cause : null
2025-11-28 10:17:01,080 [WARN] PackLoader:240 - Cannot read IP mode file for STMicroelectronics.X-CUBE-AZRTOS-WL.2.0.0
2025-11-28 10:17:01,096 [WARN] PackLoader:240 - Cannot read IP mode file for STMicroelectronics.FP-SNS-MOTENV1.5.0.0
2025-11-28 10:17:01,149 [WARN] PackLoader:240 - Cannot read IP mode file for STMicroelectronics.X-CUBE-AZRTOS-H7RS.1.2.0
2025-11-28 10:17:01,214 [WARN] PackLoader:240 - Cannot read IP mode file for WES.I-CUBE-Cesium.1.3.0
2025-11-28 10:17:01,228 [WARN] PackLoader:240 - Cannot read IP mode file for STMicroelectronics.X-CUBE-BLE2.3.3.0
2025-11-28 10:17:01,265 [WARN] PackLoader:240 - Cannot read IP mode file for STMicroelectronics.X-CUBE-NFC9.1.0.0
2025-11-28 10:17:01,281 [WARN] PackLoader:240 - Cannot read IP mode file for wolfSSL.I-CUBE-wolfSSL.5.8.0
2025-11-28 10:17:01,295 [WARN] PackLoader:240 - Cannot read IP mode file for STMicroelectronics.X-CUBE-BLE1.7.1.0
2025-11-28 10:17:01,305 [WARN] PackLoader:240 - Cannot read IP mode file for wolfSSL.I-CUBE-wolfMQTT.1.19.2
2025-11-28 10:17:01,314 [ERROR] Engine:466 - /home/lenovo/.stm32cubemx/thirdparties/pdsc/STMicroelectronics.X-CUBE-FREERTOS.1.4.0.pdsc: PDSC version is not supported
2025-11-28 10:17:01,341 [WARN] PackLoader:240 - Cannot read IP mode file for STMicroelectronics.X-CUBE-EEPRMA1.5.2.0
2025-11-28 10:17:01,362 [ERROR] Engine:466 - /home/lenovo/.stm32cubemx/thirdparties/pdsc/STMicroelectronics.X-CUBE-ST67W61.1.1.0.pdsc: PDSC version is not supported
2025-11-28 10:17:01,372 [WARN] PackLoader:240 - Cannot read IP mode file for STMicroelectronics.X-CUBE-AI.10.1.0
2025-11-28 10:17:01,631 [WARN] PackLoader:240 - Cannot read IP mode file for STMicroelectronics.X-CUBE-MEMS1.12.0.0
2025-11-28 10:17:01,864 [WARN] PackLoader:240 - Cannot read IP mode file for STMicroelectronics.X-CUBE-MEMS1.11.2.0
2025-11-28 10:17:02,079 [WARN] PackLoader:240 - Cannot read IP mode file for STMicroelectronics.X-CUBE-AZRTOS-G0.1.1.0
2025-11-28 10:17:02,104 [WARN] PackLoader:240 - Cannot read IP mode file for STMicroelectronics.X-CUBE-SAFEA1.1.2.2
2025-11-28 10:17:02,123 [WARN] PackLoader:240 - Cannot read IP mode file for STMicroelectronics.X-CUBE-NFC4.3.0.0
2025-11-28 10:17:02,144 [WARN] PackLoader:240 - Cannot read IP mode file for EmbeddedOffice.I-CUBE-FS-RTOS.1.0.1
2025-11-28 10:17:02,152 [WARN] PackLoader:240 - Cannot read IP mode file for STMicroelectronics.X-CUBE-WB05N.2.0.0
2025-11-28 10:17:02,158 [WARN] PackLoader:240 - Cannot read IP mode file for wolfSSL.I-CUBE-wolfTPM.3.8.0
2025-11-28 10:17:02,170 [WARN] PackLoader:240 - Cannot read IP mode file for STMicroelectronics.X-CUBE-TCPP.4.2.0
2025-11-28 10:17:02,179 [WARN] PackLoader:240 - Cannot read IP mode file for RealThread.X-CUBE-RT-Thread_Nano.4.1.1
2025-11-28 10:17:02,184 [WARN] PackLoader:240 - Cannot read IP mode file for STMicroelectronics.FP-ATR-SIGFOX1.3.2.0
2025-11-28 10:17:02,193 [WARN] PackLoader:240 - Cannot read IP mode file for STMicroelectronics.X-CUBE-EEPRMA1.5.1.0
2025-11-28 10:17:02,205 [WARN] PackLoader:240 - Cannot read IP mode file for wolfSSL.I-CUBE-wolfSSL.5.7.6
2025-11-28 10:17:02,221 [WARN] PackLoader:240 - Cannot read IP mode file for ITTIA_DB.I-CUBE-ITTIADB.8.9.0
2025-11-28 10:17:02,235 [WARN] PackLoader:240 - Cannot read IP mode file for STMicroelectronics.X-CUBE-ST67W61.1.0.0
2025-11-28 10:17:02,307 [WARN] PackLoader:240 - Cannot read IP mode file for SEGGER.I-CUBE-embOS.1.3.1
2025-11-28 10:17:02,378 [WARN] PackLoader:240 - Cannot read IP mode file for STMicroelectronics.X-CUBE-ALGOBUILD.1.4.0
2025-11-28 10:17:02,490 [WARN] PackLoader:240 - Cannot read IP mode file for STMicroelectronics.X-CUBE-MEMS1.11.3.0
2025-11-28 10:17:02,882 [WARN] PackLoader:240 - Cannot read IP mode file for STMicroelectronics.X-CUBE-PM33A1.1.0.0
2025-11-28 10:17:02,928 [WARN] PackLoader:240 - Cannot read IP mode file for STMicroelectronics.X-CUBE-AZRTOS-F4.1.1.0
2025-11-28 10:17:02,938 [WARN] PackLoader:240 - Cannot read IP mode file for Avnet-IotConnect.X-CUBE-IoTC-DA16k-PMOD.1.0.0
2025-11-28 10:17:02,947 [WARN] PackLoader:240 - Cannot read IP mode file for STMicroelectronics.X-CUBE-ISPU.2.1.0
2025-11-28 10:17:02,965 [ERROR] Engine:466 - /home/lenovo/.stm32cubemx/thirdparties/pdsc/STMicroelectronics.X-CUBE-IPS.3.2.0.pdsc: PDSC version is not supported
2025-11-28 10:17:02,999 [WARN] PackLoader:240 - Cannot read IP mode file for STMicroelectronics.X-CUBE-NFC12.1.0.0
2025-11-28 10:17:03,073 [WARN] PackLoader:240 - Cannot read IP mode file for STMicroelectronics.X-CUBE-AZRTOS-L5.2.0.0
2025-11-28 10:17:03,096 [WARN] PackLoader:240 - Cannot read IP mode file for STMicroelectronics.X-CUBE-NFC6.3.1.0
2025-11-28 10:17:03,117 [WARN] PackLoader:240 - Cannot read IP mode file for STMicroelectronics.X-CUBE-FREERTOS.1.3.1
2025-11-28 10:17:03,130 [WARN] PackLoader:240 - Cannot read IP mode file for STMicroelectronics.X-CUBE-FREERTOS.1.3.0
2025-11-28 10:17:03,145 [WARN] PackLoader:240 - Cannot read IP mode file for STMicroelectronics.X-CUBE-NFC7.1.0.1
2025-11-28 10:17:03,152 [INFO] WebApp:463 - Apply proxy settings
2025-11-28 10:17:03,153 [INFO] WebApp:548 - Chromium requires no authentication
2025-11-28 10:17:03,158 [WARN] PackLoader:240 - Cannot read IP mode file for STMicroelectronics.X-CUBE-TOUCHGFX.4.26.0
2025-11-28 10:17:03,174 [WARN] PackLoader:240 - Cannot read IP mode file for STMicroelectronics.FP-SNS-STAIOTCFT.1.0.0
2025-11-28 10:17:03,179 [INFO] WebApp:491 - Direct internet connection detected
2025-11-28 10:17:03,189 [WARN] PackLoader:240 - Cannot read IP mode file for STMicroelectronics.X-CUBE-DPower.1.3.0
2025-11-28 10:17:03,243 [WARN] ConditionMgr:438 - getConditionDescription Invalid condition id : LAN8742 Phy interface Condition cause : null
2025-11-28 10:17:03,244 [WARN] PackLoader:240 - Cannot read IP mode file for STMicroelectronics.X-CUBE-AZRTOS-L4.2.0.0
2025-11-28 10:17:03,246 [INFO] WebApp:894 - Register for checkConnection events
2025-11-28 10:17:03,246 [INFO] WebApp:463 - Apply proxy settings
2025-11-28 10:17:03,246 [INFO] WebApp:548 - Chromium requires no authentication
2025-11-28 10:17:03,247 [WARN] ConditionMgr:1044 - genDependencies : Invalid condition id : LAN8742 Phy interface Condition cause : null
2025-11-28 10:17:03,248 [WARN] ConditionMgr:1044 - genDependencies : Invalid condition id : LAN8742 Phy interface Condition cause : null
2025-11-28 10:17:03,248 [INFO] WebApp:491 - Direct internet connection detected
2025-11-28 10:17:03,248 [WARN] ConditionMgr:1044 - genDependencies : Invalid condition id : LAN8742 Phy interface Condition cause : null
2025-11-28 10:17:03,284 [WARN] PackLoader:240 - Cannot read IP mode file for STMicroelectronics.X-CUBE-SFXS2LP1.4.0.0
2025-11-28 10:17:03,335 [WARN] PackLoader:240 - Cannot read IP mode file for STMicroelectronics.X-CUBE-AZRTOS-H7.3.3.0
2025-11-28 10:17:03,386 [WARN] PackLoader:240 - Cannot read IP mode file for STMicroelectronics.X-CUBE-BLEMGR.4.1.0
2025-11-28 10:17:03,455 [WARN] ConditionMgr:438 - getConditionDescription Invalid condition id : UX DEVICE CLASS RTOS Condition cause : null
2025-11-28 10:17:03,456 [WARN] ConditionMgr:438 - getConditionDescription Invalid condition id : UX DEVICE CLASS RTOS Condition cause : null
2025-11-28 10:17:03,467 [WARN] PackLoader:240 - Cannot read IP mode file for STMicroelectronics.X-CUBE-AZRTOS-WB.2.0.0
2025-11-28 10:17:03,472 [WARN] ConditionMgr:1044 - genDependencies : Invalid condition id : UX DEVICE CLASS RTOS Condition cause : null
2025-11-28 10:17:03,473 [WARN] ConditionMgr:1044 - genDependencies : Invalid condition id : UX DEVICE CLASS RTOS Condition cause : null
2025-11-28 10:17:03,474 [WARN] ConditionMgr:1044 - genDependencies : Invalid condition id : UX DEVICE CLASS RTOS Condition cause : null
2025-11-28 10:17:03,474 [WARN] ConditionMgr:1044 - genDependencies : Invalid condition id : UX DEVICE CLASS RTOS Condition cause : null
2025-11-28 10:17:03,475 [WARN] ConditionMgr:1044 - genDependencies : Invalid condition id : UX DEVICE CLASS RTOS Condition cause : null
2025-11-28 10:17:03,558 [WARN] PackLoader:240 - Cannot read IP mode file for STMicroelectronics.X-CUBE-GNSS1.7.0.1
2025-11-28 10:17:03,570 [WARN] PackLoader:240 - Cannot read IP mode file for STMicroelectronics.X-CUBE-TOUCHGFX.4.25.0
2025-11-28 10:17:03,601 [WARN] PackLoader:240 - Cannot read IP mode file for STMicroelectronics.FP-SNS-STBOX1.2.0.0
2025-11-28 10:17:03,673 [WARN] PackLoader:240 - Cannot read IP mode file for STMicroelectronics.X-CUBE-SUBG2.5.0.0
2025-11-28 10:17:03,687 [INFO] WebApp:191 - Connection restablished
2025-11-28 10:17:03,800 [WARN] PackLoader:240 - Cannot read IP mode file for STMicroelectronics.X-CUBE-AZRTOS-H7RS.1.1.0
2025-11-28 10:17:03,831 [WARN] PackLoader:240 - Cannot read IP mode file for Cesanta.I-CUBE-Mongoose.7.13.0
2025-11-28 10:17:03,900 [WARN] PackLoader:240 - Cannot read IP mode file for STMicroelectronics.X-CUBE-AZRTOS-G4.2.0.0
2025-11-28 10:17:03,920 [WARN] PackLoader:240 - Cannot read IP mode file for wolfSSL.I-CUBE-wolfSSH.1.4.20
2025-11-28 10:17:03,940 [WARN] PackLoader:240 - Cannot read IP mode file for STMicroelectronics.X-CUBE-NFC7.2.0.0
2025-11-28 10:17:04,004 [WARN] PackLoader:240 - Cannot read IP mode file for STMicroelectronics.X-CUBE-IPS.3.1.0
2025-11-28 10:17:04,081 [WARN] PackLoader:240 - Cannot read IP mode file for STMicroelectronics.X-CUBE-ALS.1.0.2
2025-11-28 10:17:04,098 [INFO] WebApp:225 - Starting web application
2025-11-28 10:17:04,099 [INFO] WebApp:593 - Web application path used /opt/st/stm32cubeide_1.18.0/plugins/com.st.stm32cube.common.mx_6.14.0.202502271554/db/plugins/mcufinder/reactClient1/index.html
2025-11-28 10:17:04,110 [WARN] PackLoader:240 - Cannot read IP mode file for STMicroelectronics.X-CUBE-STSE01.1.0.0
2025-11-28 10:17:04,122 [WARN] PackLoader:240 - Cannot read IP mode file for portGmbH.I-Cube-SoM-uGOAL.1.1.0
2025-11-28 10:17:04,190 [WARN] PackLoader:240 - Cannot read IP mode file for STMicroelectronics.X-CUBE-TOF1.3.4.2
2025-11-28 10:17:04,262 [WARN] PackLoader:240 - Cannot read IP mode file for STMicroelectronics.X-CUBE-TOF1.3.4.3
2025-11-28 10:17:04,282 [INFO] ThirdParty:978 - Integrity check success = true
2025-11-28 10:17:04,282 [INFO] IntegrityCheckThread:100 - exiting critical section [integrity check]
2025-11-28 10:17:04,283 [INFO] IntegrityCheckThread:103 - End integrity checks thread
2025-11-28 10:43:46,106 [INFO] WebApp:194 - Connection lost
2025-11-28 10:58:50,240 [INFO] WebApp:191 - Connection restablished
2025-11-28 10:58:53,616 [INFO] WebApp:194 - Connection lost
2025-11-28 10:58:53,857 [INFO] WebApp:191 - Connection restablished
2025-11-28 13:22:23,811 [INFO] WebApp:194 - Connection lost
2025-11-28 13:22:38,883 [INFO] WebApp:191 - Connection restablished
2025-11-28 13:24:43,127 [INFO] WebApp:194 - Connection lost
2025-11-28 13:45:33,125 [INFO] WebApp:191 - Connection restablished
2025-11-28 13:45:36,847 [INFO] WebApp:194 - Connection lost
2025-11-28 13:45:37,562 [INFO] WebApp:191 - Connection restablished
2025-11-28 15:06:54,425 [INFO] WebApp:194 - Connection lost
2025-11-28 15:07:02,110 [INFO] WebApp:191 - Connection restablished
2025-11-28 15:07:05,704 [INFO] WebApp:194 - Connection lost
2025-11-28 15:07:06,018 [INFO] WebApp:191 - Connection restablished
2025-11-28 16:32:42,647 [INFO] WebApp:194 - Connection lost
2025-11-28 16:35:17,685 [INFO] WebApp:191 - Connection restablished
2025-11-28 16:35:21,247 [INFO] WebApp:194 - Connection lost
2025-11-28 16:35:21,765 [INFO] WebApp:191 - Connection restablished
2025-11-28 18:17:25,974 [INFO] WebApp:194 - Connection lost
2025-11-28 18:17:35,127 [INFO] WebApp:191 - Connection restablished
2025-11-28 18:17:58,725 [INFO] WebApp:194 - Connection lost
2025-11-28 18:18:31,433 [INFO] WebApp:191 - Connection restablished
2025-11-28 18:20:04,915 [INFO] WebApp:194 - Connection lost
2025-11-28 18:20:56,432 [INFO] WebApp:191 - Connection restablished
2025-11-28 18:21:03,673 [INFO] WebApp:194 - Connection lost
2025-11-28 18:21:11,322 [INFO] WebApp:191 - Connection restablished
2025-11-28 18:21:45,457 [INFO] WebApp:194 - Connection lost
2025-11-28 18:26:17,976 [INFO] WebApp:191 - Connection restablished
2025-11-28 18:28:43,400 [INFO] WebApp:194 - Connection lost
2025-11-28 18:29:01,900 [INFO] WebApp:191 - Connection restablished
2025-11-28 18:29:39,230 [INFO] WebApp:194 - Connection lost
2025-11-28 18:34:33,528 [INFO] WebApp:191 - Connection restablished
2025-11-28 19:03:05,464 [INFO] WebApp:194 - Connection lost
2025-11-28 19:06:44,805 [INFO] WebApp:191 - Connection restablished
2025-11-28 19:09:30,228 [INFO] WebApp:194 - Connection lost
2025-11-28 19:11:57,325 [INFO] WebApp:191 - Connection restablished
2025-11-28 19:13:21,067 [INFO] WebApp:194 - Connection lost
2025-11-28 19:31:21,699 [INFO] WebApp:191 - Connection restablished
2025-11-28 20:10:57,195 [INFO] WebApp:194 - Connection lost
2025-11-28 20:38:17,918 [INFO] WebApp:191 - Connection restablished
2025-11-28 23:19:49,205 [ERROR] LogOutputStream:75 - [STDERR_REDIRECT] 
