2025-12-02 17:25:04,275 [INFO] Activator:176 - 


2025-12-02 17:25:04,283 [INFO] Activator:177 - !SESSION log4j initialized
2025-12-02 17:25:15,198 [INFO] LogOutputStream:77 - [STDOUT_REDIRECT] 
2025-12-02 17:25:17,860 [INFO] ApplicationProperties:184 - Using Application install path: /opt/st/stm32cubeide_1.18.0/plugins/com.st.stm32cube.common.mx_6.14.0.202502271554
2025-12-02 17:25:17,907 [INFO] DbMcusXml:78 - Set database path to: /opt/st/stm32cubeide_1.18.0/plugins/com.st.stm32cube.common.mx_6.14.0.202502271554//db//mcu/
2025-12-02 17:25:17,908 [INFO] ApiDb:274 - Set plugin database path to: /opt/st/stm32cubeide_1.18.0/plugins/com.st.stm32cube.common.mx_6.14.0.202502271554//db//plugins/boardmanager/
2025-12-02 17:25:17,909 [WARN] ApiDb:259 - Overriding images path with different value:  => /opt/st/stm32cubeide_1.18.0/plugins/com.st.stm32cube.common.mx_6.14.0.202502271554//db//plugins/mcufinder/images/
2025-12-02 17:25:17,923 [INFO] ApiDb:250 - Set database path to: /home/lenovo/.stmcufinder/plugins/mcufinder//mcu/
2025-12-02 17:25:17,925 [INFO] DbMcusAds:125 - Set database path to: /home/lenovo/.stmcufinder/plugins/mcufinder//mcu/
2025-12-02 17:25:17,929 [INFO] CrossReferenceDbSqlite:203 - Set database path to: /home/lenovo/.stmcufinder/plugins/mcufinder//mcu/cs/
2025-12-02 17:25:18,103 [INFO] RulesReader:64 - Compatibility file has been processed (301 Rules)
2025-12-02 17:25:18,226 [INFO] DbMcusXml:78 - Set database path to: /opt/st/stm32cubeide_1.18.0/plugins/com.st.stm32cube.common.mx_6.14.0.202502271554//db//mcu/
2025-12-02 17:25:18,226 [INFO] ApiDb:274 - Set plugin database path to: /opt/st/stm32cubeide_1.18.0/plugins/com.st.stm32cube.common.mx_6.14.0.202502271554//db//plugins/boardmanager/
2025-12-02 17:25:18,227 [INFO] ApiDb:261 - Set plugin images path to: /opt/st/stm32cubeide_1.18.0/plugins/com.st.stm32cube.common.mx_6.14.0.202502271554//db//plugins/mcufinder/images/
2025-12-02 17:25:18,227 [WARN] DbFile:41 - Overriding database path with different value: /home/lenovo/.stmcufinder/plugins/mcufinder/ => /home/lenovo/.stmcufinder/plugins/mcufinder
2025-12-02 17:25:18,228 [INFO] ApiDb:250 - Set database path to: /home/lenovo/.stmcufinder/plugins/mcufinder//mcu/
2025-12-02 17:25:18,228 [WARN] DbFile:41 - Overriding database path with different value: /home/lenovo/.stmcufinder/plugins/mcufinder/ => /home/lenovo/.stmcufinder/plugins/mcufinder
2025-12-02 17:25:18,228 [INFO] DbMcusAds:125 - Set database path to: /home/lenovo/.stmcufinder/plugins/mcufinder//mcu/
2025-12-02 17:25:18,228 [WARN] DbFile:41 - Overriding database path with different value: /home/lenovo/.stmcufinder/plugins/mcufinder/ => /home/lenovo/.stmcufinder/plugins/mcufinder
2025-12-02 17:25:18,228 [WARN] DbFile:41 - Overriding database path with different value: /home/lenovo/.stmcufinder/plugins/mcufinder/ => /home/lenovo/.stmcufinder/plugins/mcufinder
2025-12-02 17:25:18,228 [INFO] CrossReferenceDbSqlite:203 - Set database path to: /home/lenovo/.stmcufinder/plugins/mcufinder//mcu/cs/
2025-12-02 17:25:18,338 [INFO] MainPanel:272 - HeapMemory: 268435456
2025-12-02 17:25:18,749 [INFO] DbMcusXml:78 - Set database path to: /opt/st/stm32cubeide_1.18.0/plugins/com.st.stm32cube.common.mx_6.14.0.202502271554//db//mcu/
2025-12-02 17:25:18,750 [INFO] ApiDb:274 - Set plugin database path to: /opt/st/stm32cubeide_1.18.0/plugins/com.st.stm32cube.common.mx_6.14.0.202502271554//db//plugins/boardmanager/
2025-12-02 17:25:18,750 [INFO] ApiDb:261 - Set plugin images path to: /opt/st/stm32cubeide_1.18.0/plugins/com.st.stm32cube.common.mx_6.14.0.202502271554//db//plugins/mcufinder/images/
2025-12-02 17:25:18,751 [WARN] DbFile:41 - Overriding database path with different value: /home/lenovo/.stmcufinder/plugins/mcufinder/ => /home/lenovo/.stmcufinder/plugins/mcufinder
2025-12-02 17:25:18,751 [INFO] ApiDb:250 - Set database path to: /home/lenovo/.stmcufinder/plugins/mcufinder//mcu/
2025-12-02 17:25:18,751 [WARN] DbFile:41 - Overriding database path with different value: /home/lenovo/.stmcufinder/plugins/mcufinder/ => /home/lenovo/.stmcufinder/plugins/mcufinder
2025-12-02 17:25:18,751 [INFO] DbMcusAds:125 - Set database path to: /home/lenovo/.stmcufinder/plugins/mcufinder//mcu/
2025-12-02 17:25:18,752 [WARN] DbFile:41 - Overriding database path with different value: /home/lenovo/.stmcufinder/plugins/mcufinder/ => /home/lenovo/.stmcufinder/plugins/mcufinder
2025-12-02 17:25:18,752 [WARN] DbFile:41 - Overriding database path with different value: /home/lenovo/.stmcufinder/plugins/mcufinder/ => /home/lenovo/.stmcufinder/plugins/mcufinder
2025-12-02 17:25:18,752 [INFO] CrossReferenceDbSqlite:203 - Set database path to: /home/lenovo/.stmcufinder/plugins/mcufinder//mcu/cs/
2025-12-02 17:25:18,785 [INFO] ApplicationProperties:184 - Using Application install path: /opt/st/stm32cubeide_1.18.0/plugins/com.st.stm32cube.common.mx_6.14.0.202502271554
2025-12-02 17:25:18,788 [INFO] PluginManage:196 - Search for loadable plugins [exclusion list=, ]
2025-12-02 17:25:18,790 [INFO] PluginManage:310 - Check plugin analytics
2025-12-02 17:25:19,305 [INFO] AnalyticsPlugin:253 - Accepted Software Licenses: STM32CubeMX.6.14.0,STM32CubeMX.6.4.0
2025-12-02 17:25:19,306 [INFO] AnalyticsPlugin:255 - Accepted CMSIS Pack Licenses: 
2025-12-02 17:25:19,306 [INFO] AnalyticsPlugin:257 - Accepted Firmware Licenses: 
2025-12-02 17:25:19,315 [INFO] PluginManage:359 - Loaded plugin analytics (category:tool,tabindex:-1)
2025-12-02 17:25:19,318 [INFO] PluginManage:310 - Check plugin cadmodel
2025-12-02 17:25:19,343 [INFO] CADModel:105 - Init CAD model plugin
2025-12-02 17:25:19,344 [INFO] PluginManage:359 - Loaded plugin cadmodel (category:power,tabindex:5)
2025-12-02 17:25:19,344 [INFO] PluginManage:310 - Check plugin clock
2025-12-02 17:25:19,381 [INFO] PluginManage:359 - Loaded plugin clock (category:base,tabindex:2)
2025-12-02 17:25:19,381 [INFO] PluginManage:310 - Check plugin ddr
2025-12-02 17:25:19,392 [INFO] PluginManage:359 - Loaded plugin ddr (category:tool,tabindex:6)
2025-12-02 17:25:19,392 [INFO] PluginManage:310 - Check plugin filemanager
2025-12-02 17:25:19,871 [INFO] PluginManage:359 - Loaded plugin filemanager (category:base,tabindex:10)
2025-12-02 17:25:19,872 [INFO] PluginManage:310 - Check plugin ipmanager
2025-12-02 17:25:19,884 [INFO] PluginManage:359 - Loaded plugin ipmanager (category:base,tabindex:5)
2025-12-02 17:25:19,885 [INFO] PluginManage:310 - Check plugin lpbam
2025-12-02 17:25:19,900 [INFO] PluginManage:359 - Loaded plugin lpbam (category:base,tabindex:0)
2025-12-02 17:25:19,900 [INFO] PluginManage:310 - Check plugin memorymap
2025-12-02 17:25:19,919 [INFO] PluginManage:359 - Loaded plugin memorymap (category:base,tabindex:4)
2025-12-02 17:25:19,919 [INFO] PluginManage:310 - Check plugin pinoutandconfiguration
2025-12-02 17:25:19,934 [INFO] PluginManage:359 - Loaded plugin pinoutandconfiguration (category:base,tabindex:1)
2025-12-02 17:25:19,934 [INFO] PluginManage:310 - Check plugin pinoutconfig
2025-12-02 17:25:20,130 [WARN] SupportedApi:132 - Cannot load RTOS API schema: s4s-elt-must-match.1: The content of 'definitions' must match (annotation?, (simpleType | complexType)?, (unique | key | keyref)*)). A problem was found starting at: attribute.
2025-12-02 17:25:20,443 [INFO] PluginManage:359 - Loaded plugin pinoutconfig (category:base,tabindex:0)
2025-12-02 17:25:20,444 [INFO] PluginManage:310 - Check plugin power
2025-12-02 17:25:20,476 [INFO] PluginManage:359 - Loaded plugin power (category:power,tabindex:4)
2025-12-02 17:25:20,477 [INFO] PluginManage:310 - Check plugin projectmanager
2025-12-02 17:25:20,517 [INFO] PluginManage:359 - Loaded plugin projectmanager (category:projectmanager,tabindex:4)
2025-12-02 17:25:20,518 [INFO] PluginManage:310 - Check plugin rif
2025-12-02 17:25:20,533 [INFO] PluginManage:359 - Loaded plugin rif (category:base,tabindex:3)
2025-12-02 17:25:20,533 [INFO] PluginManage:310 - Check plugin thirdparty
2025-12-02 17:25:20,835 [INFO] PluginManage:359 - Loaded plugin thirdparty (category:base,tabindex:-1)
2025-12-02 17:25:20,835 [INFO] PluginManage:310 - Check plugin tools
2025-12-02 17:25:20,834 [WARN] IntegrityCheckThread:84 - waiting for thirdparty lock release [integrity check]
2025-12-02 17:25:20,836 [INFO] IntegrityCheckThread:86 - entering critical section [integrity check]
2025-12-02 17:25:20,837 [INFO] ThirdPartyUpdaterWithRetryManager:70 - Updater plugin not ready yet. [1/15]
2025-12-02 17:25:20,840 [INFO] PluginManage:359 - Loaded plugin tools (category:base,tabindex:7)
2025-12-02 17:25:20,840 [INFO] PluginManage:310 - Check plugin tutovideos
2025-12-02 17:25:21,289 [INFO] PluginManage:359 - Loaded plugin tutovideos (category:base,tabindex:-1)
2025-12-02 17:25:21,289 [INFO] PluginManage:310 - Check plugin updater
2025-12-02 17:25:21,393 [INFO] PluginManage:359 - Loaded plugin updater (category:base,tabindex:12)
2025-12-02 17:25:21,393 [INFO] PluginManage:310 - Check plugin userauth
2025-12-02 17:25:21,410 [INFO] UserAuth:118 - Init User Auth plugin
2025-12-02 17:25:21,419 [INFO] PluginManage:359 - Loaded plugin userauth (category:base,tabindex:14)
2025-12-02 17:25:21,420 [INFO] PluginManage:283 - PluginManage : Loaded plugins [18]
2025-12-02 17:25:22,200 [INFO] PinOutPanel:1589 - setPackage(No Configuration,No Configuration)
2025-12-02 17:25:22,371 [INFO] CADModel:165 - CPN selected for project level
2025-12-02 17:25:22,371 [INFO] CADModel:114 - Register for checkConnection events
2025-12-02 17:25:22,407 [INFO] IPUIPlugin:80 - create IPUIPlugin
2025-12-02 17:25:22,408 [INFO] PluginManager:220 - loadIPPluginJar : add dma3
2025-12-02 17:25:22,424 [INFO] IPUIPlugin:80 - create IPUIPlugin
2025-12-02 17:25:22,425 [INFO] PluginManager:220 - loadIPPluginJar : add gpio
2025-12-02 17:25:22,431 [INFO] IPUIPlugin:80 - create IPUIPlugin
2025-12-02 17:25:22,431 [INFO] PluginManager:220 - loadIPPluginJar : add quadspi
2025-12-02 17:25:22,475 [INFO] IPUIPlugin:80 - create IPUIPlugin
2025-12-02 17:25:22,475 [INFO] PluginManager:220 - loadIPPluginJar : add stm32_wpan
2025-12-02 17:25:22,484 [INFO] IPUIPlugin:80 - create IPUIPlugin
2025-12-02 17:25:22,485 [INFO] PluginManager:220 - loadIPPluginJar : add radio
2025-12-02 17:25:22,493 [INFO] IPUIPlugin:80 - create IPUIPlugin
2025-12-02 17:25:22,493 [INFO] PluginManager:220 - loadIPPluginJar : add i3c
2025-12-02 17:25:22,510 [INFO] IPUIPlugin:80 - create IPUIPlugin
2025-12-02 17:25:22,510 [INFO] PluginManager:220 - loadIPPluginJar : add touchsensing
2025-12-02 17:25:22,519 [INFO] IPUIPlugin:80 - create IPUIPlugin
2025-12-02 17:25:22,520 [INFO] PluginManager:220 - loadIPPluginJar : add aes
2025-12-02 17:25:22,529 [INFO] IPUIPlugin:80 - create IPUIPlugin
2025-12-02 17:25:22,530 [INFO] PluginManager:220 - loadIPPluginJar : add ucpd
2025-12-02 17:25:22,564 [INFO] IPUIPlugin:80 - create IPUIPlugin
2025-12-02 17:25:22,564 [INFO] PluginManager:220 - loadIPPluginJar : add gic
2025-12-02 17:25:22,580 [INFO] IPUIPlugin:80 - create IPUIPlugin
2025-12-02 17:25:22,581 [INFO] PluginManager:220 - loadIPPluginJar : add adc
2025-12-02 17:25:22,588 [INFO] IPUIPlugin:80 - create IPUIPlugin
2025-12-02 17:25:22,588 [INFO] PluginManager:220 - loadIPPluginJar : add pdm2pcm
2025-12-02 17:25:22,599 [INFO] IPUIPlugin:80 - create IPUIPlugin
2025-12-02 17:25:22,600 [INFO] PluginManager:220 - loadIPPluginJar : add openamp
2025-12-02 17:25:22,602 [INFO] IPUIPlugin:80 - create IPUIPlugin
2025-12-02 17:25:22,602 [INFO] PluginManager:220 - loadIPPluginJar : add ltdc
2025-12-02 17:25:22,618 [INFO] IPUIPlugin:80 - create IPUIPlugin
2025-12-02 17:25:22,618 [INFO] PluginManager:220 - loadIPPluginJar : add fmc
2025-12-02 17:25:22,622 [INFO] IPUIPlugin:80 - create IPUIPlugin
2025-12-02 17:25:22,623 [INFO] PluginManager:220 - loadIPPluginJar : add tracer_emb
2025-12-02 17:25:22,632 [INFO] IPUIPlugin:80 - create IPUIPlugin
2025-12-02 17:25:22,633 [INFO] PluginManager:220 - loadIPPluginJar : add spi
2025-12-02 17:25:22,642 [INFO] IPUIPlugin:80 - create IPUIPlugin
2025-12-02 17:25:22,642 [INFO] PluginManager:220 - loadIPPluginJar : add nvic
2025-12-02 17:25:22,647 [INFO] IPUIPlugin:80 - create IPUIPlugin
2025-12-02 17:25:22,647 [INFO] PluginManager:220 - loadIPPluginJar : add genericplugin
2025-12-02 17:25:22,655 [INFO] IPUIPlugin:80 - create IPUIPlugin
2025-12-02 17:25:22,655 [INFO] PluginManager:220 - loadIPPluginJar : add comp
2025-12-02 17:25:22,662 [INFO] IPUIPlugin:80 - create IPUIPlugin
2025-12-02 17:25:22,664 [INFO] PluginManager:220 - loadIPPluginJar : add hash
2025-12-02 17:25:22,686 [INFO] IPUIPlugin:80 - create IPUIPlugin
2025-12-02 17:25:22,686 [INFO] PluginManager:220 - loadIPPluginJar : add mdma
2025-12-02 17:25:22,693 [INFO] IPUIPlugin:80 - create IPUIPlugin
2025-12-02 17:25:22,696 [INFO] PluginManager:220 - loadIPPluginJar : add usart
2025-12-02 17:25:22,699 [INFO] IPUIPlugin:80 - create IPUIPlugin
2025-12-02 17:25:22,703 [INFO] PluginManager:220 - loadIPPluginJar : add tim
2025-12-02 17:25:22,720 [INFO] IPUIPlugin:80 - create IPUIPlugin
2025-12-02 17:25:22,724 [INFO] PluginManager:220 - loadIPPluginJar : add dma
2025-12-02 17:25:22,728 [INFO] IPUIPlugin:80 - create IPUIPlugin
2025-12-02 17:25:22,728 [INFO] PluginManager:220 - loadIPPluginJar : add gfxmmu
2025-12-02 17:25:22,747 [INFO] IPUIPlugin:80 - create IPUIPlugin
2025-12-02 17:25:22,747 [INFO] PluginManager:220 - loadIPPluginJar : add ipddr
2025-12-02 17:25:22,761 [INFO] IPUIPlugin:80 - create IPUIPlugin
2025-12-02 17:25:22,761 [INFO] PluginManager:220 - loadIPPluginJar : add extmemmanager
2025-12-02 17:25:22,776 [INFO] IPUIPlugin:80 - create IPUIPlugin
2025-12-02 17:25:22,776 [INFO] PluginManager:220 - loadIPPluginJar : add can
2025-12-02 17:25:22,793 [INFO] IPUIPlugin:80 - create IPUIPlugin
2025-12-02 17:25:22,793 [INFO] PluginManager:220 - loadIPPluginJar : add resmgrutility
2025-12-02 17:25:22,806 [INFO] IPUIPlugin:80 - create IPUIPlugin
2025-12-02 17:25:22,806 [INFO] PluginManager:220 - loadIPPluginJar : add lorawan
2025-12-02 17:25:22,831 [INFO] IPUIPlugin:80 - create IPUIPlugin
2025-12-02 17:25:22,832 [INFO] PluginManager:220 - loadIPPluginJar : add linkedlist
2025-12-02 17:25:22,842 [INFO] IPUIPlugin:80 - create IPUIPlugin
2025-12-02 17:25:22,843 [INFO] PluginManager:220 - loadIPPluginJar : add freertos
2025-12-02 17:25:22,846 [INFO] IPUIPlugin:80 - create IPUIPlugin
2025-12-02 17:25:22,846 [INFO] PluginManager:220 - loadIPPluginJar : add tsc
2025-12-02 17:25:22,850 [INFO] IPUIPlugin:80 - create IPUIPlugin
2025-12-02 17:25:22,850 [INFO] PluginManager:220 - loadIPPluginJar : add i2s
2025-12-02 17:25:22,855 [INFO] IPUIPlugin:80 - create IPUIPlugin
2025-12-02 17:25:22,855 [INFO] PluginManager:220 - loadIPPluginJar : add usbx
2025-12-02 17:25:22,860 [INFO] IPUIPlugin:80 - create IPUIPlugin
2025-12-02 17:25:22,860 [INFO] PluginManager:220 - loadIPPluginJar : add gtzc
2025-12-02 17:25:22,872 [INFO] IPUIPlugin:80 - create IPUIPlugin
2025-12-02 17:25:22,881 [INFO] PluginManager:220 - loadIPPluginJar : add plateformsettings
2025-12-02 17:25:22,885 [INFO] IPUIPlugin:80 - create IPUIPlugin
2025-12-02 17:25:22,885 [INFO] PluginManager:220 - loadIPPluginJar : add fatfs
2025-12-02 17:25:22,902 [INFO] IPUIPlugin:80 - create IPUIPlugin
2025-12-02 17:25:22,902 [INFO] PluginManager:220 - loadIPPluginJar : add cryp
2025-12-02 17:25:22,915 [INFO] IPUIPlugin:80 - create IPUIPlugin
2025-12-02 17:25:22,915 [INFO] PluginManager:220 - loadIPPluginJar : add sai
2025-12-02 17:25:22,923 [INFO] IPUIPlugin:80 - create IPUIPlugin
2025-12-02 17:25:22,923 [INFO] PluginManager:220 - loadIPPluginJar : add i2c
2025-12-02 17:25:22,930 [INFO] IPUIPlugin:80 - create IPUIPlugin
2025-12-02 17:25:22,930 [INFO] PluginManager:220 - loadIPPluginJar : add dfsdm
2025-12-02 17:25:22,935 [INFO] IPUIPlugin:80 - create IPUIPlugin
2025-12-02 17:25:22,935 [INFO] PluginManager:220 - loadIPPluginJar : add opamp
2025-12-02 17:25:22,951 [INFO] IPUIPlugin:80 - create IPUIPlugin
2025-12-02 17:25:22,952 [INFO] PluginManager:220 - loadIPPluginJar : add ddr_ctrl_phy
2025-12-02 17:25:22,954 [INFO] IPUIPlugin:80 - create IPUIPlugin
2025-12-02 17:25:22,955 [INFO] PluginManager:220 - loadIPPluginJar : add ts
2025-12-02 17:25:23,097 [FATAL] Updater:351 - Updater called before beeing initialized
2025-12-02 17:25:23,158 [INFO] RulesReader:64 - Compatibility file has been processed (301 Rules)
2025-12-02 17:25:23,182 [INFO] RulesReader:64 - Compatibility file has been processed (301 Rules)
2025-12-02 17:25:23,196 [INFO] CADModel:165 - CPN selected for project level
2025-12-02 17:25:23,196 [INFO] CADModel:114 - Register for checkConnection events
2025-12-02 17:25:23,197 [FATAL] Updater:351 - Updater called before beeing initialized
2025-12-02 17:25:23,197 [ERROR] CADModel:125 - Updater not yet initialized, retry later 
2025-12-02 17:25:23,395 [FATAL] Updater:351 - Updater called before beeing initialized
2025-12-02 17:25:23,397 [INFO] CADModel:165 - CPN selected for project level
2025-12-02 17:25:23,397 [INFO] CADModel:114 - Register for checkConnection events
2025-12-02 17:25:23,398 [FATAL] Updater:351 - Updater called before beeing initialized
2025-12-02 17:25:23,398 [ERROR] CADModel:125 - Updater not yet initialized, retry later 
2025-12-02 17:25:23,402 [FATAL] Updater:351 - Updater called before beeing initialized
2025-12-02 17:25:23,667 [FATAL] Updater:351 - Updater called before beeing initialized
2025-12-02 17:25:23,681 [INFO] DbMcusAds:53 - JSON generation date=Mon Nov 10 16:13:01 IST 2025 (1762771381061)
2025-12-02 17:25:23,681 [FATAL] Updater:351 - Updater called before beeing initialized
2025-12-02 17:25:23,748 [WARN] DetailPanel:346 - Failed to get advertising image, set to default
2025-12-02 17:25:23,837 [INFO] ThirdPartyUpdaterWithRetryManager:70 - Updater plugin not ready yet. [2/15]
2025-12-02 17:25:24,183 [FATAL] Updater:351 - Updater called before beeing initialized
2025-12-02 17:25:24,186 [FATAL] Updater:351 - Updater called before beeing initialized
2025-12-02 17:25:24,186 [FATAL] Updater:351 - Updater called before beeing initialized
2025-12-02 17:25:24,186 [WARN] DetailPanel:346 - Failed to get advertising image, set to default
2025-12-02 17:25:24,187 [FATAL] Updater:351 - Updater called before beeing initialized
2025-12-02 17:25:24,252 [ERROR] Updater:1198 - MainUpdater not yet initialized. External WinMGr cannot be set.
2025-12-02 17:25:24,255 [INFO] Updater:1134 - Updater Version found : 6.14.0
2025-12-02 17:25:24,285 [INFO] ApplicationProperties:184 - Using Application install path: /opt/st/stm32cubeide_1.18.0/plugins/com.st.stm32cube.common.mx_6.14.0.202502271554
2025-12-02 17:25:24,955 [INFO] MainUpdater:2872 - connection check result : 10
2025-12-02 17:25:24,955 [INFO] MainUpdater:289 - Updater Check For Update Now.
2025-12-02 17:25:24,956 [INFO] MicroXplorer:498 - Change Database Version : DB.6.0.140
2025-12-02 17:25:24,967 [INFO] McuFinderGlobals:63 - Set McuFinder mode to 2 (CubeIDE integrated)
2025-12-02 17:25:24,967 [INFO] UserAuth:171 - activating auth plugin
2025-12-02 17:25:24,972 [INFO] UserAuth:486 - Internet connection configuration mode: 1
2025-12-02 17:25:25,031 [INFO] JxBrowserEngine:152 - Initiate JxBrowser Engine with user profile folder
2025-12-02 17:25:25,289 [INFO] CheckServerUpdateThread:120 - End of CheckServer Thread
2025-12-02 17:25:30,947 [WARN] PackLoader:240 - Cannot read IP mode file for STMicroelectronics.FP-SNS-MOTENVWB1.1.4.0
2025-12-02 17:25:31,083 [WARN] PackLoader:240 - Cannot read IP mode file for STMicroelectronics.FP-ATR-ASTRA1.2.0.2
2025-12-02 17:25:31,162 [WARN] PackLoader:240 - Cannot read IP mode file for STMicroelectronics.X-CUBE-SMBUS.2.1.0
2025-12-02 17:25:31,269 [WARN] PackLoader:240 - Cannot read IP mode file for STMicroelectronics.X-CUBE-WB05N.1.1.0
2025-12-02 17:25:31,341 [WARN] PackLoader:240 - Cannot read IP mode file for STMicroelectronics.X-CUBE-ST60.1.0.0
2025-12-02 17:25:31,518 [WARN] PackLoader:240 - Cannot read IP mode file for STMicroelectronics.X-CUBE-AZRTOS-F7.1.1.0
2025-12-02 17:25:31,616 [ERROR] Engine:466 - /home/lenovo/.stm32cubemx/thirdparties/pdsc/STMicroelectronics.FP-SNS-MOTENV1.5.1.0.pdsc: PDSC version is not supported
2025-12-02 17:25:31,787 [WARN] PackLoader:240 - Cannot read IP mode file for Infineon.AIROC-Wi-Fi-Bluetooth-STM32.1.7.0
2025-12-02 17:25:31,959 [WARN] PackLoader:240 - Cannot read IP mode file for STMicroelectronics.X-CUBE-AZRTOS-H7.3.4.0
2025-12-02 17:25:32,077 [WARN] PackLoader:240 - Cannot read IP mode file for STMicroelectronics.X-CUBE-DISPLAY.3.0.0
2025-12-02 17:25:32,190 [WARN] PackLoader:240 - Cannot read IP mode file for STMicroelectronics.X-CUBE-NFC10.1.0.0
2025-12-02 17:25:32,288 [WARN] PackLoader:240 - Cannot read IP mode file for STMicroelectronics.X-CUBE-BLEMGR.4.0.0
2025-12-02 17:25:32,333 [WARN] PackLoader:240 - Cannot read IP mode file for STMicroelectronics.X-CUBE-ST60.1.1.0
2025-12-02 17:25:32,382 [WARN] PackLoader:240 - Cannot read IP mode file for emotas.I-CUBE-CANOPEN.1.3.0
2025-12-02 17:25:32,420 [WARN] PackLoader:240 - Cannot read IP mode file for STMicroelectronics.X-CUBE-GNSS1.7.1.0
2025-12-02 17:25:32,466 [WARN] ConditionMgr:438 - getConditionDescription Invalid condition id : Cortex-A Device cause : null
2025-12-02 17:25:32,515 [WARN] ConditionMgr:1044 - genDependencies : Invalid condition id : Cortex-A Device cause : null
2025-12-02 17:25:32,516 [WARN] ConditionMgr:1044 - genDependencies : Invalid condition id : Cortex-A Device cause : null
2025-12-02 17:25:32,516 [WARN] ConditionMgr:1044 - genDependencies : Invalid condition id : Cortex-A Device cause : null
2025-12-02 17:25:32,520 [WARN] PackLoader:240 - Cannot read IP mode file for STMicroelectronics.X-CUBE-AI.10.0.0
2025-12-02 17:25:32,533 [WARN] PackLoader:240 - Cannot read IP mode file for STMicroelectronics.FP-SNS-SMARTAG2.1.2.0
2025-12-02 17:25:32,539 [WARN] PackLoader:240 - Cannot read IP mode file for STMicroelectronics.FP-SNS-FLIGHT1.5.1.0
2025-12-02 17:25:32,572 [INFO] WebApp:169 - Instantiating new browser for Auth
2025-12-02 17:25:32,640 [WARN] PackLoader:240 - Cannot read IP mode file for STMicroelectronics.X-CUBE-MEMS1.11.1.0
2025-12-02 17:25:32,988 [INFO] LogOutputStream:77 - [STDOUT_REDIRECT] 1 : Invalid condition id : UX_CORESTACK_Condition cause : null
2025-12-02 17:25:32,990 [INFO] LogOutputStream:77 - [STDOUT_REDIRECT] 1 : Invalid condition id : UX_CORESTACK_Condition cause : null
2025-12-02 17:25:32,991 [INFO] LogOutputStream:77 - [STDOUT_REDIRECT] 1 : Invalid condition id : UX_CORESTACK_Condition cause : null
2025-12-02 17:25:32,992 [INFO] LogOutputStream:77 - [STDOUT_REDIRECT] 1 : Invalid condition id : UX_CORESTACK_Condition cause : null
2025-12-02 17:25:32,995 [INFO] LogOutputStream:77 - [STDOUT_REDIRECT] 1 : Invalid condition id : UX_CORESTACK_Condition cause : null
2025-12-02 17:25:33,001 [WARN] PackLoader:240 - Cannot read IP mode file for STMicroelectronics.X-CUBE-AZRTOS-WL.2.0.0
2025-12-02 17:25:33,047 [WARN] PackLoader:240 - Cannot read IP mode file for STMicroelectronics.FP-SNS-MOTENV1.5.0.0
2025-12-02 17:25:33,107 [WARN] PackLoader:240 - Cannot read IP mode file for STMicroelectronics.X-CUBE-AZRTOS-H7RS.1.2.0
2025-12-02 17:25:33,169 [WARN] PackLoader:240 - Cannot read IP mode file for WES.I-CUBE-Cesium.1.3.0
2025-12-02 17:25:33,201 [WARN] PackLoader:240 - Cannot read IP mode file for STMicroelectronics.X-CUBE-BLE2.3.3.0
2025-12-02 17:25:33,284 [WARN] PackLoader:240 - Cannot read IP mode file for STMicroelectronics.X-CUBE-NFC9.1.0.0
2025-12-02 17:25:33,330 [WARN] PackLoader:240 - Cannot read IP mode file for wolfSSL.I-CUBE-wolfSSL.5.8.0
2025-12-02 17:25:33,368 [WARN] PackLoader:240 - Cannot read IP mode file for STMicroelectronics.X-CUBE-BLE1.7.1.0
2025-12-02 17:25:33,386 [WARN] PackLoader:240 - Cannot read IP mode file for wolfSSL.I-CUBE-wolfMQTT.1.19.2
2025-12-02 17:25:33,417 [ERROR] Engine:466 - /home/lenovo/.stm32cubemx/thirdparties/pdsc/STMicroelectronics.X-CUBE-FREERTOS.1.4.0.pdsc: PDSC version is not supported
2025-12-02 17:25:33,440 [WARN] PackLoader:240 - Cannot read IP mode file for STMicroelectronics.X-CUBE-EEPRMA1.5.2.0
2025-12-02 17:25:33,487 [ERROR] Engine:466 - /home/lenovo/.stm32cubemx/thirdparties/pdsc/STMicroelectronics.X-CUBE-ST67W61.1.1.0.pdsc: PDSC version is not supported
2025-12-02 17:25:33,521 [WARN] PackLoader:240 - Cannot read IP mode file for STMicroelectronics.X-CUBE-AI.10.1.0
2025-12-02 17:25:33,753 [WARN] PackLoader:240 - Cannot read IP mode file for STMicroelectronics.X-CUBE-MEMS1.12.0.0
2025-12-02 17:25:34,042 [WARN] PackLoader:240 - Cannot read IP mode file for STMicroelectronics.X-CUBE-MEMS1.11.2.0
2025-12-02 17:25:34,360 [WARN] PackLoader:240 - Cannot read IP mode file for STMicroelectronics.X-CUBE-AZRTOS-G0.1.1.0
2025-12-02 17:25:34,426 [WARN] PackLoader:240 - Cannot read IP mode file for STMicroelectronics.X-CUBE-SAFEA1.1.2.2
2025-12-02 17:25:34,493 [WARN] PackLoader:240 - Cannot read IP mode file for STMicroelectronics.X-CUBE-NFC4.3.0.0
2025-12-02 17:25:34,581 [WARN] PackLoader:240 - Cannot read IP mode file for EmbeddedOffice.I-CUBE-FS-RTOS.1.0.1
2025-12-02 17:25:34,607 [WARN] PackLoader:240 - Cannot read IP mode file for STMicroelectronics.X-CUBE-WB05N.2.0.0
2025-12-02 17:25:34,620 [WARN] PackLoader:240 - Cannot read IP mode file for wolfSSL.I-CUBE-wolfTPM.3.8.0
2025-12-02 17:25:34,649 [WARN] PackLoader:240 - Cannot read IP mode file for STMicroelectronics.X-CUBE-TCPP.4.2.0
2025-12-02 17:25:34,738 [WARN] PackLoader:240 - Cannot read IP mode file for RealThread.X-CUBE-RT-Thread_Nano.4.1.1
2025-12-02 17:25:34,780 [WARN] PackLoader:240 - Cannot read IP mode file for STMicroelectronics.FP-ATR-SIGFOX1.3.2.0
2025-12-02 17:25:34,862 [WARN] PackLoader:240 - Cannot read IP mode file for STMicroelectronics.X-CUBE-EEPRMA1.5.1.0
2025-12-02 17:25:34,951 [WARN] PackLoader:240 - Cannot read IP mode file for wolfSSL.I-CUBE-wolfSSL.5.7.6
2025-12-02 17:25:35,040 [WARN] PackLoader:240 - Cannot read IP mode file for ITTIA_DB.I-CUBE-ITTIADB.8.9.0
2025-12-02 17:25:35,084 [WARN] PackLoader:240 - Cannot read IP mode file for STMicroelectronics.X-CUBE-ST67W61.1.0.0
2025-12-02 17:25:35,409 [WARN] PackLoader:240 - Cannot read IP mode file for SEGGER.I-CUBE-embOS.1.3.1
2025-12-02 17:25:35,660 [WARN] PackLoader:240 - Cannot read IP mode file for STMicroelectronics.X-CUBE-ALGOBUILD.1.4.0
2025-12-02 17:25:36,111 [WARN] PackLoader:240 - Cannot read IP mode file for STMicroelectronics.X-CUBE-MEMS1.11.3.0
2025-12-02 17:25:36,519 [WARN] PackLoader:240 - Cannot read IP mode file for STMicroelectronics.X-CUBE-PM33A1.1.0.0
2025-12-02 17:25:36,575 [WARN] PackLoader:240 - Cannot read IP mode file for STMicroelectronics.X-CUBE-AZRTOS-F4.1.1.0
2025-12-02 17:25:36,586 [WARN] PackLoader:240 - Cannot read IP mode file for Avnet-IotConnect.X-CUBE-IoTC-DA16k-PMOD.1.0.0
2025-12-02 17:25:36,597 [WARN] PackLoader:240 - Cannot read IP mode file for STMicroelectronics.X-CUBE-ISPU.2.1.0
2025-12-02 17:25:36,618 [ERROR] Engine:466 - /home/lenovo/.stm32cubemx/thirdparties/pdsc/STMicroelectronics.X-CUBE-IPS.3.2.0.pdsc: PDSC version is not supported
2025-12-02 17:25:36,634 [WARN] PackLoader:240 - Cannot read IP mode file for STMicroelectronics.X-CUBE-NFC12.1.0.0
2025-12-02 17:25:36,740 [WARN] PackLoader:240 - Cannot read IP mode file for STMicroelectronics.X-CUBE-AZRTOS-L5.2.0.0
2025-12-02 17:25:36,778 [WARN] PackLoader:240 - Cannot read IP mode file for STMicroelectronics.X-CUBE-NFC6.3.1.0
2025-12-02 17:25:36,843 [WARN] PackLoader:240 - Cannot read IP mode file for STMicroelectronics.X-CUBE-FREERTOS.1.3.1
2025-12-02 17:25:36,886 [WARN] PackLoader:240 - Cannot read IP mode file for STMicroelectronics.X-CUBE-FREERTOS.1.3.0
2025-12-02 17:25:36,920 [WARN] PackLoader:240 - Cannot read IP mode file for STMicroelectronics.X-CUBE-NFC7.1.0.1
2025-12-02 17:25:36,952 [WARN] PackLoader:240 - Cannot read IP mode file for STMicroelectronics.X-CUBE-TOUCHGFX.4.26.0
2025-12-02 17:25:36,973 [WARN] PackLoader:240 - Cannot read IP mode file for STMicroelectronics.FP-SNS-STAIOTCFT.1.0.0
2025-12-02 17:25:37,016 [WARN] PackLoader:240 - Cannot read IP mode file for STMicroelectronics.X-CUBE-DPower.1.3.0
2025-12-02 17:25:37,119 [WARN] ConditionMgr:438 - getConditionDescription Invalid condition id : LAN8742 Phy interface Condition cause : null
2025-12-02 17:25:37,120 [WARN] PackLoader:240 - Cannot read IP mode file for STMicroelectronics.X-CUBE-AZRTOS-L4.2.0.0
2025-12-02 17:25:37,126 [WARN] ConditionMgr:1044 - genDependencies : Invalid condition id : LAN8742 Phy interface Condition cause : null
2025-12-02 17:25:37,126 [WARN] ConditionMgr:1044 - genDependencies : Invalid condition id : LAN8742 Phy interface Condition cause : null
2025-12-02 17:25:37,127 [WARN] ConditionMgr:1044 - genDependencies : Invalid condition id : LAN8742 Phy interface Condition cause : null
2025-12-02 17:25:37,184 [WARN] PackLoader:240 - Cannot read IP mode file for STMicroelectronics.X-CUBE-SFXS2LP1.4.0.0
2025-12-02 17:25:37,316 [WARN] PackLoader:240 - Cannot read IP mode file for STMicroelectronics.X-CUBE-AZRTOS-H7.3.3.0
2025-12-02 17:25:37,360 [WARN] PackLoader:240 - Cannot read IP mode file for STMicroelectronics.X-CUBE-BLEMGR.4.1.0
2025-12-02 17:25:37,463 [WARN] ConditionMgr:438 - getConditionDescription Invalid condition id : UX DEVICE CLASS RTOS Condition cause : null
2025-12-02 17:25:37,469 [WARN] ConditionMgr:438 - getConditionDescription Invalid condition id : UX DEVICE CLASS RTOS Condition cause : null
2025-12-02 17:25:37,482 [WARN] PackLoader:240 - Cannot read IP mode file for STMicroelectronics.X-CUBE-AZRTOS-WB.2.0.0
2025-12-02 17:25:37,488 [WARN] ConditionMgr:1044 - genDependencies : Invalid condition id : UX DEVICE CLASS RTOS Condition cause : null
2025-12-02 17:25:37,489 [WARN] ConditionMgr:1044 - genDependencies : Invalid condition id : UX DEVICE CLASS RTOS Condition cause : null
2025-12-02 17:25:37,493 [WARN] ConditionMgr:1044 - genDependencies : Invalid condition id : UX DEVICE CLASS RTOS Condition cause : null
2025-12-02 17:25:37,493 [WARN] ConditionMgr:1044 - genDependencies : Invalid condition id : UX DEVICE CLASS RTOS Condition cause : null
2025-12-02 17:25:37,493 [WARN] ConditionMgr:1044 - genDependencies : Invalid condition id : UX DEVICE CLASS RTOS Condition cause : null
2025-12-02 17:25:37,522 [WARN] PackLoader:240 - Cannot read IP mode file for STMicroelectronics.X-CUBE-GNSS1.7.0.1
2025-12-02 17:25:37,541 [WARN] PackLoader:240 - Cannot read IP mode file for STMicroelectronics.X-CUBE-TOUCHGFX.4.25.0
2025-12-02 17:25:37,573 [WARN] PackLoader:240 - Cannot read IP mode file for STMicroelectronics.FP-SNS-STBOX1.2.0.0
2025-12-02 17:25:37,617 [WARN] PackLoader:240 - Cannot read IP mode file for STMicroelectronics.X-CUBE-SUBG2.5.0.0
2025-12-02 17:25:37,782 [WARN] PackLoader:240 - Cannot read IP mode file for STMicroelectronics.X-CUBE-AZRTOS-H7RS.1.1.0
2025-12-02 17:25:37,823 [WARN] PackLoader:240 - Cannot read IP mode file for Cesanta.I-CUBE-Mongoose.7.13.0
2025-12-02 17:25:37,893 [WARN] PackLoader:240 - Cannot read IP mode file for STMicroelectronics.X-CUBE-AZRTOS-G4.2.0.0
2025-12-02 17:25:37,903 [WARN] PackLoader:240 - Cannot read IP mode file for wolfSSL.I-CUBE-wolfSSH.1.4.20
2025-12-02 17:25:37,917 [WARN] PackLoader:240 - Cannot read IP mode file for STMicroelectronics.X-CUBE-NFC7.2.0.0
2025-12-02 17:25:37,959 [WARN] PackLoader:240 - Cannot read IP mode file for STMicroelectronics.X-CUBE-IPS.3.1.0
2025-12-02 17:25:37,986 [WARN] PackLoader:240 - Cannot read IP mode file for STMicroelectronics.X-CUBE-ALS.1.0.2
2025-12-02 17:25:38,024 [WARN] PackLoader:240 - Cannot read IP mode file for STMicroelectronics.X-CUBE-STSE01.1.0.0
2025-12-02 17:25:38,052 [WARN] PackLoader:240 - Cannot read IP mode file for portGmbH.I-Cube-SoM-uGOAL.1.1.0
2025-12-02 17:25:38,096 [WARN] PackLoader:240 - Cannot read IP mode file for STMicroelectronics.X-CUBE-TOF1.3.4.2
2025-12-02 17:25:38,153 [WARN] PackLoader:240 - Cannot read IP mode file for STMicroelectronics.X-CUBE-TOF1.3.4.3
2025-12-02 17:25:38,189 [INFO] ThirdParty:978 - Integrity check success = true
2025-12-02 17:25:38,189 [INFO] IntegrityCheckThread:100 - exiting critical section [integrity check]
2025-12-02 17:25:38,190 [INFO] IntegrityCheckThread:103 - End integrity checks thread
2025-12-02 17:25:38,822 [INFO] WebApp:463 - Apply proxy settings
2025-12-02 17:25:38,823 [INFO] WebApp:548 - Chromium requires no authentication
2025-12-02 17:25:38,844 [INFO] WebApp:491 - Direct internet connection detected
2025-12-02 17:25:38,938 [INFO] WebApp:894 - Register for checkConnection events
2025-12-02 17:25:38,939 [INFO] WebApp:463 - Apply proxy settings
2025-12-02 17:25:38,939 [INFO] WebApp:548 - Chromium requires no authentication
2025-12-02 17:25:38,941 [INFO] WebApp:491 - Direct internet connection detected
2025-12-02 17:25:39,323 [INFO] WebApp:225 - Starting web application
2025-12-02 17:25:39,324 [INFO] WebApp:593 - Web application path used /opt/st/stm32cubeide_1.18.0/plugins/com.st.stm32cube.common.mx_6.14.0.202502271554/db/plugins/mcufinder/reactClient1/index.html
2025-12-02 17:25:39,623 [INFO] WebApp:191 - Connection restablished
2025-12-02 18:18:13,850 [INFO] WebApp:194 - Connection lost
2025-12-02 18:18:52,779 [INFO] WebApp:191 - Connection restablished
2025-12-02 18:19:11,326 [INFO] WebApp:194 - Connection lost
2025-12-02 18:36:08,328 [INFO] WebApp:191 - Connection restablished
2025-12-02 19:39:36,153 [INFO] WebApp:194 - Connection lost
2025-12-02 21:17:54,447 [INFO] WebApp:191 - Connection restablished
2025-12-02 21:48:50,024 [INFO] WebApp:194 - Connection lost
2025-12-02 21:48:52,410 [INFO] WebApp:191 - Connection restablished
2025-12-02 21:48:54,726 [INFO] WebApp:194 - Connection lost
2025-12-02 21:48:55,555 [INFO] WebApp:191 - Connection restablished
2025-12-02 22:32:27,591 [ERROR] LogOutputStream:75 - [STDERR_REDIRECT] 
