2025-12-13 09:20:12,884 [INFO] Activator:176 - 


2025-12-13 09:20:12,892 [INFO] Activator:177 - !SESSION log4j initialized
2025-12-13 09:20:17,143 [INFO] LogOutputStream:77 - [STDOUT_REDIRECT] 
2025-12-13 09:20:20,421 [INFO] ApplicationProperties:184 - Using Application install path: /opt/st/stm32cubeide_1.18.0/plugins/com.st.stm32cube.common.mx_6.14.0.202502271554
2025-12-13 09:20:20,461 [INFO] DbMcusXml:78 - Set database path to: /opt/st/stm32cubeide_1.18.0/plugins/com.st.stm32cube.common.mx_6.14.0.202502271554//db//mcu/
2025-12-13 09:20:20,461 [INFO] ApiDb:274 - Set plugin database path to: /opt/st/stm32cubeide_1.18.0/plugins/com.st.stm32cube.common.mx_6.14.0.202502271554//db//plugins/boardmanager/
2025-12-13 09:20:20,463 [WARN] ApiDb:259 - Overriding images path with different value:  => /opt/st/stm32cubeide_1.18.0/plugins/com.st.stm32cube.common.mx_6.14.0.202502271554//db//plugins/mcufinder/images/
2025-12-13 09:20:20,481 [INFO] ApiDb:250 - Set database path to: /home/lenovo/.stmcufinder/plugins/mcufinder//mcu/
2025-12-13 09:20:20,483 [INFO] DbMcusAds:125 - Set database path to: /home/lenovo/.stmcufinder/plugins/mcufinder//mcu/
2025-12-13 09:20:20,492 [INFO] CrossReferenceDbSqlite:203 - Set database path to: /home/lenovo/.stmcufinder/plugins/mcufinder//mcu/cs/
2025-12-13 09:20:20,955 [INFO] RulesReader:64 - Compatibility file has been processed (301 Rules)
2025-12-13 09:20:21,230 [INFO] DbMcusXml:78 - Set database path to: /opt/st/stm32cubeide_1.18.0/plugins/com.st.stm32cube.common.mx_6.14.0.202502271554//db//mcu/
2025-12-13 09:20:21,231 [INFO] ApiDb:274 - Set plugin database path to: /opt/st/stm32cubeide_1.18.0/plugins/com.st.stm32cube.common.mx_6.14.0.202502271554//db//plugins/boardmanager/
2025-12-13 09:20:21,231 [INFO] ApiDb:261 - Set plugin images path to: /opt/st/stm32cubeide_1.18.0/plugins/com.st.stm32cube.common.mx_6.14.0.202502271554//db//plugins/mcufinder/images/
2025-12-13 09:20:21,231 [WARN] DbFile:41 - Overriding database path with different value: /home/lenovo/.stmcufinder/plugins/mcufinder/ => /home/lenovo/.stmcufinder/plugins/mcufinder
2025-12-13 09:20:21,232 [INFO] ApiDb:250 - Set database path to: /home/lenovo/.stmcufinder/plugins/mcufinder//mcu/
2025-12-13 09:20:21,232 [WARN] DbFile:41 - Overriding database path with different value: /home/lenovo/.stmcufinder/plugins/mcufinder/ => /home/lenovo/.stmcufinder/plugins/mcufinder
2025-12-13 09:20:21,232 [INFO] DbMcusAds:125 - Set database path to: /home/lenovo/.stmcufinder/plugins/mcufinder//mcu/
2025-12-13 09:20:21,232 [WARN] DbFile:41 - Overriding database path with different value: /home/lenovo/.stmcufinder/plugins/mcufinder/ => /home/lenovo/.stmcufinder/plugins/mcufinder
2025-12-13 09:20:21,232 [WARN] DbFile:41 - Overriding database path with different value: /home/lenovo/.stmcufinder/plugins/mcufinder/ => /home/lenovo/.stmcufinder/plugins/mcufinder
2025-12-13 09:20:21,233 [INFO] CrossReferenceDbSqlite:203 - Set database path to: /home/lenovo/.stmcufinder/plugins/mcufinder//mcu/cs/
2025-12-13 09:20:21,404 [INFO] MainPanel:272 - HeapMemory: 268435456
2025-12-13 09:20:21,601 [INFO] DbMcusXml:78 - Set database path to: /opt/st/stm32cubeide_1.18.0/plugins/com.st.stm32cube.common.mx_6.14.0.202502271554//db//mcu/
2025-12-13 09:20:21,602 [INFO] ApiDb:274 - Set plugin database path to: /opt/st/stm32cubeide_1.18.0/plugins/com.st.stm32cube.common.mx_6.14.0.202502271554//db//plugins/boardmanager/
2025-12-13 09:20:21,602 [INFO] ApiDb:261 - Set plugin images path to: /opt/st/stm32cubeide_1.18.0/plugins/com.st.stm32cube.common.mx_6.14.0.202502271554//db//plugins/mcufinder/images/
2025-12-13 09:20:21,603 [WARN] DbFile:41 - Overriding database path with different value: /home/lenovo/.stmcufinder/plugins/mcufinder/ => /home/lenovo/.stmcufinder/plugins/mcufinder
2025-12-13 09:20:21,603 [INFO] ApiDb:250 - Set database path to: /home/lenovo/.stmcufinder/plugins/mcufinder//mcu/
2025-12-13 09:20:21,603 [WARN] DbFile:41 - Overriding database path with different value: /home/lenovo/.stmcufinder/plugins/mcufinder/ => /home/lenovo/.stmcufinder/plugins/mcufinder
2025-12-13 09:20:21,603 [INFO] DbMcusAds:125 - Set database path to: /home/lenovo/.stmcufinder/plugins/mcufinder//mcu/
2025-12-13 09:20:21,603 [WARN] DbFile:41 - Overriding database path with different value: /home/lenovo/.stmcufinder/plugins/mcufinder/ => /home/lenovo/.stmcufinder/plugins/mcufinder
2025-12-13 09:20:21,604 [WARN] DbFile:41 - Overriding database path with different value: /home/lenovo/.stmcufinder/plugins/mcufinder/ => /home/lenovo/.stmcufinder/plugins/mcufinder
2025-12-13 09:20:21,604 [INFO] CrossReferenceDbSqlite:203 - Set database path to: /home/lenovo/.stmcufinder/plugins/mcufinder//mcu/cs/
2025-12-13 09:20:21,630 [INFO] ApplicationProperties:184 - Using Application install path: /opt/st/stm32cubeide_1.18.0/plugins/com.st.stm32cube.common.mx_6.14.0.202502271554
2025-12-13 09:20:21,632 [INFO] PluginManage:196 - Search for loadable plugins [exclusion list=, ]
2025-12-13 09:20:21,634 [INFO] PluginManage:310 - Check plugin analytics
2025-12-13 09:20:22,079 [INFO] AnalyticsPlugin:253 - Accepted Software Licenses: 
2025-12-13 09:20:22,080 [INFO] AnalyticsPlugin:255 - Accepted CMSIS Pack Licenses: 
2025-12-13 09:20:22,080 [INFO] AnalyticsPlugin:257 - Accepted Firmware Licenses: 
2025-12-13 09:20:22,090 [INFO] PluginManage:359 - Loaded plugin analytics (category:tool,tabindex:-1)
2025-12-13 09:20:22,091 [INFO] PluginManage:310 - Check plugin cadmodel
2025-12-13 09:20:22,099 [INFO] CADModel:105 - Init CAD model plugin
2025-12-13 09:20:22,100 [INFO] PluginManage:359 - Loaded plugin cadmodel (category:power,tabindex:5)
2025-12-13 09:20:22,100 [INFO] PluginManage:310 - Check plugin clock
2025-12-13 09:20:22,117 [INFO] PluginManage:359 - Loaded plugin clock (category:base,tabindex:2)
2025-12-13 09:20:22,117 [INFO] PluginManage:310 - Check plugin ddr
2025-12-13 09:20:22,121 [INFO] PluginManage:359 - Loaded plugin ddr (category:tool,tabindex:6)
2025-12-13 09:20:22,121 [INFO] PluginManage:310 - Check plugin filemanager
2025-12-13 09:20:22,407 [INFO] PluginManage:359 - Loaded plugin filemanager (category:base,tabindex:10)
2025-12-13 09:20:22,408 [INFO] PluginManage:310 - Check plugin ipmanager
2025-12-13 09:20:22,422 [INFO] PluginManage:359 - Loaded plugin ipmanager (category:base,tabindex:5)
2025-12-13 09:20:22,422 [INFO] PluginManage:310 - Check plugin lpbam
2025-12-13 09:20:22,449 [INFO] PluginManage:359 - Loaded plugin lpbam (category:base,tabindex:0)
2025-12-13 09:20:22,449 [INFO] PluginManage:310 - Check plugin memorymap
2025-12-13 09:20:22,478 [INFO] PluginManage:359 - Loaded plugin memorymap (category:base,tabindex:4)
2025-12-13 09:20:22,479 [INFO] PluginManage:310 - Check plugin pinoutandconfiguration
2025-12-13 09:20:22,505 [INFO] PluginManage:359 - Loaded plugin pinoutandconfiguration (category:base,tabindex:1)
2025-12-13 09:20:22,505 [INFO] PluginManage:310 - Check plugin pinoutconfig
2025-12-13 09:20:22,711 [WARN] SupportedApi:132 - Cannot load RTOS API schema: s4s-elt-must-match.1: The content of 'definitions' must match (annotation?, (simpleType | complexType)?, (unique | key | keyref)*)). A problem was found starting at: attribute.
2025-12-13 09:20:23,017 [INFO] PluginManage:359 - Loaded plugin pinoutconfig (category:base,tabindex:0)
2025-12-13 09:20:23,017 [INFO] PluginManage:310 - Check plugin power
2025-12-13 09:20:23,035 [INFO] PluginManage:359 - Loaded plugin power (category:power,tabindex:4)
2025-12-13 09:20:23,036 [INFO] PluginManage:310 - Check plugin projectmanager
2025-12-13 09:20:23,066 [INFO] PluginManage:359 - Loaded plugin projectmanager (category:projectmanager,tabindex:4)
2025-12-13 09:20:23,067 [INFO] PluginManage:310 - Check plugin rif
2025-12-13 09:20:23,084 [INFO] PluginManage:359 - Loaded plugin rif (category:base,tabindex:3)
2025-12-13 09:20:23,084 [INFO] PluginManage:310 - Check plugin thirdparty
2025-12-13 09:20:23,337 [INFO] PluginManage:359 - Loaded plugin thirdparty (category:base,tabindex:-1)
2025-12-13 09:20:23,337 [INFO] PluginManage:310 - Check plugin tools
2025-12-13 09:20:23,338 [WARN] IntegrityCheckThread:84 - waiting for thirdparty lock release [integrity check]
2025-12-13 09:20:23,339 [INFO] IntegrityCheckThread:86 - entering critical section [integrity check]
2025-12-13 09:20:23,340 [INFO] ThirdPartyUpdaterWithRetryManager:70 - Updater plugin not ready yet. [1/15]
2025-12-13 09:20:23,343 [INFO] PluginManage:359 - Loaded plugin tools (category:base,tabindex:7)
2025-12-13 09:20:23,343 [INFO] PluginManage:310 - Check plugin tutovideos
2025-12-13 09:20:23,639 [INFO] PluginManage:359 - Loaded plugin tutovideos (category:base,tabindex:-1)
2025-12-13 09:20:23,639 [INFO] PluginManage:310 - Check plugin updater
2025-12-13 09:20:23,679 [INFO] PluginManage:359 - Loaded plugin updater (category:base,tabindex:12)
2025-12-13 09:20:23,679 [INFO] PluginManage:310 - Check plugin userauth
2025-12-13 09:20:23,685 [INFO] UserAuth:118 - Init User Auth plugin
2025-12-13 09:20:23,686 [INFO] PluginManage:359 - Loaded plugin userauth (category:base,tabindex:14)
2025-12-13 09:20:23,687 [INFO] PluginManage:283 - PluginManage : Loaded plugins [18]
2025-12-13 09:20:23,994 [INFO] PinOutPanel:1589 - setPackage(No Configuration,No Configuration)
2025-12-13 09:20:24,123 [INFO] CADModel:165 - CPN selected for project level
2025-12-13 09:20:24,123 [INFO] CADModel:114 - Register for checkConnection events
2025-12-13 09:20:24,143 [INFO] IPUIPlugin:80 - create IPUIPlugin
2025-12-13 09:20:24,143 [INFO] PluginManager:220 - loadIPPluginJar : add dma3
2025-12-13 09:20:24,151 [INFO] IPUIPlugin:80 - create IPUIPlugin
2025-12-13 09:20:24,151 [INFO] PluginManager:220 - loadIPPluginJar : add gpio
2025-12-13 09:20:24,153 [INFO] IPUIPlugin:80 - create IPUIPlugin
2025-12-13 09:20:24,154 [INFO] PluginManager:220 - loadIPPluginJar : add quadspi
2025-12-13 09:20:24,169 [INFO] IPUIPlugin:80 - create IPUIPlugin
2025-12-13 09:20:24,169 [INFO] PluginManager:220 - loadIPPluginJar : add stm32_wpan
2025-12-13 09:20:24,172 [INFO] IPUIPlugin:80 - create IPUIPlugin
2025-12-13 09:20:24,172 [INFO] PluginManager:220 - loadIPPluginJar : add radio
2025-12-13 09:20:24,176 [INFO] IPUIPlugin:80 - create IPUIPlugin
2025-12-13 09:20:24,176 [INFO] PluginManager:220 - loadIPPluginJar : add i3c
2025-12-13 09:20:24,181 [INFO] IPUIPlugin:80 - create IPUIPlugin
2025-12-13 09:20:24,182 [INFO] PluginManager:220 - loadIPPluginJar : add touchsensing
2025-12-13 09:20:24,185 [INFO] IPUIPlugin:80 - create IPUIPlugin
2025-12-13 09:20:24,185 [INFO] PluginManager:220 - loadIPPluginJar : add aes
2025-12-13 09:20:24,187 [INFO] IPUIPlugin:80 - create IPUIPlugin
2025-12-13 09:20:24,188 [INFO] PluginManager:220 - loadIPPluginJar : add ucpd
2025-12-13 09:20:24,195 [INFO] IPUIPlugin:80 - create IPUIPlugin
2025-12-13 09:20:24,195 [INFO] PluginManager:220 - loadIPPluginJar : add gic
2025-12-13 09:20:24,203 [INFO] IPUIPlugin:80 - create IPUIPlugin
2025-12-13 09:20:24,203 [INFO] PluginManager:220 - loadIPPluginJar : add adc
2025-12-13 09:20:24,207 [INFO] IPUIPlugin:80 - create IPUIPlugin
2025-12-13 09:20:24,207 [INFO] PluginManager:220 - loadIPPluginJar : add pdm2pcm
2025-12-13 09:20:24,211 [INFO] IPUIPlugin:80 - create IPUIPlugin
2025-12-13 09:20:24,212 [INFO] PluginManager:220 - loadIPPluginJar : add openamp
2025-12-13 09:20:24,213 [INFO] IPUIPlugin:80 - create IPUIPlugin
2025-12-13 09:20:24,214 [INFO] PluginManager:220 - loadIPPluginJar : add ltdc
2025-12-13 09:20:24,219 [INFO] IPUIPlugin:80 - create IPUIPlugin
2025-12-13 09:20:24,219 [INFO] PluginManager:220 - loadIPPluginJar : add fmc
2025-12-13 09:20:24,222 [INFO] IPUIPlugin:80 - create IPUIPlugin
2025-12-13 09:20:24,223 [INFO] PluginManager:220 - loadIPPluginJar : add tracer_emb
2025-12-13 09:20:24,226 [INFO] IPUIPlugin:80 - create IPUIPlugin
2025-12-13 09:20:24,226 [INFO] PluginManager:220 - loadIPPluginJar : add spi
2025-12-13 09:20:24,231 [INFO] IPUIPlugin:80 - create IPUIPlugin
2025-12-13 09:20:24,231 [INFO] PluginManager:220 - loadIPPluginJar : add nvic
2025-12-13 09:20:24,233 [INFO] IPUIPlugin:80 - create IPUIPlugin
2025-12-13 09:20:24,233 [INFO] PluginManager:220 - loadIPPluginJar : add genericplugin
2025-12-13 09:20:24,236 [INFO] IPUIPlugin:80 - create IPUIPlugin
2025-12-13 09:20:24,236 [INFO] PluginManager:220 - loadIPPluginJar : add comp
2025-12-13 09:20:24,239 [INFO] IPUIPlugin:80 - create IPUIPlugin
2025-12-13 09:20:24,239 [INFO] PluginManager:220 - loadIPPluginJar : add hash
2025-12-13 09:20:24,248 [INFO] IPUIPlugin:80 - create IPUIPlugin
2025-12-13 09:20:24,248 [INFO] PluginManager:220 - loadIPPluginJar : add mdma
2025-12-13 09:20:24,252 [INFO] IPUIPlugin:80 - create IPUIPlugin
2025-12-13 09:20:24,252 [INFO] PluginManager:220 - loadIPPluginJar : add usart
2025-12-13 09:20:24,254 [INFO] IPUIPlugin:80 - create IPUIPlugin
2025-12-13 09:20:24,255 [INFO] PluginManager:220 - loadIPPluginJar : add tim
2025-12-13 09:20:24,262 [INFO] IPUIPlugin:80 - create IPUIPlugin
2025-12-13 09:20:24,263 [INFO] PluginManager:220 - loadIPPluginJar : add dma
2025-12-13 09:20:24,266 [INFO] IPUIPlugin:80 - create IPUIPlugin
2025-12-13 09:20:24,266 [INFO] PluginManager:220 - loadIPPluginJar : add gfxmmu
2025-12-13 09:20:24,270 [INFO] IPUIPlugin:80 - create IPUIPlugin
2025-12-13 09:20:24,271 [INFO] PluginManager:220 - loadIPPluginJar : add ipddr
2025-12-13 09:20:24,274 [INFO] IPUIPlugin:80 - create IPUIPlugin
2025-12-13 09:20:24,274 [INFO] PluginManager:220 - loadIPPluginJar : add extmemmanager
2025-12-13 09:20:24,277 [INFO] IPUIPlugin:80 - create IPUIPlugin
2025-12-13 09:20:24,278 [INFO] PluginManager:220 - loadIPPluginJar : add can
2025-12-13 09:20:24,282 [INFO] IPUIPlugin:80 - create IPUIPlugin
2025-12-13 09:20:24,282 [INFO] PluginManager:220 - loadIPPluginJar : add resmgrutility
2025-12-13 09:20:24,285 [INFO] IPUIPlugin:80 - create IPUIPlugin
2025-12-13 09:20:24,286 [INFO] PluginManager:220 - loadIPPluginJar : add lorawan
2025-12-13 09:20:24,295 [INFO] IPUIPlugin:80 - create IPUIPlugin
2025-12-13 09:20:24,295 [INFO] PluginManager:220 - loadIPPluginJar : add linkedlist
2025-12-13 09:20:24,302 [INFO] IPUIPlugin:80 - create IPUIPlugin
2025-12-13 09:20:24,302 [INFO] PluginManager:220 - loadIPPluginJar : add freertos
2025-12-13 09:20:24,305 [INFO] IPUIPlugin:80 - create IPUIPlugin
2025-12-13 09:20:24,305 [INFO] PluginManager:220 - loadIPPluginJar : add tsc
2025-12-13 09:20:24,309 [INFO] IPUIPlugin:80 - create IPUIPlugin
2025-12-13 09:20:24,309 [INFO] PluginManager:220 - loadIPPluginJar : add i2s
2025-12-13 09:20:24,314 [INFO] IPUIPlugin:80 - create IPUIPlugin
2025-12-13 09:20:24,314 [INFO] PluginManager:220 - loadIPPluginJar : add usbx
2025-12-13 09:20:24,318 [INFO] IPUIPlugin:80 - create IPUIPlugin
2025-12-13 09:20:24,318 [INFO] PluginManager:220 - loadIPPluginJar : add gtzc
2025-12-13 09:20:24,327 [INFO] IPUIPlugin:80 - create IPUIPlugin
2025-12-13 09:20:24,331 [INFO] PluginManager:220 - loadIPPluginJar : add plateformsettings
2025-12-13 09:20:24,333 [INFO] IPUIPlugin:80 - create IPUIPlugin
2025-12-13 09:20:24,333 [INFO] PluginManager:220 - loadIPPluginJar : add fatfs
2025-12-13 09:20:24,336 [INFO] IPUIPlugin:80 - create IPUIPlugin
2025-12-13 09:20:24,336 [INFO] PluginManager:220 - loadIPPluginJar : add cryp
2025-12-13 09:20:24,340 [INFO] IPUIPlugin:80 - create IPUIPlugin
2025-12-13 09:20:24,340 [INFO] PluginManager:220 - loadIPPluginJar : add sai
2025-12-13 09:20:24,343 [INFO] IPUIPlugin:80 - create IPUIPlugin
2025-12-13 09:20:24,344 [INFO] PluginManager:220 - loadIPPluginJar : add i2c
2025-12-13 09:20:24,347 [INFO] IPUIPlugin:80 - create IPUIPlugin
2025-12-13 09:20:24,347 [INFO] PluginManager:220 - loadIPPluginJar : add dfsdm
2025-12-13 09:20:24,351 [INFO] IPUIPlugin:80 - create IPUIPlugin
2025-12-13 09:20:24,351 [INFO] PluginManager:220 - loadIPPluginJar : add opamp
2025-12-13 09:20:24,358 [INFO] IPUIPlugin:80 - create IPUIPlugin
2025-12-13 09:20:24,358 [INFO] PluginManager:220 - loadIPPluginJar : add ddr_ctrl_phy
2025-12-13 09:20:24,361 [INFO] IPUIPlugin:80 - create IPUIPlugin
2025-12-13 09:20:24,361 [INFO] PluginManager:220 - loadIPPluginJar : add ts
2025-12-13 09:20:24,487 [FATAL] Updater:351 - Updater called before beeing initialized
2025-12-13 09:20:24,570 [INFO] RulesReader:64 - Compatibility file has been processed (301 Rules)
2025-12-13 09:20:24,592 [INFO] RulesReader:64 - Compatibility file has been processed (301 Rules)
2025-12-13 09:20:24,604 [INFO] CADModel:165 - CPN selected for project level
2025-12-13 09:20:24,604 [INFO] CADModel:114 - Register for checkConnection events
2025-12-13 09:20:24,604 [FATAL] Updater:351 - Updater called before beeing initialized
2025-12-13 09:20:24,604 [ERROR] CADModel:125 - Updater not yet initialized, retry later 
2025-12-13 09:20:24,864 [FATAL] Updater:351 - Updater called before beeing initialized
2025-12-13 09:20:24,867 [INFO] CADModel:165 - CPN selected for project level
2025-12-13 09:20:24,867 [INFO] CADModel:114 - Register for checkConnection events
2025-12-13 09:20:24,867 [FATAL] Updater:351 - Updater called before beeing initialized
2025-12-13 09:20:24,867 [ERROR] CADModel:125 - Updater not yet initialized, retry later 
2025-12-13 09:20:24,871 [FATAL] Updater:351 - Updater called before beeing initialized
2025-12-13 09:20:25,041 [FATAL] Updater:351 - Updater called before beeing initialized
2025-12-13 09:20:25,051 [INFO] DbMcusAds:53 - JSON generation date=Mon Dec 08 19:58:09 IST 2025 (1765204089858)
2025-12-13 09:20:25,051 [FATAL] Updater:351 - Updater called before beeing initialized
2025-12-13 09:20:25,151 [WARN] DetailPanel:346 - Failed to get advertising image, set to default
2025-12-13 09:20:25,813 [FATAL] Updater:351 - Updater called before beeing initialized
2025-12-13 09:20:25,816 [FATAL] Updater:351 - Updater called before beeing initialized
2025-12-13 09:20:25,817 [FATAL] Updater:351 - Updater called before beeing initialized
2025-12-13 09:20:25,817 [WARN] DetailPanel:346 - Failed to get advertising image, set to default
2025-12-13 09:20:25,820 [FATAL] Updater:351 - Updater called before beeing initialized
2025-12-13 09:20:25,886 [ERROR] Updater:1198 - MainUpdater not yet initialized. External WinMGr cannot be set.
2025-12-13 09:20:25,889 [INFO] Updater:1134 - Updater Version found : 6.14.0
2025-12-13 09:20:25,925 [INFO] ApplicationProperties:184 - Using Application install path: /opt/st/stm32cubeide_1.18.0/plugins/com.st.stm32cube.common.mx_6.14.0.202502271554
2025-12-13 09:20:26,341 [INFO] ThirdPartyUpdaterWithRetryManager:70 - Updater plugin not ready yet. [2/15]
2025-12-13 09:20:26,807 [INFO] MainUpdater:2872 - connection check result : 10
2025-12-13 09:20:26,808 [INFO] MainUpdater:289 - Updater Check For Update Now.
2025-12-13 09:20:26,808 [INFO] MicroXplorer:498 - Change Database Version : DB.6.0.140
2025-12-13 09:20:26,819 [INFO] McuFinderGlobals:63 - Set McuFinder mode to 2 (CubeIDE integrated)
2025-12-13 09:20:26,819 [INFO] UserAuth:171 - activating auth plugin
2025-12-13 09:20:26,829 [INFO] UserAuth:486 - Internet connection configuration mode: 1
2025-12-13 09:20:26,894 [INFO] JxBrowserEngine:152 - Initiate JxBrowser Engine with user profile folder
2025-12-13 09:20:27,176 [INFO] CheckServerUpdateThread:120 - End of CheckServer Thread
2025-12-13 09:20:30,222 [WARN] PackLoader:240 - Cannot read IP mode file for STMicroelectronics.FP-SNS-MOTENVWB1.1.4.0
2025-12-13 09:20:30,249 [WARN] PackLoader:240 - Cannot read IP mode file for STMicroelectronics.FP-ATR-ASTRA1.2.0.2
2025-12-13 09:20:30,265 [WARN] PackLoader:240 - Cannot read IP mode file for STMicroelectronics.X-CUBE-SMBUS.2.1.0
2025-12-13 09:20:30,284 [WARN] PackLoader:240 - Cannot read IP mode file for STMicroelectronics.X-CUBE-WB05N.1.1.0
2025-12-13 09:20:30,299 [WARN] PackLoader:240 - Cannot read IP mode file for STMicroelectronics.X-CUBE-ST60.1.0.0
2025-12-13 09:20:30,389 [WARN] PackLoader:240 - Cannot read IP mode file for STMicroelectronics.X-CUBE-AZRTOS-F7.1.1.0
2025-12-13 09:20:30,408 [ERROR] Engine:466 - /home/lenovo/.stm32cubemx/thirdparties/pdsc/STMicroelectronics.FP-SNS-MOTENV1.5.1.0.pdsc: PDSC version is not supported
2025-12-13 09:20:30,467 [WARN] PackLoader:240 - Cannot read IP mode file for Infineon.AIROC-Wi-Fi-Bluetooth-STM32.1.7.0
2025-12-13 09:20:30,532 [WARN] PackLoader:240 - Cannot read IP mode file for STMicroelectronics.X-CUBE-AZRTOS-H7.3.4.0
2025-12-13 09:20:30,555 [WARN] PackLoader:240 - Cannot read IP mode file for STMicroelectronics.X-CUBE-DISPLAY.3.0.0
2025-12-13 09:20:30,581 [WARN] PackLoader:240 - Cannot read IP mode file for STMicroelectronics.X-CUBE-NFC10.1.0.0
2025-12-13 09:20:30,606 [WARN] PackLoader:240 - Cannot read IP mode file for STMicroelectronics.X-CUBE-BLEMGR.4.0.0
2025-12-13 09:20:30,621 [WARN] PackLoader:240 - Cannot read IP mode file for STMicroelectronics.X-CUBE-ST60.1.1.0
2025-12-13 09:20:30,633 [WARN] PackLoader:240 - Cannot read IP mode file for emotas.I-CUBE-CANOPEN.1.3.0
2025-12-13 09:20:30,646 [WARN] PackLoader:240 - Cannot read IP mode file for STMicroelectronics.X-CUBE-GNSS1.7.1.0
2025-12-13 09:20:30,658 [WARN] ConditionMgr:438 - getConditionDescription Invalid condition id : Cortex-A Device cause : null
2025-12-13 09:20:30,678 [WARN] ConditionMgr:1044 - genDependencies : Invalid condition id : Cortex-A Device cause : null
2025-12-13 09:20:30,679 [WARN] ConditionMgr:1044 - genDependencies : Invalid condition id : Cortex-A Device cause : null
2025-12-13 09:20:30,679 [WARN] ConditionMgr:1044 - genDependencies : Invalid condition id : Cortex-A Device cause : null
2025-12-13 09:20:30,685 [WARN] PackLoader:240 - Cannot read IP mode file for STMicroelectronics.X-CUBE-AI.10.0.0
2025-12-13 09:20:30,696 [WARN] PackLoader:240 - Cannot read IP mode file for STMicroelectronics.FP-SNS-SMARTAG2.1.2.0
2025-12-13 09:20:30,704 [WARN] PackLoader:240 - Cannot read IP mode file for STMicroelectronics.FP-SNS-FLIGHT1.5.1.0
2025-12-13 09:20:30,729 [INFO] WebApp:169 - Instantiating new browser for Auth
2025-12-13 09:20:30,881 [WARN] PackLoader:240 - Cannot read IP mode file for STMicroelectronics.X-CUBE-MEMS1.11.1.0
2025-12-13 09:20:31,696 [INFO] LogOutputStream:77 - [STDOUT_REDIRECT] 1 : Invalid condition id : UX_CORESTACK_Condition cause : null
2025-12-13 09:20:31,700 [INFO] LogOutputStream:77 - [STDOUT_REDIRECT] 1 : Invalid condition id : UX_CORESTACK_Condition cause : null
2025-12-13 09:20:31,701 [INFO] LogOutputStream:77 - [STDOUT_REDIRECT] 1 : Invalid condition id : UX_CORESTACK_Condition cause : null
2025-12-13 09:20:31,702 [INFO] LogOutputStream:77 - [STDOUT_REDIRECT] 1 : Invalid condition id : UX_CORESTACK_Condition cause : null
2025-12-13 09:20:31,702 [INFO] LogOutputStream:77 - [STDOUT_REDIRECT] 1 : Invalid condition id : UX_CORESTACK_Condition cause : null
2025-12-13 09:20:31,747 [WARN] PackLoader:240 - Cannot read IP mode file for STMicroelectronics.X-CUBE-AZRTOS-WL.2.0.0
2025-12-13 09:20:31,773 [WARN] PackLoader:240 - Cannot read IP mode file for STMicroelectronics.FP-SNS-MOTENV1.5.0.0
2025-12-13 09:20:31,865 [WARN] PackLoader:240 - Cannot read IP mode file for STMicroelectronics.X-CUBE-AZRTOS-H7RS.1.2.0
2025-12-13 09:20:31,907 [WARN] PackLoader:240 - Cannot read IP mode file for WES.I-CUBE-Cesium.1.3.0
2025-12-13 09:20:31,925 [WARN] PackLoader:240 - Cannot read IP mode file for STMicroelectronics.X-CUBE-BLE2.3.3.0
2025-12-13 09:20:31,975 [WARN] PackLoader:240 - Cannot read IP mode file for STMicroelectronics.X-CUBE-NFC9.1.0.0
2025-12-13 09:20:31,983 [WARN] PackLoader:240 - Cannot read IP mode file for wolfSSL.I-CUBE-wolfSSL.5.8.0
2025-12-13 09:20:31,993 [WARN] PackLoader:240 - Cannot read IP mode file for STMicroelectronics.X-CUBE-BLE1.7.1.0
2025-12-13 09:20:32,006 [WARN] PackLoader:240 - Cannot read IP mode file for wolfSSL.I-CUBE-wolfMQTT.1.19.2
2025-12-13 09:20:32,015 [ERROR] Engine:466 - /home/lenovo/.stm32cubemx/thirdparties/pdsc/STMicroelectronics.X-CUBE-FREERTOS.1.4.0.pdsc: PDSC version is not supported
2025-12-13 09:20:32,029 [WARN] PackLoader:240 - Cannot read IP mode file for STMicroelectronics.X-CUBE-EEPRMA1.5.2.0
2025-12-13 09:20:32,041 [ERROR] Engine:466 - /home/lenovo/.stm32cubemx/thirdparties/pdsc/STMicroelectronics.X-CUBE-ST67W61.1.1.0.pdsc: PDSC version is not supported
2025-12-13 09:20:32,046 [WARN] PackLoader:240 - Cannot read IP mode file for STMicroelectronics.X-CUBE-AI.10.1.0
2025-12-13 09:20:32,184 [WARN] PackLoader:240 - Cannot read IP mode file for STMicroelectronics.X-CUBE-MEMS1.12.0.0
2025-12-13 09:20:32,403 [WARN] PackLoader:240 - Cannot read IP mode file for STMicroelectronics.X-CUBE-MEMS1.11.2.0
2025-12-13 09:20:32,651 [WARN] PackLoader:240 - Cannot read IP mode file for STMicroelectronics.X-CUBE-AZRTOS-G0.1.1.0
2025-12-13 09:20:32,663 [WARN] PackLoader:240 - Cannot read IP mode file for STMicroelectronics.X-CUBE-SAFEA1.1.2.2
2025-12-13 09:20:32,677 [WARN] PackLoader:240 - Cannot read IP mode file for STMicroelectronics.X-CUBE-NFC4.3.0.0
2025-12-13 09:20:32,691 [WARN] PackLoader:240 - Cannot read IP mode file for EmbeddedOffice.I-CUBE-FS-RTOS.1.0.1
2025-12-13 09:20:32,700 [WARN] PackLoader:240 - Cannot read IP mode file for STMicroelectronics.X-CUBE-WB05N.2.0.0
2025-12-13 09:20:32,706 [WARN] PackLoader:240 - Cannot read IP mode file for wolfSSL.I-CUBE-wolfTPM.3.8.0
2025-12-13 09:20:32,716 [WARN] PackLoader:240 - Cannot read IP mode file for STMicroelectronics.X-CUBE-TCPP.4.2.0
2025-12-13 09:20:32,725 [WARN] PackLoader:240 - Cannot read IP mode file for RealThread.X-CUBE-RT-Thread_Nano.4.1.1
2025-12-13 09:20:32,730 [WARN] PackLoader:240 - Cannot read IP mode file for STMicroelectronics.FP-ATR-SIGFOX1.3.2.0
2025-12-13 09:20:32,739 [WARN] PackLoader:240 - Cannot read IP mode file for STMicroelectronics.X-CUBE-EEPRMA1.5.1.0
2025-12-13 09:20:32,746 [WARN] PackLoader:240 - Cannot read IP mode file for wolfSSL.I-CUBE-wolfSSL.5.7.6
2025-12-13 09:20:32,756 [WARN] PackLoader:240 - Cannot read IP mode file for ITTIA_DB.I-CUBE-ITTIADB.8.9.0
2025-12-13 09:20:32,765 [WARN] PackLoader:240 - Cannot read IP mode file for STMicroelectronics.X-CUBE-ST67W61.1.0.0
2025-12-13 09:20:32,807 [WARN] PackLoader:240 - Cannot read IP mode file for SEGGER.I-CUBE-embOS.1.3.1
2025-12-13 09:20:32,912 [WARN] PackLoader:240 - Cannot read IP mode file for STMicroelectronics.X-CUBE-ALGOBUILD.1.4.0
2025-12-13 09:20:33,014 [WARN] PackLoader:240 - Cannot read IP mode file for STMicroelectronics.X-CUBE-MEMS1.11.3.0
2025-12-13 09:20:33,546 [WARN] PackLoader:240 - Cannot read IP mode file for STMicroelectronics.X-CUBE-PM33A1.1.0.0
2025-12-13 09:20:33,576 [WARN] PackLoader:240 - Cannot read IP mode file for STMicroelectronics.X-CUBE-AZRTOS-F4.1.1.0
2025-12-13 09:20:33,584 [WARN] PackLoader:240 - Cannot read IP mode file for Avnet-IotConnect.X-CUBE-IoTC-DA16k-PMOD.1.0.0
2025-12-13 09:20:33,595 [WARN] PackLoader:240 - Cannot read IP mode file for STMicroelectronics.X-CUBE-ISPU.2.1.0
2025-12-13 09:20:33,610 [ERROR] Engine:466 - /home/lenovo/.stm32cubemx/thirdparties/pdsc/STMicroelectronics.X-CUBE-IPS.3.2.0.pdsc: PDSC version is not supported
2025-12-13 09:20:33,643 [WARN] PackLoader:240 - Cannot read IP mode file for STMicroelectronics.X-CUBE-NFC12.1.0.0
2025-12-13 09:20:33,707 [WARN] PackLoader:240 - Cannot read IP mode file for STMicroelectronics.X-CUBE-AZRTOS-L5.2.0.0
2025-12-13 09:20:33,751 [WARN] PackLoader:240 - Cannot read IP mode file for STMicroelectronics.X-CUBE-NFC6.3.1.0
2025-12-13 09:20:33,795 [WARN] PackLoader:240 - Cannot read IP mode file for STMicroelectronics.X-CUBE-FREERTOS.1.3.1
2025-12-13 09:20:33,804 [WARN] PackLoader:240 - Cannot read IP mode file for STMicroelectronics.X-CUBE-FREERTOS.1.3.0
2025-12-13 09:20:33,831 [WARN] PackLoader:240 - Cannot read IP mode file for STMicroelectronics.X-CUBE-NFC7.1.0.1
2025-12-13 09:20:33,838 [INFO] WebApp:463 - Apply proxy settings
2025-12-13 09:20:33,839 [INFO] WebApp:548 - Chromium requires no authentication
2025-12-13 09:20:33,848 [WARN] PackLoader:240 - Cannot read IP mode file for STMicroelectronics.X-CUBE-TOUCHGFX.4.26.0
2025-12-13 09:20:33,857 [WARN] PackLoader:240 - Cannot read IP mode file for STMicroelectronics.FP-SNS-STAIOTCFT.1.0.0
2025-12-13 09:20:33,868 [WARN] PackLoader:240 - Cannot read IP mode file for STMicroelectronics.X-CUBE-DPower.1.3.0
2025-12-13 09:20:33,870 [INFO] WebApp:491 - Direct internet connection detected
2025-12-13 09:20:33,938 [WARN] ConditionMgr:438 - getConditionDescription Invalid condition id : LAN8742 Phy interface Condition cause : null
2025-12-13 09:20:33,943 [WARN] PackLoader:240 - Cannot read IP mode file for STMicroelectronics.X-CUBE-AZRTOS-L4.2.0.0
2025-12-13 09:20:33,945 [INFO] WebApp:894 - Register for checkConnection events
2025-12-13 09:20:33,945 [INFO] WebApp:463 - Apply proxy settings
2025-12-13 09:20:33,945 [INFO] WebApp:548 - Chromium requires no authentication
2025-12-13 09:20:33,946 [WARN] ConditionMgr:1044 - genDependencies : Invalid condition id : LAN8742 Phy interface Condition cause : null
2025-12-13 09:20:33,947 [INFO] WebApp:491 - Direct internet connection detected
2025-12-13 09:20:33,947 [WARN] ConditionMgr:1044 - genDependencies : Invalid condition id : LAN8742 Phy interface Condition cause : null
2025-12-13 09:20:33,949 [WARN] ConditionMgr:1044 - genDependencies : Invalid condition id : LAN8742 Phy interface Condition cause : null
2025-12-13 09:20:33,976 [WARN] PackLoader:240 - Cannot read IP mode file for STMicroelectronics.X-CUBE-SFXS2LP1.4.0.0
2025-12-13 09:20:34,058 [WARN] PackLoader:240 - Cannot read IP mode file for STMicroelectronics.X-CUBE-AZRTOS-H7.3.3.0
2025-12-13 09:20:34,083 [WARN] PackLoader:240 - Cannot read IP mode file for STMicroelectronics.X-CUBE-BLEMGR.4.1.0
2025-12-13 09:20:34,114 [WARN] ConditionMgr:438 - getConditionDescription Invalid condition id : UX DEVICE CLASS RTOS Condition cause : null
2025-12-13 09:20:34,114 [WARN] ConditionMgr:438 - getConditionDescription Invalid condition id : UX DEVICE CLASS RTOS Condition cause : null
2025-12-13 09:20:34,121 [WARN] PackLoader:240 - Cannot read IP mode file for STMicroelectronics.X-CUBE-AZRTOS-WB.2.0.0
2025-12-13 09:20:34,122 [WARN] ConditionMgr:1044 - genDependencies : Invalid condition id : UX DEVICE CLASS RTOS Condition cause : null
2025-12-13 09:20:34,122 [WARN] ConditionMgr:1044 - genDependencies : Invalid condition id : UX DEVICE CLASS RTOS Condition cause : null
2025-12-13 09:20:34,123 [WARN] ConditionMgr:1044 - genDependencies : Invalid condition id : UX DEVICE CLASS RTOS Condition cause : null
2025-12-13 09:20:34,123 [WARN] ConditionMgr:1044 - genDependencies : Invalid condition id : UX DEVICE CLASS RTOS Condition cause : null
2025-12-13 09:20:34,123 [WARN] ConditionMgr:1044 - genDependencies : Invalid condition id : UX DEVICE CLASS RTOS Condition cause : null
2025-12-13 09:20:34,131 [WARN] PackLoader:240 - Cannot read IP mode file for STMicroelectronics.X-CUBE-GNSS1.7.0.1
2025-12-13 09:20:34,138 [WARN] PackLoader:240 - Cannot read IP mode file for STMicroelectronics.X-CUBE-TOUCHGFX.4.25.0
2025-12-13 09:20:34,155 [WARN] PackLoader:240 - Cannot read IP mode file for STMicroelectronics.FP-SNS-STBOX1.2.0.0
2025-12-13 09:20:34,178 [WARN] PackLoader:240 - Cannot read IP mode file for STMicroelectronics.X-CUBE-SUBG2.5.0.0
2025-12-13 09:20:34,243 [WARN] PackLoader:240 - Cannot read IP mode file for STMicroelectronics.X-CUBE-AZRTOS-H7RS.1.1.0
2025-12-13 09:20:34,252 [WARN] PackLoader:240 - Cannot read IP mode file for Cesanta.I-CUBE-Mongoose.7.13.0
2025-12-13 09:20:34,290 [WARN] PackLoader:240 - Cannot read IP mode file for STMicroelectronics.X-CUBE-AZRTOS-G4.2.0.0
2025-12-13 09:20:34,301 [WARN] PackLoader:240 - Cannot read IP mode file for wolfSSL.I-CUBE-wolfSSH.1.4.20
2025-12-13 09:20:34,319 [WARN] PackLoader:240 - Cannot read IP mode file for STMicroelectronics.X-CUBE-NFC7.2.0.0
2025-12-13 09:20:34,351 [WARN] PackLoader:240 - Cannot read IP mode file for STMicroelectronics.X-CUBE-IPS.3.1.0
2025-12-13 09:20:34,395 [WARN] PackLoader:240 - Cannot read IP mode file for STMicroelectronics.X-CUBE-ALS.1.0.2
2025-12-13 09:20:34,426 [WARN] PackLoader:240 - Cannot read IP mode file for STMicroelectronics.X-CUBE-STSE01.1.0.0
2025-12-13 09:20:34,452 [WARN] PackLoader:240 - Cannot read IP mode file for portGmbH.I-Cube-SoM-uGOAL.1.1.0
2025-12-13 09:20:34,483 [INFO] WebApp:191 - Connection restablished
2025-12-13 09:20:34,503 [WARN] PackLoader:240 - Cannot read IP mode file for STMicroelectronics.X-CUBE-TOF1.3.4.2
2025-12-13 09:20:34,542 [INFO] WebApp:225 - Starting web application
2025-12-13 09:20:34,542 [INFO] WebApp:593 - Web application path used /opt/st/stm32cubeide_1.18.0/plugins/com.st.stm32cube.common.mx_6.14.0.202502271554/db/plugins/mcufinder/reactClient1/index.html
2025-12-13 09:20:34,606 [WARN] PackLoader:240 - Cannot read IP mode file for STMicroelectronics.X-CUBE-TOF1.3.4.3
2025-12-13 09:20:34,698 [INFO] ThirdParty:978 - Integrity check success = true
2025-12-13 09:20:34,699 [INFO] IntegrityCheckThread:100 - exiting critical section [integrity check]
2025-12-13 09:20:34,699 [INFO] IntegrityCheckThread:103 - End integrity checks thread
2025-12-13 09:22:17,728 [ERROR] LogOutputStream:75 - [STDERR_REDIRECT] Dec 13, 2025 9:22:17 AM java.util.prefs.FileSystemPreferences$6 run
2025-12-13 09:22:17,729 [ERROR] LogOutputStream:75 - [STDERR_REDIRECT] WARNING: Invalid preferences format in /home/lenovo/.java/.userPrefs/com/st/library/analyticscore/prefs.xml
2025-12-13 09:22:17,731 [ERROR] LogOutputStream:75 - [STDERR_REDIRECT] 
2025-12-13 09:22:47,700 [ERROR] LogOutputStream:75 - [STDERR_REDIRECT] Dec 13, 2025 9:22:47 AM java.util.prefs.FileSystemPreferences$6 run
2025-12-13 09:22:47,701 [ERROR] LogOutputStream:75 - [STDERR_REDIRECT] WARNING: Prefs file removed in background /home/lenovo/.java/.userPrefs/com/st/library/analyticscore/prefs.xml
2025-12-13 09:22:47,701 [ERROR] LogOutputStream:75 - [STDERR_REDIRECT] 
2025-12-13 10:38:47,725 [ERROR] LogOutputStream:75 - [STDERR_REDIRECT] Dec 13, 2025 10:38:47 AM java.util.prefs.FileSystemPreferences$6 run
2025-12-13 10:38:47,728 [ERROR] LogOutputStream:75 - [STDERR_REDIRECT] WARNING: Invalid preferences format in /home/lenovo/.java/.userPrefs/com/st/library/analyticscore/prefs.xml
2025-12-13 10:38:47,728 [ERROR] LogOutputStream:75 - [STDERR_REDIRECT] 
2025-12-13 10:39:17,717 [ERROR] LogOutputStream:75 - [STDERR_REDIRECT] Dec 13, 2025 10:39:17 AM java.util.prefs.FileSystemPreferences$6 run
2025-12-13 10:39:17,717 [ERROR] LogOutputStream:75 - [STDERR_REDIRECT] WARNING: Invalid preferences format in /home/lenovo/.java/.userPrefs/com/st/library/analyticscore/prefs.xml
2025-12-13 10:39:17,719 [ERROR] LogOutputStream:75 - [STDERR_REDIRECT] 
2025-12-13 10:39:47,721 [ERROR] LogOutputStream:75 - [STDERR_REDIRECT] Dec 13, 2025 10:39:47 AM java.util.prefs.FileSystemPreferences$6 run
2025-12-13 10:39:47,722 [ERROR] LogOutputStream:75 - [STDERR_REDIRECT] WARNING: Prefs file removed in background /home/lenovo/.java/.userPrefs/com/st/library/analyticscore/prefs.xml
2025-12-13 10:39:47,723 [ERROR] LogOutputStream:75 - [STDERR_REDIRECT] 
2025-12-13 10:41:09,794 [INFO] WebApp:194 - Connection lost
2025-12-13 10:41:23,448 [INFO] WebApp:191 - Connection restablished
2025-12-13 10:43:54,844 [INFO] WebApp:194 - Connection lost
2025-12-13 11:05:53,784 [INFO] WebApp:191 - Connection restablished
2025-12-13 14:25:42,243 [INFO] WebApp:194 - Connection lost
2025-12-13 14:25:52,323 [INFO] WebApp:191 - Connection restablished
2025-12-13 14:29:39,017 [INFO] WebApp:194 - Connection lost
2025-12-13 14:29:51,812 [INFO] WebApp:191 - Connection restablished
2025-12-13 15:28:46,207 [ERROR] LogOutputStream:75 - [STDERR_REDIRECT] Dec 13, 2025 3:28:46 PM java.util.prefs.FileSystemPreferences$6 run
2025-12-13 15:28:46,209 [ERROR] LogOutputStream:75 - [STDERR_REDIRECT] WARNING: Invalid preferences format in /home/lenovo/.java/.userPrefs/com/st/library/analyticscore/prefs.xml
2025-12-13 15:28:46,210 [ERROR] LogOutputStream:75 - [STDERR_REDIRECT] 
2025-12-13 15:29:16,193 [ERROR] LogOutputStream:75 - [STDERR_REDIRECT] Dec 13, 2025 3:29:16 PM java.util.prefs.FileSystemPreferences$6 run
2025-12-13 15:29:16,194 [ERROR] LogOutputStream:75 - [STDERR_REDIRECT] WARNING: Prefs file removed in background /home/lenovo/.java/.userPrefs/com/st/library/analyticscore/prefs.xml
2025-12-13 15:29:16,195 [ERROR] LogOutputStream:75 - [STDERR_REDIRECT] 
2025-12-13 16:08:28,614 [INFO] WebApp:194 - Connection lost
2025-12-13 16:08:39,772 [INFO] WebApp:191 - Connection restablished
2025-12-13 16:22:49,660 [INFO] WebApp:194 - Connection lost
2025-12-13 18:50:43,253 [INFO] WebApp:191 - Connection restablished
2025-12-13 18:50:46,455 [INFO] WebApp:194 - Connection lost
2025-12-13 18:50:46,760 [INFO] WebApp:191 - Connection restablished
2025-12-13 19:18:48,171 [INFO] WebApp:194 - Connection lost
2025-12-13 19:33:33,860 [INFO] WebApp:191 - Connection restablished
2025-12-13 20:30:36,576 [ERROR] LogOutputStream:75 - [STDERR_REDIRECT] Dec 13, 2025 8:30:36 PM java.util.prefs.FileSystemPreferences$6 run
2025-12-13 20:30:36,581 [ERROR] LogOutputStream:75 - [STDERR_REDIRECT] WARNING: Invalid preferences format in /home/lenovo/.java/.userPrefs/com/st/library/analyticscore/prefs.xml
2025-12-13 20:30:36,581 [ERROR] LogOutputStream:75 - [STDERR_REDIRECT] 
2025-12-13 20:31:06,564 [ERROR] LogOutputStream:75 - [STDERR_REDIRECT] Dec 13, 2025 8:31:06 PM java.util.prefs.FileSystemPreferences$6 run
2025-12-13 20:31:06,565 [ERROR] LogOutputStream:75 - [STDERR_REDIRECT] WARNING: Prefs file removed in background /home/lenovo/.java/.userPrefs/com/st/library/analyticscore/prefs.xml
2025-12-13 20:31:06,565 [ERROR] LogOutputStream:75 - [STDERR_REDIRECT] 
2025-12-13 20:40:42,150 [INFO] WebApp:194 - Connection lost
2025-12-13 21:12:27,224 [INFO] WebApp:191 - Connection restablished
2025-12-13 21:12:30,970 [INFO] WebApp:194 - Connection lost
2025-12-13 21:12:31,605 [INFO] WebApp:191 - Connection restablished
2025-12-13 23:14:35,286 [ERROR] LogOutputStream:75 - [STDERR_REDIRECT] Dec 13, 2025 11:14:35 PM java.util.prefs.FileSystemPreferences$6 run
2025-12-13 23:14:35,287 [ERROR] LogOutputStream:75 - [STDERR_REDIRECT] WARNING: Invalid preferences format in /home/lenovo/.java/.userPrefs/com/st/library/analyticscore/prefs.xml
2025-12-13 23:14:35,288 [ERROR] LogOutputStream:75 - [STDERR_REDIRECT] 
2025-12-13 23:14:42,805 [ERROR] LogOutputStream:75 - [STDERR_REDIRECT] 
2025-12-13 23:14:42,806 [ERROR] LogOutputStream:75 - [STDERR_REDIRECT] 
